**Friday 9th of December 2016 09:05:14 AM Operador: abcd
/central/acquisitions/overview.php /var/www/suitesaber.git/htdocs/central/dataentry/wxis/ifp.xis &base=suggestions&cipar=/var/www/suitesaber.git/bases/par/suggestions.par&prefijo=STA_&Opcion=diccionario&path_db=/var/www/suitesaber.git/bases/&syspar=/var/www/suitesaber.git/bases/par/syspar.par
**Friday 9th of December 2016 09:08:03 AM Operador: abcd
/central/dataentry/show.php /var/www/suitesaber.git/htdocs/central/dataentry/wxis/imprime.xis &base=suggestions&cipar=/var/www/suitesaber.git/bases/par/suggestions.par&Expresion=STA_0&Formato=@/var/www/suitesaber.git/bases/suggestions/pfts/pt/suggestions.pft&Total=s&Opcion=buscar&from=1&to=20&path_db=/var/www/suitesaber.git/bases/&syspar=/var/www/suitesaber.git/bases/par/syspar.par
**Friday 9th of December 2016 09:08:05 AM Operador: abcd
/central/dataentry/show.php /var/www/suitesaber.git/htdocs/central/dataentry/wxis/imprime.xis &base=suggestions&cipar=/var/www/suitesaber.git/bases/par/suggestions.par&Expresion=STA_0&Formato=@/var/www/suitesaber.git/bases/suggestions/pfts/pt/suggestions.pft&Total=s&Opcion=buscar&from=1&to=20&path_db=/var/www/suitesaber.git/bases/&syspar=/var/www/suitesaber.git/bases/par/syspar.par
**Friday 9th of December 2016 09:08:08 AM Operador: abcd
/central/acquisitions/suggestions_status.php /var/www/suitesaber.git/htdocs/central/dataentry/wxis/imprime.xis &base=suggestions&cipar=/var/www/suitesaber.git/bases/par/suggestions.par&Expresion=STA_0 &Formato=@/var/www/suitesaber.git/bases/suggestions/pfts/pt/ti.pft,/&Opcion=buscar&path_db=/var/www/suitesaber.git/bases/&syspar=/var/www/suitesaber.git/bases/par/syspar.par
**Friday 9th of December 2016 09:08:12 AM Operador: abcd
/central/acquisitions/bidding.php /var/www/suitesaber.git/htdocs/central/dataentry/wxis/imprime.xis &base=suggestions&cipar=/var/www/suitesaber.git/bases/par/suggestions.par&Expresion=(STA_1 or STA_3)&Formato=@/var/www/suitesaber.git/bases/suggestions/pfts/pt/da_bidding.pft,/&Opcion=buscar&path_db=/var/www/suitesaber.git/bases/&syspar=/var/www/suitesaber.git/bases/par/syspar.par
**Friday 9th of December 2016 09:08:41 AM Operador: abcd
/central/acquisitions/decision.php /var/www/suitesaber.git/htdocs/central/dataentry/wxis/imprime.xis &base=suggestions&cipar=/var/www/suitesaber.git/bases/par/suggestions.par&Expresion=(STA_1 or STA_3 or STA_4)&Formato=@/var/www/suitesaber.git/bases/suggestions/pfts/pt/da_decision.pft,/&Opcion=buscar&path_db=/var/www/suitesaber.git/bases/&syspar=/var/www/suitesaber.git/bases/par/syspar.par
**Friday 9th of December 2016 09:11:03 AM Operador: abcd
/central/acquisitions/decision.php /var/www/suitesaber.git/htdocs/central/dataentry/wxis/imprime.xis &base=suggestions&cipar=/var/www/suitesaber.git/bases/par/suggestions.par&Expresion=(STA_1 or STA_3 or STA_4)&Formato=@/var/www/suitesaber.git/bases/suggestions/pfts/pt/da_decision.pft,/&Opcion=buscar&path_db=/var/www/suitesaber.git/bases/&syspar=/var/www/suitesaber.git/bases/par/syspar.par
**Friday 9th of December 2016 09:12:42 AM Operador: abcd
/central/acquisitions/decision.php /var/www/suitesaber.git/htdocs/central/dataentry/wxis/imprime.xis &base=suggestions&cipar=/var/www/suitesaber.git/bases/par/suggestions.par&Expresion=(STA_1 or STA_3 or STA_4)&Formato=@/var/www/suitesaber.git/bases/suggestions/pfts/pt/da_decision.pft,/&Opcion=buscar&path_db=/var/www/suitesaber.git/bases/&syspar=/var/www/suitesaber.git/bases/par/syspar.par
**Friday 9th of December 2016 09:15:46 AM Operador: abcd
/central/acquisitions/decision.php /var/www/suitesaber.git/htdocs/central/dataentry/wxis/imprime.xis &base=suggestions&cipar=/var/www/suitesaber.git/bases/par/suggestions.par&Expresion=(STA_1 or STA_3 or STA_4)&Formato=@/var/www/suitesaber.git/bases/suggestions/pfts/pt/da_decision.pft,/&Opcion=buscar&path_db=/var/www/suitesaber.git/bases/&syspar=/var/www/suitesaber.git/bases/par/syspar.par
**Friday 9th of December 2016 09:16:00 AM Operador: abcd
/central/acquisitions/decision.php /var/www/suitesaber.git/htdocs/central/dataentry/wxis/imprime.xis &base=suggestions&cipar=/var/www/suitesaber.git/bases/par/suggestions.par&Expresion=(STA_1 or STA_3 or STA_4)&Formato=@/var/www/suitesaber.git/bases/suggestions/pfts/pt/da_decision.pft,/&Opcion=buscar&path_db=/var/www/suitesaber.git/bases/&syspar=/var/www/suitesaber.git/bases/par/syspar.par
**Friday 9th of December 2016 09:16:16 AM Operador: abcd
/central/acquisitions/decision.php /var/www/suitesaber.git/htdocs/central/dataentry/wxis/imprime.xis &base=suggestions&cipar=/var/www/suitesaber.git/bases/par/suggestions.par&Expresion=(STA_1 or STA_3 or STA_4)&Formato=@/var/www/suitesaber.git/bases/suggestions/pfts/pt/da_decision.pft,/&Opcion=buscar&path_db=/var/www/suitesaber.git/bases/&syspar=/var/www/suitesaber.git/bases/par/syspar.par
**Friday 9th of December 2016 09:17:29 AM Operador: abcd
/central/acquisitions/decision.php /var/www/suitesaber.git/htdocs/central/dataentry/wxis/imprime.xis &base=suggestions&cipar=/var/www/suitesaber.git/bases/par/suggestions.par&Expresion=(STA_1 or STA_3 or STA_4)&Formato=@/var/www/suitesaber.git/bases/suggestions/pfts/pt/da_decision.pft,/&Opcion=buscar&path_db=/var/www/suitesaber.git/bases/&syspar=/var/www/suitesaber.git/bases/par/syspar.par
**Friday 9th of December 2016 09:18:07 AM Operador: abcd
/central/acquisitions/decision.php /var/www/suitesaber.git/htdocs/central/dataentry/wxis/imprime.xis &base=suggestions&cipar=/var/www/suitesaber.git/bases/par/suggestions.par&Expresion=(STA_1 or STA_3 or STA_4)&Formato=@/var/www/suitesaber.git/bases/suggestions/pfts/pt/da_decision.pft,/&Opcion=buscar&path_db=/var/www/suitesaber.git/bases/&syspar=/var/www/suitesaber.git/bases/par/syspar.par
**Friday 9th of December 2016 09:18:19 AM Operador: abcd
/central/acquisitions/decision.php /var/www/suitesaber.git/htdocs/central/dataentry/wxis/imprime.xis &base=suggestions&cipar=/var/www/suitesaber.git/bases/par/suggestions.par&Expresion=(STA_1 or STA_3 or STA_4)&Formato=@/var/www/suitesaber.git/bases/suggestions/pfts/pt/da_decision.pft,/&Opcion=buscar&path_db=/var/www/suitesaber.git/bases/&syspar=/var/www/suitesaber.git/bases/par/syspar.par
**Friday 9th of December 2016 09:24:15 AM Operador: abcd
/central/acquisitions/decision.php /var/www/suitesaber.git/htdocs/central/dataentry/wxis/imprime.xis &base=suggestions&cipar=/var/www/suitesaber.git/bases/par/suggestions.par&Expresion=(STA_1 or STA_3 or STA_4)&Formato=@/var/www/suitesaber.git/bases/suggestions/pfts/pt/da_decision.pft,/&Opcion=buscar&path_db=/var/www/suitesaber.git/bases/&syspar=/var/www/suitesaber.git/bases/par/syspar.par
**Friday 9th of December 2016 09:25:34 AM Operador: abcd
/central/acquisitions/decision.php /var/www/suitesaber.git/htdocs/central/dataentry/wxis/imprime.xis &base=suggestions&cipar=/var/www/suitesaber.git/bases/par/suggestions.par&Expresion=(STA_1 or STA_3 or STA_4)&Formato=@/var/www/suitesaber.git/bases/suggestions/pfts/pt/da_decision.pft,/&Opcion=buscar&path_db=/var/www/suitesaber.git/bases/&syspar=/var/www/suitesaber.git/bases/par/syspar.par
**Friday 9th of December 2016 09:40:48 AM Operador: abcd
/central/acquisitions/decision.php /var/www/suitesaber.git/htdocs/central/dataentry/wxis/imprime.xis &base=suggestions&cipar=/var/www/suitesaber.git/bases/par/suggestions.par&Expresion=(STA_1 or STA_3 or STA_4)&Formato=@/var/www/suitesaber.git/bases/suggestions/pfts/pt/da_decision.pft,/&Opcion=buscar&path_db=/var/www/suitesaber.git/bases/&syspar=/var/www/suitesaber.git/bases/par/syspar.par
**Friday 9th of December 2016 09:41:08 AM Operador: abcd
/central/acquisitions/decision.php /var/www/suitesaber.git/htdocs/central/dataentry/wxis/imprime.xis &base=suggestions&cipar=/var/www/suitesaber.git/bases/par/suggestions.par&Expresion=(STA_1 or STA_3 or STA_4)&Formato=@/var/www/suitesaber.git/bases/suggestions/pfts/pt/da_decision.pft,/&Opcion=buscar&path_db=/var/www/suitesaber.git/bases/&syspar=/var/www/suitesaber.git/bases/par/syspar.par
**Friday 9th of December 2016 09:50:17 AM Operador: abcd
/central/acquisitions/decision.php /var/www/suitesaber.git/htdocs/central/dataentry/wxis/imprime.xis &base=suggestions&cipar=/var/www/suitesaber.git/bases/par/suggestions.par&Expresion=(STA_1 or STA_3 or STA_4)&Formato=@/var/www/suitesaber.git/bases/suggestions/pfts/pt/da_decision.pft,/&Opcion=buscar&path_db=/var/www/suitesaber.git/bases/&syspar=/var/www/suitesaber.git/bases/par/syspar.par
**Friday 9th of December 2016 09:52:20 AM Operador: abcd
/central/acquisitions/decision.php /var/www/suitesaber.git/htdocs/central/dataentry/wxis/imprime.xis &base=suggestions&cipar=/var/www/suitesaber.git/bases/par/suggestions.par&Expresion=(STA_1 or STA_3 or STA_4)&Formato=@/var/www/suitesaber.git/bases/suggestions/pfts/pt/da_decision.pft,/&Opcion=buscar&path_db=/var/www/suitesaber.git/bases/&syspar=/var/www/suitesaber.git/bases/par/syspar.par
**Friday 9th of December 2016 09:52:34 AM Operador: abcd
/central/acquisitions/decision.php /var/www/suitesaber.git/htdocs/central/dataentry/wxis/imprime.xis &base=suggestions&cipar=/var/www/suitesaber.git/bases/par/suggestions.par&Expresion=(STA_1 or STA_3 or STA_4)&Formato=@/var/www/suitesaber.git/bases/suggestions/pfts/pt/da_decision.pft,/&Opcion=buscar&path_db=/var/www/suitesaber.git/bases/&syspar=/var/www/suitesaber.git/bases/par/syspar.par
**Friday 9th of December 2016 09:53:02 AM Operador: abcd
/central/acquisitions/decision.php /var/www/suitesaber.git/htdocs/central/dataentry/wxis/imprime.xis &base=suggestions&cipar=/var/www/suitesaber.git/bases/par/suggestions.par&Expresion=(STA_1 or STA_3 or STA_4)&Formato=@/var/www/suitesaber.git/bases/suggestions/pfts/pt/da_decision.pft,/&Opcion=buscar&path_db=/var/www/suitesaber.git/bases/&syspar=/var/www/suitesaber.git/bases/par/syspar.par
**Friday 9th of December 2016 10:09:10 AM Operador: abcd
/central/acquisitions/decision.php /var/www/suitesaber.git/htdocs/central/dataentry/wxis/imprime.xis &base=suggestions&cipar=/var/www/suitesaber.git/bases/par/suggestions.par&Expresion=(STA_1 or STA_3 or STA_4)&Formato=@/var/www/suitesaber.git/bases/suggestions/pfts/pt/da_decision.pft,/&Opcion=buscar&path_db=/var/www/suitesaber.git/bases/&syspar=/var/www/suitesaber.git/bases/par/syspar.par
**Friday 9th of December 2016 10:09:45 AM Operador: abcd
/central/acquisitions/decision.php /var/www/suitesaber.git/htdocs/central/dataentry/wxis/imprime.xis &base=suggestions&cipar=/var/www/suitesaber.git/bases/par/suggestions.par&Expresion=(STA_1 or STA_3 or STA_4)&Formato=@/var/www/suitesaber.git/bases/suggestions/pfts/pt/da_decision.pft,/&Opcion=buscar&path_db=/var/www/suitesaber.git/bases/&syspar=/var/www/suitesaber.git/bases/par/syspar.par
**Friday 9th of December 2016 10:09:49 AM Operador: abcd
/central/acquisitions/decision_ex.php /var/www/suitesaber.git/htdocs/central/dataentry/wxis/lock.xis &base=suggestions&cipar=/var/www/suitesaber.git/bases/par/suggestions.par&Mfn=1&login=abcd&lock=S&path_db=/var/www/suitesaber.git/bases/&syspar=/var/www/suitesaber.git/bases/par/syspar.par
**Friday 9th of December 2016 10:09:49 AM Operador: abcd
/central/acquisitions/decision_ex.php /var/www/suitesaber.git/htdocs/central/dataentry/wxis/leer.xis &base=suggestions&cipar=/var/www/suitesaber.git/bases/par/suggestions.par&Mfn=1&Opcion=editar&login=abcd&Pft=(if p(v1) then '1 'v1'____$$$' fi),(if p(v2) then '2 'v2'____$$$' fi),(if p(v10) then '10 'v10'____$$$' fi),(if p(v3) then '3 'v3'____$$$' fi),(if p(v4) then '4 'v4'____$$$' fi),(if p(v5) then '5 'v5'____$$$' fi),(if p(v6) then '6 'v6'____$$$' fi),(if p(v16) then '16 'v16'____$$$' fi),(if p(v17) then '17 'v17'____$$$' fi),(if p(v18) then '18 'v18'____$$$' fi),(if p(v21) then '21 'v21'____$$$' fi),(if p(v22) then '22 'v22'____$$$' fi),(if p(v29) then '29 'v29'____$$$' fi),(if p(v30) then '30 'v30'____$$$' fi),(if p(v31) then '31 'v31'____$$$' fi),(if p(v32) then '32 'v32'____$$$' fi),(if p(v35) then '35 'v35'____$$$' fi),(if p(v47) then '47 'v47'____$$$' fi),(if p(v38) then '38 'v38'____$$$' fi),(if p(v39) then '39 'v39'____$$$' fi),(if p(v40) then '40 'v40'____$$$' fi),(if p(v41) then '41 'v41'____$$$' fi),(if p(v200) then '200 'v200'____$$$' fi),(if p(v210) then '210 'v210'____$$$' fi),(if p(v211) then '211 'v211'____$$$' fi),(if p(v220) then '220 'v220'____$$$' fi),(if p(v230) then '230 'v230'____$$$' fi),(if p(v231) then '231 'v231'____$$$' fi),(if p(v240) then '240 'v240'____$$$' fi),(if p(v250) then '250 'v250'____$$$' fi),(if p(v300) then '300 'v300'____$$$' fi),(if p(v330) then '330 'v330'____$$$' fi),(if p(v331) then '331 'v331'____$$$' fi),&lock=S&path_db=/var/www/suitesaber.git/bases/&syspar=/var/www/suitesaber.git/bases/par/syspar.par
**Friday 9th of December 2016 10:09:53 AM Operador: abcd
/central/acquisitions/decision.php /var/www/suitesaber.git/htdocs/central/dataentry/wxis/imprime.xis &base=suggestions&cipar=/var/www/suitesaber.git/bases/par/suggestions.par&Expresion=(STA_1 or STA_3 or STA_4)&Formato=@/var/www/suitesaber.git/bases/suggestions/pfts/pt/da_decision.pft,/&Opcion=buscar&path_db=/var/www/suitesaber.git/bases/&syspar=/var/www/suitesaber.git/bases/par/syspar.par
**Friday 9th of December 2016 10:10:23 AM Operador: abcd
/central/acquisitions/decision.php /var/www/suitesaber.git/htdocs/central/dataentry/wxis/imprime.xis &base=suggestions&cipar=/var/www/suitesaber.git/bases/par/suggestions.par&Expresion=(STA_1 or STA_3 or STA_4)&Formato=@/var/www/suitesaber.git/bases/suggestions/pfts/pt/da_decision.pft,/&Opcion=buscar&path_db=/var/www/suitesaber.git/bases/&syspar=/var/www/suitesaber.git/bases/par/syspar.par
**Friday 9th of December 2016 10:10:44 AM Operador: abcd
/central/acquisitions/decision.php /var/www/suitesaber.git/htdocs/central/dataentry/wxis/imprime.xis &base=suggestions&cipar=/var/www/suitesaber.git/bases/par/suggestions.par&Expresion=(STA_1 or STA_3 or STA_4)&Formato=@/var/www/suitesaber.git/bases/suggestions/pfts/pt/da_decision.pft,/&Opcion=buscar&path_db=/var/www/suitesaber.git/bases/&syspar=/var/www/suitesaber.git/bases/par/syspar.par
**Friday 9th of December 2016 10:11:01 AM Operador: abcd
/central/acquisitions/decision_ex.php /var/www/suitesaber.git/htdocs/central/dataentry/wxis/lock.xis &base=suggestions&cipar=/var/www/suitesaber.git/bases/par/suggestions.par&Mfn=1&login=abcd&lock=S&path_db=/var/www/suitesaber.git/bases/&syspar=/var/www/suitesaber.git/bases/par/syspar.par
**Friday 9th of December 2016 10:11:01 AM Operador: abcd
/central/acquisitions/decision_ex.php /var/www/suitesaber.git/htdocs/central/dataentry/wxis/leer.xis &base=suggestions&cipar=/var/www/suitesaber.git/bases/par/suggestions.par&Mfn=1&Opcion=editar&login=abcd&Pft=(if p(v1) then '1 'v1'____$$$' fi),(if p(v2) then '2 'v2'____$$$' fi),(if p(v10) then '10 'v10'____$$$' fi),(if p(v3) then '3 'v3'____$$$' fi),(if p(v4) then '4 'v4'____$$$' fi),(if p(v5) then '5 'v5'____$$$' fi),(if p(v6) then '6 'v6'____$$$' fi),(if p(v16) then '16 'v16'____$$$' fi),(if p(v17) then '17 'v17'____$$$' fi),(if p(v18) then '18 'v18'____$$$' fi),(if p(v21) then '21 'v21'____$$$' fi),(if p(v22) then '22 'v22'____$$$' fi),(if p(v29) then '29 'v29'____$$$' fi),(if p(v30) then '30 'v30'____$$$' fi),(if p(v31) then '31 'v31'____$$$' fi),(if p(v32) then '32 'v32'____$$$' fi),(if p(v35) then '35 'v35'____$$$' fi),(if p(v47) then '47 'v47'____$$$' fi),(if p(v38) then '38 'v38'____$$$' fi),(if p(v39) then '39 'v39'____$$$' fi),(if p(v40) then '40 'v40'____$$$' fi),(if p(v41) then '41 'v41'____$$$' fi),(if p(v200) then '200 'v200'____$$$' fi),(if p(v210) then '210 'v210'____$$$' fi),(if p(v211) then '211 'v211'____$$$' fi),(if p(v220) then '220 'v220'____$$$' fi),(if p(v230) then '230 'v230'____$$$' fi),(if p(v231) then '231 'v231'____$$$' fi),(if p(v240) then '240 'v240'____$$$' fi),(if p(v250) then '250 'v250'____$$$' fi),(if p(v300) then '300 'v300'____$$$' fi),(if p(v330) then '330 'v330'____$$$' fi),(if p(v331) then '331 'v331'____$$$' fi),&lock=S&path_db=/var/www/suitesaber.git/bases/&syspar=/var/www/suitesaber.git/bases/par/syspar.par
**Friday 9th of December 2016 10:18:31 AM Operador: abcd
/central/acquisitions/decision_ex.php /var/www/suitesaber.git/htdocs/central/dataentry/wxis/lock.xis &base=suggestions&cipar=/var/www/suitesaber.git/bases/par/suggestions.par&Mfn=1&login=abcd&lock=S&path_db=/var/www/suitesaber.git/bases/&syspar=/var/www/suitesaber.git/bases/par/syspar.par
**Friday 9th of December 2016 10:18:31 AM Operador: abcd
/central/acquisitions/decision_ex.php /var/www/suitesaber.git/htdocs/central/dataentry/wxis/leer.xis &base=suggestions&cipar=/var/www/suitesaber.git/bases/par/suggestions.par&Mfn=1&Opcion=editar&login=abcd&Pft=(if p(v1) then '1 'v1'____$$$' fi),(if p(v2) then '2 'v2'____$$$' fi),(if p(v10) then '10 'v10'____$$$' fi),(if p(v3) then '3 'v3'____$$$' fi),(if p(v4) then '4 'v4'____$$$' fi),(if p(v5) then '5 'v5'____$$$' fi),(if p(v6) then '6 'v6'____$$$' fi),(if p(v16) then '16 'v16'____$$$' fi),(if p(v17) then '17 'v17'____$$$' fi),(if p(v18) then '18 'v18'____$$$' fi),(if p(v21) then '21 'v21'____$$$' fi),(if p(v22) then '22 'v22'____$$$' fi),(if p(v29) then '29 'v29'____$$$' fi),(if p(v30) then '30 'v30'____$$$' fi),(if p(v31) then '31 'v31'____$$$' fi),(if p(v32) then '32 'v32'____$$$' fi),(if p(v35) then '35 'v35'____$$$' fi),(if p(v47) then '47 'v47'____$$$' fi),(if p(v38) then '38 'v38'____$$$' fi),(if p(v39) then '39 'v39'____$$$' fi),(if p(v40) then '40 'v40'____$$$' fi),(if p(v41) then '41 'v41'____$$$' fi),(if p(v200) then '200 'v200'____$$$' fi),(if p(v210) then '210 'v210'____$$$' fi),(if p(v211) then '211 'v211'____$$$' fi),(if p(v220) then '220 'v220'____$$$' fi),(if p(v230) then '230 'v230'____$$$' fi),(if p(v231) then '231 'v231'____$$$' fi),(if p(v240) then '240 'v240'____$$$' fi),(if p(v250) then '250 'v250'____$$$' fi),(if p(v300) then '300 'v300'____$$$' fi),(if p(v330) then '330 'v330'____$$$' fi),(if p(v331) then '331 'v331'____$$$' fi),&lock=S&path_db=/var/www/suitesaber.git/bases/&syspar=/var/www/suitesaber.git/bases/par/syspar.par
**Friday 9th of December 2016 10:18:54 AM Operador: abcd
/central/acquisitions/decision_ex.php /var/www/suitesaber.git/htdocs/central/dataentry/wxis/lock.xis &base=suggestions&cipar=/var/www/suitesaber.git/bases/par/suggestions.par&Mfn=1&login=abcd&lock=S&path_db=/var/www/suitesaber.git/bases/&syspar=/var/www/suitesaber.git/bases/par/syspar.par
**Friday 9th of December 2016 10:18:54 AM Operador: abcd
/central/acquisitions/decision_ex.php /var/www/suitesaber.git/htdocs/central/dataentry/wxis/leer.xis &base=suggestions&cipar=/var/www/suitesaber.git/bases/par/suggestions.par&Mfn=1&Opcion=editar&login=abcd&Pft=(if p(v1) then '1 'v1'____$$$' fi),(if p(v2) then '2 'v2'____$$$' fi),(if p(v10) then '10 'v10'____$$$' fi),(if p(v3) then '3 'v3'____$$$' fi),(if p(v4) then '4 'v4'____$$$' fi),(if p(v5) then '5 'v5'____$$$' fi),(if p(v6) then '6 'v6'____$$$' fi),(if p(v16) then '16 'v16'____$$$' fi),(if p(v17) then '17 'v17'____$$$' fi),(if p(v18) then '18 'v18'____$$$' fi),(if p(v21) then '21 'v21'____$$$' fi),(if p(v22) then '22 'v22'____$$$' fi),(if p(v29) then '29 'v29'____$$$' fi),(if p(v30) then '30 'v30'____$$$' fi),(if p(v31) then '31 'v31'____$$$' fi),(if p(v32) then '32 'v32'____$$$' fi),(if p(v35) then '35 'v35'____$$$' fi),(if p(v47) then '47 'v47'____$$$' fi),(if p(v38) then '38 'v38'____$$$' fi),(if p(v39) then '39 'v39'____$$$' fi),(if p(v40) then '40 'v40'____$$$' fi),(if p(v41) then '41 'v41'____$$$' fi),(if p(v200) then '200 'v200'____$$$' fi),(if p(v210) then '210 'v210'____$$$' fi),(if p(v211) then '211 'v211'____$$$' fi),(if p(v220) then '220 'v220'____$$$' fi),(if p(v230) then '230 'v230'____$$$' fi),(if p(v231) then '231 'v231'____$$$' fi),(if p(v240) then '240 'v240'____$$$' fi),(if p(v250) then '250 'v250'____$$$' fi),(if p(v300) then '300 'v300'____$$$' fi),(if p(v330) then '330 'v330'____$$$' fi),(if p(v331) then '331 'v331'____$$$' fi),&lock=S&path_db=/var/www/suitesaber.git/bases/&syspar=/var/www/suitesaber.git/bases/par/syspar.par
**Friday 9th of December 2016 10:19:27 AM Operador: abcd
/central/acquisitions/decision_ex.php /var/www/suitesaber.git/htdocs/central/dataentry/wxis/lock.xis &base=suggestions&cipar=/var/www/suitesaber.git/bases/par/suggestions.par&Mfn=1&login=abcd&lock=S&path_db=/var/www/suitesaber.git/bases/&syspar=/var/www/suitesaber.git/bases/par/syspar.par
**Friday 9th of December 2016 10:19:27 AM Operador: abcd
/central/acquisitions/decision_ex.php /var/www/suitesaber.git/htdocs/central/dataentry/wxis/leer.xis &base=suggestions&cipar=/var/www/suitesaber.git/bases/par/suggestions.par&Mfn=1&Opcion=editar&login=abcd&Pft=(if p(v1) then '1 'v1'____$$$' fi),(if p(v2) then '2 'v2'____$$$' fi),(if p(v10) then '10 'v10'____$$$' fi),(if p(v3) then '3 'v3'____$$$' fi),(if p(v4) then '4 'v4'____$$$' fi),(if p(v5) then '5 'v5'____$$$' fi),(if p(v6) then '6 'v6'____$$$' fi),(if p(v16) then '16 'v16'____$$$' fi),(if p(v17) then '17 'v17'____$$$' fi),(if p(v18) then '18 'v18'____$$$' fi),(if p(v21) then '21 'v21'____$$$' fi),(if p(v22) then '22 'v22'____$$$' fi),(if p(v29) then '29 'v29'____$$$' fi),(if p(v30) then '30 'v30'____$$$' fi),(if p(v31) then '31 'v31'____$$$' fi),(if p(v32) then '32 'v32'____$$$' fi),(if p(v35) then '35 'v35'____$$$' fi),(if p(v47) then '47 'v47'____$$$' fi),(if p(v38) then '38 'v38'____$$$' fi),(if p(v39) then '39 'v39'____$$$' fi),(if p(v40) then '40 'v40'____$$$' fi),(if p(v41) then '41 'v41'____$$$' fi),(if p(v200) then '200 'v200'____$$$' fi),(if p(v210) then '210 'v210'____$$$' fi),(if p(v211) then '211 'v211'____$$$' fi),(if p(v220) then '220 'v220'____$$$' fi),(if p(v230) then '230 'v230'____$$$' fi),(if p(v231) then '231 'v231'____$$$' fi),(if p(v240) then '240 'v240'____$$$' fi),(if p(v250) then '250 'v250'____$$$' fi),(if p(v300) then '300 'v300'____$$$' fi),(if p(v330) then '330 'v330'____$$$' fi),(if p(v331) then '331 'v331'____$$$' fi),&lock=S&path_db=/var/www/suitesaber.git/bases/&syspar=/var/www/suitesaber.git/bases/par/syspar.par
**Friday 9th of December 2016 10:23:54 AM Operador: abcd
/central/acquisitions/decision_ex.php /var/www/suitesaber.git/htdocs/central/dataentry/wxis/lock.xis &base=suggestions&cipar=/var/www/suitesaber.git/bases/par/suggestions.par&Mfn=1&login=abcd&lock=S&path_db=/var/www/suitesaber.git/bases/&syspar=/var/www/suitesaber.git/bases/par/syspar.par
**Friday 9th of December 2016 10:23:54 AM Operador: abcd
/central/acquisitions/decision_ex.php /var/www/suitesaber.git/htdocs/central/dataentry/wxis/leer.xis &base=suggestions&cipar=/var/www/suitesaber.git/bases/par/suggestions.par&Mfn=1&Opcion=editar&login=abcd&Pft=(if p(v1) then '1 'v1'____$$$' fi),(if p(v2) then '2 'v2'____$$$' fi),(if p(v10) then '10 'v10'____$$$' fi),(if p(v3) then '3 'v3'____$$$' fi),(if p(v4) then '4 'v4'____$$$' fi),(if p(v5) then '5 'v5'____$$$' fi),(if p(v6) then '6 'v6'____$$$' fi),(if p(v16) then '16 'v16'____$$$' fi),(if p(v17) then '17 'v17'____$$$' fi),(if p(v18) then '18 'v18'____$$$' fi),(if p(v21) then '21 'v21'____$$$' fi),(if p(v22) then '22 'v22'____$$$' fi),(if p(v29) then '29 'v29'____$$$' fi),(if p(v30) then '30 'v30'____$$$' fi),(if p(v31) then '31 'v31'____$$$' fi),(if p(v32) then '32 'v32'____$$$' fi),(if p(v35) then '35 'v35'____$$$' fi),(if p(v47) then '47 'v47'____$$$' fi),(if p(v38) then '38 'v38'____$$$' fi),(if p(v39) then '39 'v39'____$$$' fi),(if p(v40) then '40 'v40'____$$$' fi),(if p(v41) then '41 'v41'____$$$' fi),(if p(v200) then '200 'v200'____$$$' fi),(if p(v210) then '210 'v210'____$$$' fi),(if p(v211) then '211 'v211'____$$$' fi),(if p(v220) then '220 'v220'____$$$' fi),(if p(v230) then '230 'v230'____$$$' fi),(if p(v231) then '231 'v231'____$$$' fi),(if p(v240) then '240 'v240'____$$$' fi),(if p(v250) then '250 'v250'____$$$' fi),(if p(v300) then '300 'v300'____$$$' fi),(if p(v330) then '330 'v330'____$$$' fi),(if p(v331) then '331 'v331'____$$$' fi),&lock=S&path_db=/var/www/suitesaber.git/bases/&syspar=/var/www/suitesaber.git/bases/par/syspar.par
**Friday 9th of December 2016 10:25:18 AM Operador: abcd
/central/acquisitions/decision_ex.php /var/www/suitesaber.git/htdocs/central/dataentry/wxis/lock.xis &base=suggestions&cipar=/var/www/suitesaber.git/bases/par/suggestions.par&Mfn=1&login=abcd&lock=S&path_db=/var/www/suitesaber.git/bases/&syspar=/var/www/suitesaber.git/bases/par/syspar.par
**Friday 9th of December 2016 10:25:18 AM Operador: abcd
/central/acquisitions/decision_ex.php /var/www/suitesaber.git/htdocs/central/dataentry/wxis/leer.xis &base=suggestions&cipar=/var/www/suitesaber.git/bases/par/suggestions.par&Mfn=1&Opcion=editar&login=abcd&Pft=(if p(v1) then '1 'v1'____$$$' fi),(if p(v2) then '2 'v2'____$$$' fi),(if p(v10) then '10 'v10'____$$$' fi),(if p(v3) then '3 'v3'____$$$' fi),(if p(v4) then '4 'v4'____$$$' fi),(if p(v5) then '5 'v5'____$$$' fi),(if p(v6) then '6 'v6'____$$$' fi),(if p(v16) then '16 'v16'____$$$' fi),(if p(v17) then '17 'v17'____$$$' fi),(if p(v18) then '18 'v18'____$$$' fi),(if p(v21) then '21 'v21'____$$$' fi),(if p(v22) then '22 'v22'____$$$' fi),(if p(v29) then '29 'v29'____$$$' fi),(if p(v30) then '30 'v30'____$$$' fi),(if p(v31) then '31 'v31'____$$$' fi),(if p(v32) then '32 'v32'____$$$' fi),(if p(v35) then '35 'v35'____$$$' fi),(if p(v47) then '47 'v47'____$$$' fi),(if p(v38) then '38 'v38'____$$$' fi),(if p(v39) then '39 'v39'____$$$' fi),(if p(v40) then '40 'v40'____$$$' fi),(if p(v41) then '41 'v41'____$$$' fi),(if p(v200) then '200 'v200'____$$$' fi),(if p(v210) then '210 'v210'____$$$' fi),(if p(v211) then '211 'v211'____$$$' fi),(if p(v220) then '220 'v220'____$$$' fi),(if p(v230) then '230 'v230'____$$$' fi),(if p(v231) then '231 'v231'____$$$' fi),(if p(v240) then '240 'v240'____$$$' fi),(if p(v250) then '250 'v250'____$$$' fi),(if p(v300) then '300 'v300'____$$$' fi),(if p(v330) then '330 'v330'____$$$' fi),(if p(v331) then '331 'v331'____$$$' fi),&lock=S&path_db=/var/www/suitesaber.git/bases/&syspar=/var/www/suitesaber.git/bases/par/syspar.par
**Friday 9th of December 2016 10:25:27 AM Operador: abcd
/central/dataentry/show.php /var/www/suitesaber.git/htdocs/central/dataentry/wxis/imprime.xis &base=suggestions&cipar=/var/www/suitesaber.git/bases/par/suggestions.par&from=1&to=1&Formato=@/var/www/suitesaber.git/bases/suggestions/pfts/pt/suggestions.pft&Opcion=rango&path_db=/var/www/suitesaber.git/bases/&syspar=/var/www/suitesaber.git/bases/par/syspar.par
**Friday 9th of December 2016 10:25:30 AM Operador: abcd
/central/dataentry/show.php /var/www/suitesaber.git/htdocs/central/dataentry/wxis/imprime.xis &base=suggestions&cipar=/var/www/suitesaber.git/bases/par/suggestions.par&Formato=@/var/www/suitesaber.git/bases/suggestions/pfts/pt/suggestions.pft&Total=s&Opcion=buscar&from=1&to=20&path_db=/var/www/suitesaber.git/bases/&syspar=/var/www/suitesaber.git/bases/par/syspar.par
**Friday 9th of December 2016 10:26:15 AM Operador: abcd
/central/acquisitions/decision_ex.php /var/www/suitesaber.git/htdocs/central/dataentry/wxis/lock.xis &base=suggestions&cipar=/var/www/suitesaber.git/bases/par/suggestions.par&Mfn=1&login=abcd&lock=S&path_db=/var/www/suitesaber.git/bases/&syspar=/var/www/suitesaber.git/bases/par/syspar.par
**Friday 9th of December 2016 10:26:15 AM Operador: abcd
/central/acquisitions/decision_ex.php /var/www/suitesaber.git/htdocs/central/dataentry/wxis/leer.xis &base=suggestions&cipar=/var/www/suitesaber.git/bases/par/suggestions.par&Mfn=1&Opcion=editar&login=abcd&Pft=(if p(v1) then '1 'v1'____$$$' fi),(if p(v2) then '2 'v2'____$$$' fi),(if p(v10) then '10 'v10'____$$$' fi),(if p(v3) then '3 'v3'____$$$' fi),(if p(v4) then '4 'v4'____$$$' fi),(if p(v5) then '5 'v5'____$$$' fi),(if p(v6) then '6 'v6'____$$$' fi),(if p(v16) then '16 'v16'____$$$' fi),(if p(v17) then '17 'v17'____$$$' fi),(if p(v18) then '18 'v18'____$$$' fi),(if p(v21) then '21 'v21'____$$$' fi),(if p(v22) then '22 'v22'____$$$' fi),(if p(v29) then '29 'v29'____$$$' fi),(if p(v30) then '30 'v30'____$$$' fi),(if p(v31) then '31 'v31'____$$$' fi),(if p(v32) then '32 'v32'____$$$' fi),(if p(v35) then '35 'v35'____$$$' fi),(if p(v47) then '47 'v47'____$$$' fi),(if p(v38) then '38 'v38'____$$$' fi),(if p(v39) then '39 'v39'____$$$' fi),(if p(v40) then '40 'v40'____$$$' fi),(if p(v41) then '41 'v41'____$$$' fi),(if p(v200) then '200 'v200'____$$$' fi),(if p(v210) then '210 'v210'____$$$' fi),(if p(v211) then '211 'v211'____$$$' fi),(if p(v220) then '220 'v220'____$$$' fi),(if p(v230) then '230 'v230'____$$$' fi),(if p(v231) then '231 'v231'____$$$' fi),(if p(v240) then '240 'v240'____$$$' fi),(if p(v250) then '250 'v250'____$$$' fi),(if p(v300) then '300 'v300'____$$$' fi),(if p(v330) then '330 'v330'____$$$' fi),(if p(v331) then '331 'v331'____$$$' fi),&lock=S&path_db=/var/www/suitesaber.git/bases/&syspar=/var/www/suitesaber.git/bases/par/syspar.par
**Friday 9th of December 2016 10:26:47 AM Operador: abcd
/central/acquisitions/decision_ex.php /var/www/suitesaber.git/htdocs/central/dataentry/wxis/lock.xis &base=suggestions&cipar=/var/www/suitesaber.git/bases/par/suggestions.par&Mfn=1&login=abcd&lock=S&path_db=/var/www/suitesaber.git/bases/&syspar=/var/www/suitesaber.git/bases/par/syspar.par
**Friday 9th of December 2016 10:26:47 AM Operador: abcd
/central/acquisitions/decision_ex.php /var/www/suitesaber.git/htdocs/central/dataentry/wxis/leer.xis &base=suggestions&cipar=/var/www/suitesaber.git/bases/par/suggestions.par&Mfn=1&Opcion=editar&login=abcd&Pft=(if p(v1) then '1 'v1'____$$$' fi),(if p(v2) then '2 'v2'____$$$' fi),(if p(v10) then '10 'v10'____$$$' fi),(if p(v3) then '3 'v3'____$$$' fi),(if p(v4) then '4 'v4'____$$$' fi),(if p(v5) then '5 'v5'____$$$' fi),(if p(v6) then '6 'v6'____$$$' fi),(if p(v16) then '16 'v16'____$$$' fi),(if p(v17) then '17 'v17'____$$$' fi),(if p(v18) then '18 'v18'____$$$' fi),(if p(v21) then '21 'v21'____$$$' fi),(if p(v22) then '22 'v22'____$$$' fi),(if p(v29) then '29 'v29'____$$$' fi),(if p(v30) then '30 'v30'____$$$' fi),(if p(v31) then '31 'v31'____$$$' fi),(if p(v32) then '32 'v32'____$$$' fi),(if p(v35) then '35 'v35'____$$$' fi),(if p(v47) then '47 'v47'____$$$' fi),(if p(v38) then '38 'v38'____$$$' fi),(if p(v39) then '39 'v39'____$$$' fi),(if p(v40) then '40 'v40'____$$$' fi),(if p(v41) then '41 'v41'____$$$' fi),(if p(v200) then '200 'v200'____$$$' fi),(if p(v210) then '210 'v210'____$$$' fi),(if p(v211) then '211 'v211'____$$$' fi),(if p(v220) then '220 'v220'____$$$' fi),(if p(v230) then '230 'v230'____$$$' fi),(if p(v231) then '231 'v231'____$$$' fi),(if p(v240) then '240 'v240'____$$$' fi),(if p(v250) then '250 'v250'____$$$' fi),(if p(v300) then '300 'v300'____$$$' fi),(if p(v330) then '330 'v330'____$$$' fi),(if p(v331) then '331 'v331'____$$$' fi),&lock=S&path_db=/var/www/suitesaber.git/bases/&syspar=/var/www/suitesaber.git/bases/par/syspar.par
**Friday 9th of December 2016 10:27:04 AM Operador: abcd
/central/acquisitions/decision.php /var/www/suitesaber.git/htdocs/central/dataentry/wxis/imprime.xis &base=suggestions&cipar=/var/www/suitesaber.git/bases/par/suggestions.par&Expresion=(STA_1 or STA_3 or STA_4)&Formato=@/var/www/suitesaber.git/bases/suggestions/pfts/pt/da_decision.pft,/&Opcion=buscar&path_db=/var/www/suitesaber.git/bases/&syspar=/var/www/suitesaber.git/bases/par/syspar.par
**Friday 9th of December 2016 10:27:07 AM Operador: abcd
/central/acquisitions/decision.php /var/www/suitesaber.git/htdocs/central/dataentry/wxis/imprime.xis &base=suggestions&cipar=/var/www/suitesaber.git/bases/par/suggestions.par&Expresion=(STA_1 or STA_3 or STA_4)&Formato=@/var/www/suitesaber.git/bases/suggestions/pfts/pt/da_decision.pft,/&Opcion=buscar&path_db=/var/www/suitesaber.git/bases/&syspar=/var/www/suitesaber.git/bases/par/syspar.par
**Friday 9th of December 2016 10:27:09 AM Operador: abcd
/central/acquisitions/decision_ex.php /var/www/suitesaber.git/htdocs/central/dataentry/wxis/lock.xis &base=suggestions&cipar=/var/www/suitesaber.git/bases/par/suggestions.par&Mfn=1&login=abcd&lock=S&path_db=/var/www/suitesaber.git/bases/&syspar=/var/www/suitesaber.git/bases/par/syspar.par
**Friday 9th of December 2016 10:27:09 AM Operador: abcd
/central/acquisitions/decision_ex.php /var/www/suitesaber.git/htdocs/central/dataentry/wxis/leer.xis &base=suggestions&cipar=/var/www/suitesaber.git/bases/par/suggestions.par&Mfn=1&Opcion=editar&login=abcd&Pft=(if p(v1) then '1 'v1'____$$$' fi),(if p(v2) then '2 'v2'____$$$' fi),(if p(v10) then '10 'v10'____$$$' fi),(if p(v3) then '3 'v3'____$$$' fi),(if p(v4) then '4 'v4'____$$$' fi),(if p(v5) then '5 'v5'____$$$' fi),(if p(v6) then '6 'v6'____$$$' fi),(if p(v16) then '16 'v16'____$$$' fi),(if p(v17) then '17 'v17'____$$$' fi),(if p(v18) then '18 'v18'____$$$' fi),(if p(v21) then '21 'v21'____$$$' fi),(if p(v22) then '22 'v22'____$$$' fi),(if p(v29) then '29 'v29'____$$$' fi),(if p(v30) then '30 'v30'____$$$' fi),(if p(v31) then '31 'v31'____$$$' fi),(if p(v32) then '32 'v32'____$$$' fi),(if p(v35) then '35 'v35'____$$$' fi),(if p(v47) then '47 'v47'____$$$' fi),(if p(v38) then '38 'v38'____$$$' fi),(if p(v39) then '39 'v39'____$$$' fi),(if p(v40) then '40 'v40'____$$$' fi),(if p(v41) then '41 'v41'____$$$' fi),(if p(v200) then '200 'v200'____$$$' fi),(if p(v210) then '210 'v210'____$$$' fi),(if p(v211) then '211 'v211'____$$$' fi),(if p(v220) then '220 'v220'____$$$' fi),(if p(v230) then '230 'v230'____$$$' fi),(if p(v231) then '231 'v231'____$$$' fi),(if p(v240) then '240 'v240'____$$$' fi),(if p(v250) then '250 'v250'____$$$' fi),(if p(v300) then '300 'v300'____$$$' fi),(if p(v330) then '330 'v330'____$$$' fi),(if p(v331) then '331 'v331'____$$$' fi),&lock=S&path_db=/var/www/suitesaber.git/bases/&syspar=/var/www/suitesaber.git/bases/par/syspar.par
**Friday 9th of December 2016 10:28:52 AM Operador: abcd
/central/acquisitions/overview.php /var/www/suitesaber.git/htdocs/central/dataentry/wxis/ifp.xis &base=suggestions&cipar=/var/www/suitesaber.git/bases/par/suggestions.par&prefijo=STA_&Opcion=diccionario&path_db=/var/www/suitesaber.git/bases/&syspar=/var/www/suitesaber.git/bases/par/syspar.par
**Friday 9th of December 2016 10:28:55 AM Operador: abcd
/central/acquisitions/suggestions_status.php /var/www/suitesaber.git/htdocs/central/dataentry/wxis/imprime.xis &base=suggestions&cipar=/var/www/suitesaber.git/bases/par/suggestions.par&Expresion=STA_0 &Formato=@/var/www/suitesaber.git/bases/suggestions/pfts/pt/ti.pft,/&Opcion=buscar&path_db=/var/www/suitesaber.git/bases/&syspar=/var/www/suitesaber.git/bases/par/syspar.par
**Friday 9th of December 2016 10:28:58 AM Operador: abcd
/central/acquisitions/bidding.php /var/www/suitesaber.git/htdocs/central/dataentry/wxis/imprime.xis &base=suggestions&cipar=/var/www/suitesaber.git/bases/par/suggestions.par&Expresion=(STA_1 or STA_3)&Formato=@/var/www/suitesaber.git/bases/suggestions/pfts/pt/da_bidding.pft,/&Opcion=buscar&path_db=/var/www/suitesaber.git/bases/&syspar=/var/www/suitesaber.git/bases/par/syspar.par
**Friday 9th of December 2016 10:28:59 AM Operador: abcd
/central/acquisitions/decision.php /var/www/suitesaber.git/htdocs/central/dataentry/wxis/imprime.xis &base=suggestions&cipar=/var/www/suitesaber.git/bases/par/suggestions.par&Expresion=(STA_1 or STA_3 or STA_4)&Formato=@/var/www/suitesaber.git/bases/suggestions/pfts/pt/da_decision.pft,/&Opcion=buscar&path_db=/var/www/suitesaber.git/bases/&syspar=/var/www/suitesaber.git/bases/par/syspar.par
**Friday 9th of December 2016 10:29:01 AM Operador: abcd
/central/dataentry/show.php /var/www/suitesaber.git/htdocs/central/dataentry/wxis/imprime.xis &base=suggestions&cipar=/var/www/suitesaber.git/bases/par/suggestions.par&from=1&to=1&Formato=@/var/www/suitesaber.git/bases/suggestions/pfts/pt/suggestions.pft&Opcion=rango&path_db=/var/www/suitesaber.git/bases/&syspar=/var/www/suitesaber.git/bases/par/syspar.par
**Friday 9th of December 2016 10:41:36 AM Operador: abcd
/central/acquisitions/order.php /var/www/suitesaber.git/htdocs/central/dataentry/wxis/imprime.xis &base=suggestions&cipar=/var/www/suitesaber.git/bases/par/suggestions.par&Expresion=STA_4&Formato=@/var/www/suitesaber.git/bases/suggestions/pfts/pt/pv_order.pft,/&Opcion=buscar&path_db=/var/www/suitesaber.git/bases/&syspar=/var/www/suitesaber.git/bases/par/syspar.par
**Friday 9th of December 2016 10:42:22 AM Operador: abcd
/central/acquisitions/order.php /var/www/suitesaber.git/htdocs/central/dataentry/wxis/imprime.xis &base=suggestions&cipar=/var/www/suitesaber.git/bases/par/suggestions.par&Expresion=STA_4&Formato=@/var/www/suitesaber.git/bases/suggestions/pfts/pt/pv_order.pft,/&Opcion=buscar&path_db=/var/www/suitesaber.git/bases/&syspar=/var/www/suitesaber.git/bases/par/syspar.par
**Friday 9th of December 2016 10:43:09 AM Operador: abcd
/central/acquisitions/order.php /var/www/suitesaber.git/htdocs/central/dataentry/wxis/imprime.xis &base=suggestions&cipar=/var/www/suitesaber.git/bases/par/suggestions.par&Expresion=STA_4&Formato=@/var/www/suitesaber.git/bases/suggestions/pfts/pt/pv_order.pft,/&Opcion=buscar&path_db=/var/www/suitesaber.git/bases/&syspar=/var/www/suitesaber.git/bases/par/syspar.par
**Friday 9th of December 2016 10:43:12 AM Operador: abcd
/central/acquisitions/order.php /var/www/suitesaber.git/htdocs/central/dataentry/wxis/imprime.xis &base=suggestions&cipar=/var/www/suitesaber.git/bases/par/suggestions.par&Expresion=STA_4&Formato=@/var/www/suitesaber.git/bases/suggestions/pfts/pt/pv_order.pft,/&Opcion=buscar&path_db=/var/www/suitesaber.git/bases/&syspar=/var/www/suitesaber.git/bases/par/syspar.par
**Friday 9th of December 2016 10:47:34 AM Operador: abcd
/central/acquisitions/order.php /var/www/suitesaber.git/htdocs/central/dataentry/wxis/imprime.xis &base=suggestions&cipar=/var/www/suitesaber.git/bases/par/suggestions.par&Expresion=STA_4&Formato=@/var/www/suitesaber.git/bases/suggestions/pfts/pt/pv_order.pft,/&Opcion=buscar&path_db=/var/www/suitesaber.git/bases/&syspar=/var/www/suitesaber.git/bases/par/syspar.par
**Friday 9th of December 2016 10:47:40 AM Operador: abcd
/central/acquisitions/order.php /var/www/suitesaber.git/htdocs/central/dataentry/wxis/imprime.xis &base=suggestions&cipar=/var/www/suitesaber.git/bases/par/suggestions.par&Expresion=STA_4&Formato=@/var/www/suitesaber.git/bases/suggestions/pfts/pt/pv_order.pft,/&Opcion=buscar&path_db=/var/www/suitesaber.git/bases/&syspar=/var/www/suitesaber.git/bases/par/syspar.par
**Friday 9th of December 2016 10:48:09 AM Operador: abcd
/central/acquisitions/order.php /var/www/suitesaber.git/htdocs/central/dataentry/wxis/imprime.xis &base=suggestions&cipar=/var/www/suitesaber.git/bases/par/suggestions.par&Expresion=STA_4&Formato=@/var/www/suitesaber.git/bases/suggestions/pfts/pt/pv_order.pft,/&Opcion=buscar&path_db=/var/www/suitesaber.git/bases/&syspar=/var/www/suitesaber.git/bases/par/syspar.par
**Friday 9th of December 2016 10:48:22 AM Operador: abcd
/central/acquisitions/order.php /var/www/suitesaber.git/htdocs/central/dataentry/wxis/imprime.xis &base=suggestions&cipar=/var/www/suitesaber.git/bases/par/suggestions.par&Expresion=STA_4&Formato=@/var/www/suitesaber.git/bases/suggestions/pfts/pt/pv_order.pft,/&Opcion=buscar&path_db=/var/www/suitesaber.git/bases/&syspar=/var/www/suitesaber.git/bases/par/syspar.par
**Friday 9th of December 2016 10:49:28 AM Operador: abcd
/central/acquisitions/order.php /var/www/suitesaber.git/htdocs/central/dataentry/wxis/imprime.xis &base=suggestions&cipar=/var/www/suitesaber.git/bases/par/suggestions.par&Expresion=STA_4&Formato=@/var/www/suitesaber.git/bases/suggestions/pfts/pt/pv_order.pft,/&Opcion=buscar&path_db=/var/www/suitesaber.git/bases/&syspar=/var/www/suitesaber.git/bases/par/syspar.par
**Friday 9th of December 2016 10:49:54 AM Operador: abcd
/central/acquisitions/order.php /var/www/suitesaber.git/htdocs/central/dataentry/wxis/imprime.xis &base=suggestions&cipar=/var/www/suitesaber.git/bases/par/suggestions.par&Expresion=STA_4&Formato=@/var/www/suitesaber.git/bases/suggestions/pfts/pt/pv_order.pft,/&Opcion=buscar&path_db=/var/www/suitesaber.git/bases/&syspar=/var/www/suitesaber.git/bases/par/syspar.par
**Friday 9th of December 2016 10:50:01 AM Operador: abcd
/central/acquisitions/order.php /var/www/suitesaber.git/htdocs/central/dataentry/wxis/imprime.xis &base=suggestions&cipar=/var/www/suitesaber.git/bases/par/suggestions.par&Expresion=STA_4&Formato=@/var/www/suitesaber.git/bases/suggestions/pfts/pt/pv_order.pft,/&Opcion=buscar&path_db=/var/www/suitesaber.git/bases/&syspar=/var/www/suitesaber.git/bases/par/syspar.par
**Friday 9th of December 2016 10:50:19 AM Operador: abcd
/central/acquisitions/order.php /var/www/suitesaber.git/htdocs/central/dataentry/wxis/imprime.xis &base=suggestions&cipar=/var/www/suitesaber.git/bases/par/suggestions.par&Expresion=STA_4&Formato=@/var/www/suitesaber.git/bases/suggestions/pfts/pt/pv_order.pft,/&Opcion=buscar&path_db=/var/www/suitesaber.git/bases/&syspar=/var/www/suitesaber.git/bases/par/syspar.par
**Friday 9th of December 2016 10:50:26 AM Operador: abcd
/central/acquisitions/order.php /var/www/suitesaber.git/htdocs/central/dataentry/wxis/imprime.xis &base=suggestions&cipar=/var/www/suitesaber.git/bases/par/suggestions.par&Expresion=STA_4&Formato=@/var/www/suitesaber.git/bases/suggestions/pfts/pt/pv_order.pft,/&Opcion=buscar&path_db=/var/www/suitesaber.git/bases/&syspar=/var/www/suitesaber.git/bases/par/syspar.par
**Friday 9th of December 2016 10:50:28 AM Operador: abcd
/central/acquisitions/pending_order.php /var/www/suitesaber.git/htdocs/central/dataentry/wxis/imprime.xis &base=purchaseorder&cipar=/var/www/suitesaber.git/bases/par/purchaseorder.par&from=1&Formato=@/var/www/suitesaber.git/bases/purchaseorder/pfts/pt/pv_order.pft,/&Opcion=buscar&Expresion=PO_$&path_db=/var/www/suitesaber.git/bases/&syspar=/var/www/suitesaber.git/bases/par/syspar.par
**Friday 9th of December 2016 10:51:02 AM Operador: abcd
/central/acquisitions/pending_order.php /var/www/suitesaber.git/htdocs/central/dataentry/wxis/imprime.xis &base=purchaseorder&cipar=/var/www/suitesaber.git/bases/par/purchaseorder.par&from=1&Formato=@/var/www/suitesaber.git/bases/purchaseorder/pfts/pt/pv_order.pft,/&Opcion=buscar&Expresion=PO_$&path_db=/var/www/suitesaber.git/bases/&syspar=/var/www/suitesaber.git/bases/par/syspar.par
**Friday 9th of December 2016 10:51:32 AM Operador: abcd
/central/acquisitions/pending_order.php /var/www/suitesaber.git/htdocs/central/dataentry/wxis/imprime.xis &base=purchaseorder&cipar=/var/www/suitesaber.git/bases/par/purchaseorder.par&from=1&Formato=@/var/www/suitesaber.git/bases/purchaseorder/pfts/pt/pv_order.pft,/&Opcion=buscar&Expresion=PO_$&path_db=/var/www/suitesaber.git/bases/&syspar=/var/www/suitesaber.git/bases/par/syspar.par
**Friday 9th of December 2016 10:51:45 AM Operador: abcd
/central/acquisitions/pending_order.php /var/www/suitesaber.git/htdocs/central/dataentry/wxis/imprime.xis &base=purchaseorder&cipar=/var/www/suitesaber.git/bases/par/purchaseorder.par&from=1&Formato=@/var/www/suitesaber.git/bases/purchaseorder/pfts/pt/pv_order.pft,/&Opcion=buscar&Expresion=PO_$&path_db=/var/www/suitesaber.git/bases/&syspar=/var/www/suitesaber.git/bases/par/syspar.par
**Friday 9th of December 2016 10:53:00 AM Operador: abcd
/central/acquisitions/pending_order.php /var/www/suitesaber.git/htdocs/central/dataentry/wxis/imprime.xis &base=purchaseorder&cipar=/var/www/suitesaber.git/bases/par/purchaseorder.par&from=1&Formato=@/var/www/suitesaber.git/bases/purchaseorder/pfts/pt/pv_order.pft,/&Opcion=buscar&Expresion=PO_$&path_db=/var/www/suitesaber.git/bases/&syspar=/var/www/suitesaber.git/bases/par/syspar.par
**Friday 9th of December 2016 10:53:41 AM Operador: abcd
/central/acquisitions/pending_order.php /var/www/suitesaber.git/htdocs/central/dataentry/wxis/imprime.xis &base=purchaseorder&cipar=/var/www/suitesaber.git/bases/par/purchaseorder.par&from=1&Formato=@/var/www/suitesaber.git/bases/purchaseorder/pfts/pt/pv_order.pft,/&Opcion=buscar&Expresion=PO_$&path_db=/var/www/suitesaber.git/bases/&syspar=/var/www/suitesaber.git/bases/par/syspar.par
**Friday 9th of December 2016 10:54:15 AM Operador: abcd
/central/acquisitions/pending_order.php /var/www/suitesaber.git/htdocs/central/dataentry/wxis/imprime.xis &base=purchaseorder&cipar=/var/www/suitesaber.git/bases/par/purchaseorder.par&from=1&Formato=@/var/www/suitesaber.git/bases/purchaseorder/pfts/pt/pv_order.pft,/&Opcion=buscar&Expresion=PO_$&path_db=/var/www/suitesaber.git/bases/&syspar=/var/www/suitesaber.git/bases/par/syspar.par
**Friday 9th of December 2016 10:54:31 AM Operador: abcd
/central/acquisitions/pending_order.php /var/www/suitesaber.git/htdocs/central/dataentry/wxis/imprime.xis &base=purchaseorder&cipar=/var/www/suitesaber.git/bases/par/purchaseorder.par&from=1&Formato=@/var/www/suitesaber.git/bases/purchaseorder/pfts/pt/pv_order.pft,/&Opcion=buscar&Expresion=PO_$&path_db=/var/www/suitesaber.git/bases/&syspar=/var/www/suitesaber.git/bases/par/syspar.par
**Friday 9th of December 2016 10:54:43 AM Operador: abcd
/central/acquisitions/order.php /var/www/suitesaber.git/htdocs/central/dataentry/wxis/imprime.xis &base=suggestions&cipar=/var/www/suitesaber.git/bases/par/suggestions.par&Expresion=STA_4&Formato=@/var/www/suitesaber.git/bases/suggestions/pfts/pt/pv_order.pft,/&Opcion=buscar&path_db=/var/www/suitesaber.git/bases/&syspar=/var/www/suitesaber.git/bases/par/syspar.par
**Friday 9th of December 2016 10:54:47 AM Operador: abcd
/central/acquisitions/pending_order.php /var/www/suitesaber.git/htdocs/central/dataentry/wxis/imprime.xis &base=purchaseorder&cipar=/var/www/suitesaber.git/bases/par/purchaseorder.par&from=1&Formato=@/var/www/suitesaber.git/bases/purchaseorder/pfts/pt/pv_order.pft,/&Opcion=buscar&Expresion=PO_$&path_db=/var/www/suitesaber.git/bases/&syspar=/var/www/suitesaber.git/bases/par/syspar.par
**Friday 9th of December 2016 10:54:49 AM Operador: abcd
/central/acquisitions/pending_order.php /var/www/suitesaber.git/htdocs/central/dataentry/wxis/imprime.xis &base=purchaseorder&cipar=/var/www/suitesaber.git/bases/par/purchaseorder.par&from=1&Formato=@/var/www/suitesaber.git/bases/purchaseorder/pfts/pt/pv_order.pft,/&Opcion=buscar&Expresion=PO_$&path_db=/var/www/suitesaber.git/bases/&syspar=/var/www/suitesaber.git/bases/par/syspar.par
**Friday 9th of December 2016 10:54:54 AM Operador: abcd
/central/acquisitions/pending_order.php /var/www/suitesaber.git/htdocs/central/dataentry/wxis/imprime.xis &base=purchaseorder&cipar=/var/www/suitesaber.git/bases/par/purchaseorder.par&from=1&Formato=@/var/www/suitesaber.git/bases/purchaseorder/pfts/pt/pv_order.pft,/&Opcion=buscar&Expresion=PO_$&path_db=/var/www/suitesaber.git/bases/&syspar=/var/www/suitesaber.git/bases/par/syspar.par
**Friday 9th of December 2016 10:54:55 AM Operador: abcd
/central/acquisitions/sendto_ex.php /var/www/suitesaber.git/htdocs/central/dataentry/wxis/imprime.xis &base=purchaseorder&cipar=/var/www/suitesaber.git/bases/par/purchaseorder.par&Formato=@/var/www/suitesaber.git/bases/purchaseorder/pfts/pt/pv_order.pft,/&Opcion=buscar&path_db=/var/www/suitesaber.git/bases/&syspar=/var/www/suitesaber.git/bases/par/syspar.par
**Friday 9th of December 2016 10:56:09 AM Operador: abcd
/central/acquisitions/pending_order.php /var/www/suitesaber.git/htdocs/central/dataentry/wxis/imprime.xis &base=purchaseorder&cipar=/var/www/suitesaber.git/bases/par/purchaseorder.par&from=1&Formato=@/var/www/suitesaber.git/bases/purchaseorder/pfts/pt/pv_order.pft,/&Opcion=buscar&Expresion=PO_$&path_db=/var/www/suitesaber.git/bases/&syspar=/var/www/suitesaber.git/bases/par/syspar.par
**Friday 9th of December 2016 10:57:13 AM Operador: abcd
/central/acquisitions/pending_order.php /var/www/suitesaber.git/htdocs/central/dataentry/wxis/imprime.xis &base=purchaseorder&cipar=/var/www/suitesaber.git/bases/par/purchaseorder.par&from=1&Formato=@/var/www/suitesaber.git/bases/purchaseorder/pfts/pt/pv_order.pft,/&Opcion=buscar&Expresion=PO_$&path_db=/var/www/suitesaber.git/bases/&syspar=/var/www/suitesaber.git/bases/par/syspar.par
**Friday 9th of December 2016 10:58:15 AM Operador: abcd
/central/acquisitions/overview.php /var/www/suitesaber.git/htdocs/central/dataentry/wxis/ifp.xis &base=suggestions&cipar=/var/www/suitesaber.git/bases/par/suggestions.par&prefijo=STA_&Opcion=diccionario&path_db=/var/www/suitesaber.git/bases/&syspar=/var/www/suitesaber.git/bases/par/syspar.par
**Friday 9th of December 2016 10:58:17 AM Operador: abcd
/central/acquisitions/suggestions_status.php /var/www/suitesaber.git/htdocs/central/dataentry/wxis/imprime.xis &base=suggestions&cipar=/var/www/suitesaber.git/bases/par/suggestions.par&Expresion=STA_0 &Formato=@/var/www/suitesaber.git/bases/suggestions/pfts/pt/ti.pft,/&Opcion=buscar&path_db=/var/www/suitesaber.git/bases/&syspar=/var/www/suitesaber.git/bases/par/syspar.par
**Friday 9th of December 2016 10:58:18 AM Operador: abcd
/central/acquisitions/bidding.php /var/www/suitesaber.git/htdocs/central/dataentry/wxis/imprime.xis &base=suggestions&cipar=/var/www/suitesaber.git/bases/par/suggestions.par&Expresion=(STA_1 or STA_3)&Formato=@/var/www/suitesaber.git/bases/suggestions/pfts/pt/da_bidding.pft,/&Opcion=buscar&path_db=/var/www/suitesaber.git/bases/&syspar=/var/www/suitesaber.git/bases/par/syspar.par
**Friday 9th of December 2016 10:58:18 AM Operador: abcd
/central/acquisitions/decision.php /var/www/suitesaber.git/htdocs/central/dataentry/wxis/imprime.xis &base=suggestions&cipar=/var/www/suitesaber.git/bases/par/suggestions.par&Expresion=(STA_1 or STA_3 or STA_4)&Formato=@/var/www/suitesaber.git/bases/suggestions/pfts/pt/da_decision.pft,/&Opcion=buscar&path_db=/var/www/suitesaber.git/bases/&syspar=/var/www/suitesaber.git/bases/par/syspar.par
**Friday 9th of December 2016 11:01:57 AM Operador: abcd
/central/acquisitions/order.php /var/www/suitesaber.git/htdocs/central/dataentry/wxis/imprime.xis &base=suggestions&cipar=/var/www/suitesaber.git/bases/par/suggestions.par&Expresion=STA_4&Formato=@/var/www/suitesaber.git/bases/suggestions/pfts/pt/pv_order.pft,/&Opcion=buscar&path_db=/var/www/suitesaber.git/bases/&syspar=/var/www/suitesaber.git/bases/par/syspar.par
**Friday 9th of December 2016 11:02:01 AM Operador: abcd
/central/acquisitions/pending_order.php /var/www/suitesaber.git/htdocs/central/dataentry/wxis/imprime.xis &base=purchaseorder&cipar=/var/www/suitesaber.git/bases/par/purchaseorder.par&from=1&Formato=@/var/www/suitesaber.git/bases/purchaseorder/pfts/pt/pv_order.pft,/&Opcion=buscar&Expresion=PO_$&path_db=/var/www/suitesaber.git/bases/&syspar=/var/www/suitesaber.git/bases/par/syspar.par
**Friday 9th of December 2016 11:13:51 AM Operador: abcd
/central/dataentry/capturaclaves.php /var/www/suitesaber.git/htdocs/central/dataentry/wxis/ifp.xis &base=purchaseorder&cipar=/var/www/suitesaber.git/bases/par/purchaseorder.par&autoridades=S&Opcion=autoridades&prefijo=PO_&pref=PO_&postings=1&formato_e=,v1,&path_db=/var/www/suitesaber.git/bases/&syspar=/var/www/suitesaber.git/bases/par/syspar.par
**Friday 9th of December 2016 11:17:26 AM Operador: abcd
/central/dataentry/browse.php /var/www/suitesaber.git/htdocs/central/dataentry/wxis/leer_mfnrange.xis &base=suggestions&cipar=/var/www/suitesaber.git/bases/par/suggestions.par&from=1&to=10&Formato=/var/www/suitesaber.git/bases/suggestions/pfts/pt/tbsuggestions&Opcion=buscar&path_db=/var/www/suitesaber.git/bases/&syspar=/var/www/suitesaber.git/bases/par/syspar.par
**Friday 9th of December 2016 11:17:31 AM Operador: abcd
/central/dataentry/browse.php /var/www/suitesaber.git/htdocs/central/dataentry/wxis/leer_mfnrange.xis &base=providers&cipar=/var/www/suitesaber.git/bases/par/providers.par&from=1&to=10&Formato=/var/www/suitesaber.git/bases/providers/pfts/pt/tbproviders&Opcion=buscar&path_db=/var/www/suitesaber.git/bases/&syspar=/var/www/suitesaber.git/bases/par/syspar.par
**Friday 9th of December 2016 11:17:34 AM Operador: abcd
/central/dataentry/browse.php /var/www/suitesaber.git/htdocs/central/dataentry/wxis/leer_mfnrange.xis &base=purchaseorder&cipar=/var/www/suitesaber.git/bases/par/purchaseorder.par&from=1&to=10&Formato=/var/www/suitesaber.git/bases/purchaseorder/pfts/pt/tbpurchaseorder&Opcion=buscar&path_db=/var/www/suitesaber.git/bases/&syspar=/var/www/suitesaber.git/bases/par/syspar.par
**Friday 9th of December 2016 11:17:40 AM Operador: abcd
/central/dataentry/browse.php /var/www/suitesaber.git/htdocs/central/dataentry/wxis/leer_mfnrange.xis &base=copies&cipar=/var/www/suitesaber.git/bases/par/copies.par&from=1&to=10&Formato=/var/www/suitesaber.git/bases/copies/pfts/pt/tbcopies&Opcion=buscar&path_db=/var/www/suitesaber.git/bases/&syspar=/var/www/suitesaber.git/bases/par/syspar.par
**Friday 9th of December 2016 11:17:46 AM Operador: abcd
/central/dataentry/fmt.php /var/www/suitesaber.git/htdocs/central/dataentry/wxis/lock.xis &base=copies&cipar=/var/www/suitesaber.git/bases/par/copies.par&Mfn=1&login=abcd&lock=S&path_db=/var/www/suitesaber.git/bases/&syspar=/var/www/suitesaber.git/bases/par/syspar.par
**Friday 9th of December 2016 11:17:46 AM Operador: abcd
/central/dataentry/fmt.php /var/www/suitesaber.git/htdocs/central/dataentry/wxis/leer.xis &base=copies&cipar=/var/www/suitesaber.git/bases/par/copies.par&Mfn=1&Opcion=editar&login=abcd&password=adm&Pft=(if p(v1) then '1 'v1'____$$$' fi),(if p(v10) then '10 'v10'____$$$' fi),(if p(v20) then '20 'v20'____$$$' fi),(if p(v30) then '30 'v30'____$$$' fi),(if p(v200) then '200 'v200'____$$$' fi),(if p(v35) then '35 'v35'____$$$' fi),(if p(v40) then '40 'v40'____$$$' fi),(if p(v50) then '50 'v50'____$$$' fi),(if p(v60) then '60 'v60'____$$$' fi),(if p(v63) then '63 'v63'____$$$' fi),(if p(v68) then '68 'v68'____$$$' fi),(if p(v70) then '70 'v70'____$$$' fi),(if p(v80) then '80 'v80'____$$$' fi),(if p(v85) then '85 'v85'____$$$' fi),(if p(v90) then '90 'v90'____$$$' fi),(if p(v95) then '95 'v95'____$$$' fi),(if p(v100) then '100 'v100'____$$$' fi),(if p(v110) then '110 'v110'____$$$' fi),(if p(v300) then '300 'v300'____$$$' fi),(if p(v400) then '400 'v400'____$$$' fi),&lock=S&path_db=/var/www/suitesaber.git/bases/&syspar=/var/www/suitesaber.git/bases/par/syspar.par
**Friday 9th of December 2016 11:25:41 AM Operador: abcd
/central/statistics/tables_generate.php /var/www/suitesaber.git/htdocs/central/dataentry/wxis/administrar.xis &base=marc&cipar=/var/www/suitesaber.git/bases/par/marc.par&Opcion=status&path_db=/var/www/suitesaber.git/bases/&syspar=/var/www/suitesaber.git/bases/par/syspar.par
**Friday 9th of December 2016 11:25:57 AM Operador: abcd
/central/dataentry/browse.php /var/www/suitesaber.git/htdocs/central/dataentry/wxis/leer_mfnrange.xis &base=acces&cipar=/var/www/suitesaber.git/bases/par/acces.par&from=1&to=10&Formato=/var/www/suitesaber.git/bases/acces/pfts/pt/tbacces&Opcion=buscar&path_db=/var/www/suitesaber.git/bases/&syspar=/var/www/suitesaber.git/bases/par/syspar.par
**Friday 9th of December 2016 01:24:17 PM Operador: abcd
/central/statistics/tables_generate.php /var/www/suitesaber.git/htdocs/central/dataentry/wxis/administrar.xis &base=marc&cipar=/var/www/suitesaber.git/bases/par/marc.par&Opcion=status&path_db=/var/www/suitesaber.git/bases/&syspar=/var/www/suitesaber.git/bases/par/syspar.par
**Friday 9th of December 2016 01:24:21 PM Operador: abcd
/central/dataentry/browse.php /var/www/suitesaber.git/htdocs/central/dataentry/wxis/leer_mfnrange.xis &base=acces&cipar=/var/www/suitesaber.git/bases/par/acces.par&from=1&to=10&Formato=/var/www/suitesaber.git/bases/acces/pfts/pt/tbacces&Opcion=buscar&path_db=/var/www/suitesaber.git/bases/&syspar=/var/www/suitesaber.git/bases/par/syspar.par
**Friday 9th of December 2016 01:58:26 PM Operador: abcd
/central/dataentry/browse.php /var/www/suitesaber.git/htdocs/central/dataentry/wxis/leer_mfnrange.xis &base=users&cipar=/var/www/suitesaber.git/bases/par/users.par&from=1&to=10&Formato=/var/www/suitesaber.git/bases/users/pfts/pt/tbusers&Opcion=buscar&path_db=/var/www/suitesaber.git/bases/&syspar=/var/www/suitesaber.git/bases/par/syspar.par
**Friday 9th of December 2016 01:58:27 PM Operador: abcd
/central/dataentry/browse.php /var/www/suitesaber.git/htdocs/central/dataentry/wxis/leer_mfnrange.xis &base=trans&cipar=/var/www/suitesaber.git/bases/par/trans.par&from=1&to=10&Formato=/var/www/suitesaber.git/bases/trans/pfts/pt/tbtrans&Opcion=buscar&path_db=/var/www/suitesaber.git/bases/&syspar=/var/www/suitesaber.git/bases/par/syspar.par
**Friday 9th of December 2016 01:58:28 PM Operador: abcd
/central/dataentry/browse.php /var/www/suitesaber.git/htdocs/central/dataentry/wxis/leer_mfnrange.xis &base=suspml&cipar=/var/www/suitesaber.git/bases/par/suspml.par&from=1&to=10&Formato=/var/www/suitesaber.git/bases/suspml/pfts/pt/tbsuspml&Opcion=buscar&path_db=/var/www/suitesaber.git/bases/&syspar=/var/www/suitesaber.git/bases/par/syspar.par
**Friday 9th of December 2016 01:58:30 PM Operador: abcd
/central/dataentry/browse.php /var/www/suitesaber.git/htdocs/central/dataentry/wxis/leer_mfnrange.xis &base=reserve&cipar=/var/www/suitesaber.git/bases/par/reserve.par&from=1&to=10&Formato=/var/www/suitesaber.git/bases/reserve/pfts/pt/tbreserve&Opcion=buscar&path_db=/var/www/suitesaber.git/bases/&syspar=/var/www/suitesaber.git/bases/par/syspar.par
**Friday 9th of December 2016 01:58:33 PM Operador: abcd
/central/statistics/tables_generate.php /var/www/suitesaber.git/htdocs/central/dataentry/wxis/administrar.xis &base=users&cipar=/var/www/suitesaber.git/bases/par/users.par&Opcion=status&path_db=/var/www/suitesaber.git/bases/&syspar=/var/www/suitesaber.git/bases/par/syspar.par
**Friday 9th of December 2016 01:58:35 PM Operador: abcd
/central/statistics/tables_generate.php /var/www/suitesaber.git/htdocs/central/dataentry/wxis/administrar.xis &base=trans&cipar=/var/www/suitesaber.git/bases/par/trans.par&Opcion=status&path_db=/var/www/suitesaber.git/bases/&syspar=/var/www/suitesaber.git/bases/par/syspar.par
**Friday 9th of December 2016 01:58:37 PM Operador: abcd
/central/statistics/tables_generate.php /var/www/suitesaber.git/htdocs/central/dataentry/wxis/administrar.xis &base=suspml&cipar=/var/www/suitesaber.git/bases/par/suspml.par&Opcion=status&path_db=/var/www/suitesaber.git/bases/&syspar=/var/www/suitesaber.git/bases/par/syspar.par
**Friday 9th of December 2016 02:01:00 PM Operador: abcd
/central/statistics/tables_generate.php /var/www/suitesaber.git/htdocs/central/dataentry/wxis/administrar.xis &base=users&cipar=/var/www/suitesaber.git/bases/par/users.par&Opcion=status&path_db=/var/www/suitesaber.git/bases/&syspar=/var/www/suitesaber.git/bases/par/syspar.par
**Friday 9th of December 2016 02:01:01 PM Operador: abcd
/central/statistics/tables_generate.php /var/www/suitesaber.git/htdocs/central/dataentry/wxis/administrar.xis &base=trans&cipar=/var/www/suitesaber.git/bases/par/trans.par&Opcion=status&path_db=/var/www/suitesaber.git/bases/&syspar=/var/www/suitesaber.git/bases/par/syspar.par
**Friday 9th of December 2016 02:01:02 PM Operador: abcd
/central/statistics/tables_generate.php /var/www/suitesaber.git/htdocs/central/dataentry/wxis/administrar.xis &base=suspml&cipar=/var/www/suitesaber.git/bases/par/suspml.par&Opcion=status&path_db=/var/www/suitesaber.git/bases/&syspar=/var/www/suitesaber.git/bases/par/syspar.par
**Friday 9th of December 2016 02:01:03 PM Operador: abcd
/central/dataentry/browse.php /var/www/suitesaber.git/htdocs/central/dataentry/wxis/leer_mfnrange.xis &base=reserve&cipar=/var/www/suitesaber.git/bases/par/reserve.par&from=1&to=10&Formato=/var/www/suitesaber.git/bases/reserve/pfts/pt/tbreserve&Opcion=buscar&path_db=/var/www/suitesaber.git/bases/&syspar=/var/www/suitesaber.git/bases/par/syspar.par
**Friday 9th of December 2016 02:01:04 PM Operador: abcd
/central/dataentry/browse.php /var/www/suitesaber.git/htdocs/central/dataentry/wxis/leer_mfnrange.xis &base=suspml&cipar=/var/www/suitesaber.git/bases/par/suspml.par&from=1&to=10&Formato=/var/www/suitesaber.git/bases/suspml/pfts/pt/tbsuspml&Opcion=buscar&path_db=/var/www/suitesaber.git/bases/&syspar=/var/www/suitesaber.git/bases/par/syspar.par
**Friday 9th of December 2016 02:01:05 PM Operador: abcd
/central/dataentry/browse.php /var/www/suitesaber.git/htdocs/central/dataentry/wxis/leer_mfnrange.xis &base=trans&cipar=/var/www/suitesaber.git/bases/par/trans.par&from=1&to=10&Formato=/var/www/suitesaber.git/bases/trans/pfts/pt/tbtrans&Opcion=buscar&path_db=/var/www/suitesaber.git/bases/&syspar=/var/www/suitesaber.git/bases/par/syspar.par
**Friday 9th of December 2016 02:01:06 PM Operador: abcd
/central/dataentry/browse.php /var/www/suitesaber.git/htdocs/central/dataentry/wxis/leer_mfnrange.xis &base=users&cipar=/var/www/suitesaber.git/bases/par/users.par&from=1&to=10&Formato=/var/www/suitesaber.git/bases/users/pfts/pt/tbusers&Opcion=buscar&path_db=/var/www/suitesaber.git/bases/&syspar=/var/www/suitesaber.git/bases/par/syspar.par
**Friday 9th of December 2016 02:01:17 PM Operador: abcd
/central/acquisitions/overview.php /var/www/suitesaber.git/htdocs/central/dataentry/wxis/ifp.xis &base=suggestions&cipar=/var/www/suitesaber.git/bases/par/suggestions.par&prefijo=STA_&Opcion=diccionario&path_db=/var/www/suitesaber.git/bases/&syspar=/var/www/suitesaber.git/bases/par/syspar.par
**Friday 9th of December 2016 02:01:22 PM Operador: abcd
/central/acquisitions/suggestions_status.php /var/www/suitesaber.git/htdocs/central/dataentry/wxis/imprime.xis &base=suggestions&cipar=/var/www/suitesaber.git/bases/par/suggestions.par&Expresion=STA_0 &Formato=@/var/www/suitesaber.git/bases/suggestions/pfts/pt/ti.pft,/&Opcion=buscar&path_db=/var/www/suitesaber.git/bases/&syspar=/var/www/suitesaber.git/bases/par/syspar.par
**Friday 9th of December 2016 02:01:23 PM Operador: abcd
/central/acquisitions/bidding.php /var/www/suitesaber.git/htdocs/central/dataentry/wxis/imprime.xis &base=suggestions&cipar=/var/www/suitesaber.git/bases/par/suggestions.par&Expresion=(STA_1 or STA_3)&Formato=@/var/www/suitesaber.git/bases/suggestions/pfts/pt/da_bidding.pft,/&Opcion=buscar&path_db=/var/www/suitesaber.git/bases/&syspar=/var/www/suitesaber.git/bases/par/syspar.par
**Friday 9th of December 2016 02:01:24 PM Operador: abcd
/central/acquisitions/decision.php /var/www/suitesaber.git/htdocs/central/dataentry/wxis/imprime.xis &base=suggestions&cipar=/var/www/suitesaber.git/bases/par/suggestions.par&Expresion=(STA_1 or STA_3 or STA_4)&Formato=@/var/www/suitesaber.git/bases/suggestions/pfts/pt/da_decision.pft,/&Opcion=buscar&path_db=/var/www/suitesaber.git/bases/&syspar=/var/www/suitesaber.git/bases/par/syspar.par
**Friday 9th of December 2016 02:01:27 PM Operador: abcd
/central/dataentry/browse.php /var/www/suitesaber.git/htdocs/central/dataentry/wxis/leer_mfnrange.xis &base=suggestions&cipar=/var/www/suitesaber.git/bases/par/suggestions.par&from=1&to=10&Formato=/var/www/suitesaber.git/bases/suggestions/pfts/pt/tbsuggestions&Opcion=buscar&path_db=/var/www/suitesaber.git/bases/&syspar=/var/www/suitesaber.git/bases/par/syspar.par
**Friday 9th of December 2016 02:01:28 PM Operador: abcd
/central/dataentry/browse.php /var/www/suitesaber.git/htdocs/central/dataentry/wxis/leer_mfnrange.xis &base=providers&cipar=/var/www/suitesaber.git/bases/par/providers.par&from=1&to=10&Formato=/var/www/suitesaber.git/bases/providers/pfts/pt/tbproviders&Opcion=buscar&path_db=/var/www/suitesaber.git/bases/&syspar=/var/www/suitesaber.git/bases/par/syspar.par
**Friday 9th of December 2016 02:01:29 PM Operador: abcd
/central/dataentry/browse.php /var/www/suitesaber.git/htdocs/central/dataentry/wxis/leer_mfnrange.xis &base=purchaseorder&cipar=/var/www/suitesaber.git/bases/par/purchaseorder.par&from=1&to=10&Formato=/var/www/suitesaber.git/bases/purchaseorder/pfts/pt/tbpurchaseorder&Opcion=buscar&path_db=/var/www/suitesaber.git/bases/&syspar=/var/www/suitesaber.git/bases/par/syspar.par
**Friday 9th of December 2016 02:01:29 PM Operador: abcd
/central/dataentry/browse.php /var/www/suitesaber.git/htdocs/central/dataentry/wxis/leer_mfnrange.xis &base=copies&cipar=/var/www/suitesaber.git/bases/par/copies.par&from=1&to=10&Formato=/var/www/suitesaber.git/bases/copies/pfts/pt/tbcopies&Opcion=buscar&path_db=/var/www/suitesaber.git/bases/&syspar=/var/www/suitesaber.git/bases/par/syspar.par
**Friday 9th of December 2016 02:01:34 PM Operador: abcd
/central/acquisitions/pending_order.php /var/www/suitesaber.git/htdocs/central/dataentry/wxis/imprime.xis &base=purchaseorder&cipar=/var/www/suitesaber.git/bases/par/purchaseorder.par&from=1&Formato=@/var/www/suitesaber.git/bases/purchaseorder/pfts/pt/pv_order.pft,/&Opcion=buscar&Expresion=PO_$&path_db=/var/www/suitesaber.git/bases/&syspar=/var/www/suitesaber.git/bases/par/syspar.par
**Friday 9th of December 2016 02:01:35 PM Operador: abcd
/central/acquisitions/order.php /var/www/suitesaber.git/htdocs/central/dataentry/wxis/imprime.xis &base=suggestions&cipar=/var/www/suitesaber.git/bases/par/suggestions.par&Expresion=STA_4&Formato=@/var/www/suitesaber.git/bases/suggestions/pfts/pt/pv_order.pft,/&Opcion=buscar&path_db=/var/www/suitesaber.git/bases/&syspar=/var/www/suitesaber.git/bases/par/syspar.par
**Friday 9th of December 2016 02:01:44 PM Operador: abcd
/central/statistics/tables_generate.php /var/www/suitesaber.git/htdocs/central/dataentry/wxis/administrar.xis &base=marc&cipar=/var/www/suitesaber.git/bases/par/marc.par&Opcion=status&path_db=/var/www/suitesaber.git/bases/&syspar=/var/www/suitesaber.git/bases/par/syspar.par
**Friday 9th of December 2016 02:08:39 PM Operador: abcd
/central/dataentry/browse.php /var/www/suitesaber.git/htdocs/central/dataentry/wxis/leer_mfnrange.xis &base=users&cipar=/var/www/suitesaber.git/bases/par/users.par&from=1&to=10&Formato=/var/www/suitesaber.git/bases/users/pfts/pt/tbusers&Opcion=buscar&path_db=/var/www/suitesaber.git/bases/&syspar=/var/www/suitesaber.git/bases/par/syspar.par
**Friday 9th of December 2016 02:10:22 PM Operador: abcd
/central/dataentry/browse.php /var/www/suitesaber.git/htdocs/central/dataentry/wxis/leer_mfnrange.xis &base=users&cipar=/var/www/suitesaber.git/bases/par/users.par&from=1&to=10&Formato=/var/www/suitesaber.git/bases/users/pfts/pt/tbusers&Opcion=buscar&path_db=/var/www/suitesaber.git/bases/&syspar=/var/www/suitesaber.git/bases/par/syspar.par
**Friday 9th of December 2016 02:12:14 PM Operador: abcd
/central/dataentry/browse.php /var/www/suitesaber.git/htdocs/central/dataentry/wxis/leer_mfnrange.xis &base=trans&cipar=/var/www/suitesaber.git/bases/par/trans.par&from=1&to=10&Formato=/var/www/suitesaber.git/bases/trans/pfts/pt/tbtrans&Opcion=buscar&path_db=/var/www/suitesaber.git/bases/&syspar=/var/www/suitesaber.git/bases/par/syspar.par
**Friday 9th of December 2016 02:12:15 PM Operador: abcd
/central/dataentry/browse.php /var/www/suitesaber.git/htdocs/central/dataentry/wxis/leer_mfnrange.xis &base=suspml&cipar=/var/www/suitesaber.git/bases/par/suspml.par&from=1&to=10&Formato=/var/www/suitesaber.git/bases/suspml/pfts/pt/tbsuspml&Opcion=buscar&path_db=/var/www/suitesaber.git/bases/&syspar=/var/www/suitesaber.git/bases/par/syspar.par
**Friday 9th of December 2016 02:12:17 PM Operador: abcd
/central/dataentry/browse.php /var/www/suitesaber.git/htdocs/central/dataentry/wxis/leer_mfnrange.xis &base=reserve&cipar=/var/www/suitesaber.git/bases/par/reserve.par&from=1&to=10&Formato=/var/www/suitesaber.git/bases/reserve/pfts/pt/tbreserve&Opcion=buscar&path_db=/var/www/suitesaber.git/bases/&syspar=/var/www/suitesaber.git/bases/par/syspar.par
**Friday 9th of December 2016 02:12:37 PM Operador: abcd
/central/dataentry/browse.php /var/www/suitesaber.git/htdocs/central/dataentry/wxis/leer_mfnrange.xis &base=reserve&cipar=/var/www/suitesaber.git/bases/par/reserve.par&from=1&to=10&Formato=/var/www/suitesaber.git/bases/reserve/pfts/pt/tbreserve&Opcion=buscar&path_db=/var/www/suitesaber.git/bases/&syspar=/var/www/suitesaber.git/bases/par/syspar.par
**Friday 9th of December 2016 02:12:39 PM Operador: abcd
/central/dataentry/browse.php /var/www/suitesaber.git/htdocs/central/dataentry/wxis/leer_mfnrange.xis &base=suspml&cipar=/var/www/suitesaber.git/bases/par/suspml.par&from=1&to=10&Formato=/var/www/suitesaber.git/bases/suspml/pfts/pt/tbsuspml&Opcion=buscar&path_db=/var/www/suitesaber.git/bases/&syspar=/var/www/suitesaber.git/bases/par/syspar.par
**Friday 9th of December 2016 02:12:40 PM Operador: abcd
/central/dataentry/browse.php /var/www/suitesaber.git/htdocs/central/dataentry/wxis/leer_mfnrange.xis &base=trans&cipar=/var/www/suitesaber.git/bases/par/trans.par&from=1&to=10&Formato=/var/www/suitesaber.git/bases/trans/pfts/pt/tbtrans&Opcion=buscar&path_db=/var/www/suitesaber.git/bases/&syspar=/var/www/suitesaber.git/bases/par/syspar.par
**Friday 9th of December 2016 02:12:41 PM Operador: abcd
/central/dataentry/browse.php /var/www/suitesaber.git/htdocs/central/dataentry/wxis/leer_mfnrange.xis &base=users&cipar=/var/www/suitesaber.git/bases/par/users.par&from=1&to=10&Formato=/var/www/suitesaber.git/bases/users/pfts/pt/tbusers&Opcion=buscar&path_db=/var/www/suitesaber.git/bases/&syspar=/var/www/suitesaber.git/bases/par/syspar.par
**Friday 9th of December 2016 02:12:52 PM Operador: abcd
/central/statistics/tables_generate.php /var/www/suitesaber.git/htdocs/central/dataentry/wxis/administrar.xis &base=marc&cipar=/var/www/suitesaber.git/bases/par/marc.par&Opcion=status&path_db=/var/www/suitesaber.git/bases/&syspar=/var/www/suitesaber.git/bases/par/syspar.par
**Friday 9th of December 2016 02:22:10 PM Operador: abcd
/central/statistics/tables_generate.php /var/www/suitesaber.git/htdocs/central/dataentry/wxis/administrar.xis &base=marc&cipar=/var/www/suitesaber.git/bases/par/marc.par&Opcion=status&path_db=/var/www/suitesaber.git/bases/&syspar=/var/www/suitesaber.git/bases/par/syspar.par
**Friday 9th of December 2016 02:35:06 PM Operador: abcd
/central/acquisitions/suggestions_status.php /var/www/suitesaber.git/htdocs/central/dataentry/wxis/imprime.xis &base=suggestions&cipar=/var/www/suitesaber.git/bases/par/suggestions.par&Expresion=STA_0 &Formato=@/var/www/suitesaber.git/bases/suggestions/pfts/pt/ti.pft,/&Opcion=buscar&path_db=/var/www/suitesaber.git/bases/&syspar=/var/www/suitesaber.git/bases/par/syspar.par
**Friday 9th of December 2016 02:35:09 PM Operador: abcd
/central/acquisitions/bidding.php /var/www/suitesaber.git/htdocs/central/dataentry/wxis/imprime.xis &base=suggestions&cipar=/var/www/suitesaber.git/bases/par/suggestions.par&Expresion=(STA_1 or STA_3)&Formato=@/var/www/suitesaber.git/bases/suggestions/pfts/pt/da_bidding.pft,/&Opcion=buscar&path_db=/var/www/suitesaber.git/bases/&syspar=/var/www/suitesaber.git/bases/par/syspar.par
**Friday 9th of December 2016 02:35:10 PM Operador: abcd
/central/acquisitions/decision.php /var/www/suitesaber.git/htdocs/central/dataentry/wxis/imprime.xis &base=suggestions&cipar=/var/www/suitesaber.git/bases/par/suggestions.par&Expresion=(STA_1 or STA_3 or STA_4)&Formato=@/var/www/suitesaber.git/bases/suggestions/pfts/pt/da_decision.pft,/&Opcion=buscar&path_db=/var/www/suitesaber.git/bases/&syspar=/var/www/suitesaber.git/bases/par/syspar.par
**Friday 9th of December 2016 02:35:15 PM Operador: abcd
/central/acquisitions/order.php /var/www/suitesaber.git/htdocs/central/dataentry/wxis/imprime.xis &base=suggestions&cipar=/var/www/suitesaber.git/bases/par/suggestions.par&Expresion=STA_4&Formato=@/var/www/suitesaber.git/bases/suggestions/pfts/pt/pv_order.pft,/&Opcion=buscar&path_db=/var/www/suitesaber.git/bases/&syspar=/var/www/suitesaber.git/bases/par/syspar.par
**Friday 9th of December 2016 02:35:16 PM Operador: abcd
/central/acquisitions/pending_order.php /var/www/suitesaber.git/htdocs/central/dataentry/wxis/imprime.xis &base=purchaseorder&cipar=/var/www/suitesaber.git/bases/par/purchaseorder.par&from=1&Formato=@/var/www/suitesaber.git/bases/purchaseorder/pfts/pt/pv_order.pft,/&Opcion=buscar&Expresion=PO_$&path_db=/var/www/suitesaber.git/bases/&syspar=/var/www/suitesaber.git/bases/par/syspar.par
**Friday 9th of December 2016 02:37:48 PM Operador: abcd
/central/acquisitions/suggestions_status.php /var/www/suitesaber.git/htdocs/central/dataentry/wxis/imprime.xis &base=suggestions&cipar=/var/www/suitesaber.git/bases/par/suggestions.par&Expresion=STA_0 &Formato=@/var/www/suitesaber.git/bases/suggestions/pfts/pt/ti.pft,/&Opcion=buscar&path_db=/var/www/suitesaber.git/bases/&syspar=/var/www/suitesaber.git/bases/par/syspar.par
**Friday 9th of December 2016 02:38:46 PM Operador: abcd
/central/acquisitions/suggestions_status.php /var/www/suitesaber.git/htdocs/central/dataentry/wxis/imprime.xis &base=suggestions&cipar=/var/www/suitesaber.git/bases/par/suggestions.par&Expresion=STA_0 &Formato=@/var/www/suitesaber.git/bases/suggestions/pfts/pt/ti.pft,/&Opcion=buscar&path_db=/var/www/suitesaber.git/bases/&syspar=/var/www/suitesaber.git/bases/par/syspar.par
**Friday 9th of December 2016 02:40:45 PM Operador: abcd
/central/acquisitions/suggestions_status.php /var/www/suitesaber.git/htdocs/central/dataentry/wxis/imprime.xis &base=suggestions&cipar=/var/www/suitesaber.git/bases/par/suggestions.par&Expresion=STA_0 &Formato=@/var/www/suitesaber.git/bases/suggestions/pfts/pt/ti.pft,/&Opcion=buscar&path_db=/var/www/suitesaber.git/bases/&syspar=/var/www/suitesaber.git/bases/par/syspar.par
**Friday 9th of December 2016 02:41:36 PM Operador: abcd
/central/acquisitions/suggestions_status.php /var/www/suitesaber.git/htdocs/central/dataentry/wxis/imprime.xis &base=suggestions&cipar=/var/www/suitesaber.git/bases/par/suggestions.par&Expresion=STA_0 &Formato=@/var/www/suitesaber.git/bases/suggestions/pfts/pt/ti.pft,/&Opcion=buscar&path_db=/var/www/suitesaber.git/bases/&syspar=/var/www/suitesaber.git/bases/par/syspar.par
**Friday 9th of December 2016 02:42:25 PM Operador: abcd
/central/acquisitions/suggestions_status.php /var/www/suitesaber.git/htdocs/central/dataentry/wxis/imprime.xis &base=suggestions&cipar=/var/www/suitesaber.git/bases/par/suggestions.par&Expresion=STA_0 &Formato=@/var/www/suitesaber.git/bases/suggestions/pfts/pt/ti.pft,/&Opcion=buscar&path_db=/var/www/suitesaber.git/bases/&syspar=/var/www/suitesaber.git/bases/par/syspar.par
**Friday 9th of December 2016 02:42:57 PM Operador: abcd
/central/acquisitions/suggestions_status.php /var/www/suitesaber.git/htdocs/central/dataentry/wxis/imprime.xis &base=suggestions&cipar=/var/www/suitesaber.git/bases/par/suggestions.par&Expresion=STA_0 &Formato=@/var/www/suitesaber.git/bases/suggestions/pfts/pt/ti.pft,/&Opcion=buscar&path_db=/var/www/suitesaber.git/bases/&syspar=/var/www/suitesaber.git/bases/par/syspar.par
**Friday 9th of December 2016 02:45:10 PM Operador: abcd
/central/acquisitions/suggestions_status.php /var/www/suitesaber.git/htdocs/central/dataentry/wxis/imprime.xis &base=suggestions&cipar=/var/www/suitesaber.git/bases/par/suggestions.par&Expresion=STA_0 &Formato=@/var/www/suitesaber.git/bases/suggestions/pfts/pt/ti.pft,/&Opcion=buscar&path_db=/var/www/suitesaber.git/bases/&syspar=/var/www/suitesaber.git/bases/par/syspar.par
**Friday 9th of December 2016 02:45:22 PM Operador: abcd
/central/acquisitions/suggestions_status.php /var/www/suitesaber.git/htdocs/central/dataentry/wxis/imprime.xis &base=suggestions&cipar=/var/www/suitesaber.git/bases/par/suggestions.par&Expresion=STA_0 &Formato=@/var/www/suitesaber.git/bases/suggestions/pfts/pt/ti.pft,/&Opcion=buscar&path_db=/var/www/suitesaber.git/bases/&syspar=/var/www/suitesaber.git/bases/par/syspar.par
**Friday 9th of December 2016 02:47:43 PM Operador: abcd
/central/acquisitions/suggestions_status.php /var/www/suitesaber.git/htdocs/central/dataentry/wxis/imprime.xis &base=suggestions&cipar=/var/www/suitesaber.git/bases/par/suggestions.par&Expresion=STA_0 &Formato=@/var/www/suitesaber.git/bases/suggestions/pfts/pt/ti.pft,/&Opcion=buscar&path_db=/var/www/suitesaber.git/bases/&syspar=/var/www/suitesaber.git/bases/par/syspar.par
**Friday 9th of December 2016 02:47:46 PM Operador: abcd
/central/acquisitions/bidding.php /var/www/suitesaber.git/htdocs/central/dataentry/wxis/imprime.xis &base=suggestions&cipar=/var/www/suitesaber.git/bases/par/suggestions.par&Expresion=(STA_1 or STA_3)&Formato=@/var/www/suitesaber.git/bases/suggestions/pfts/pt/da_bidding.pft,/&Opcion=buscar&path_db=/var/www/suitesaber.git/bases/&syspar=/var/www/suitesaber.git/bases/par/syspar.par
**Friday 9th of December 2016 02:48:50 PM Operador: abcd
/central/acquisitions/bidding.php /var/www/suitesaber.git/htdocs/central/dataentry/wxis/imprime.xis &base=suggestions&cipar=/var/www/suitesaber.git/bases/par/suggestions.par&Expresion=(STA_1 or STA_3)&Formato=@/var/www/suitesaber.git/bases/suggestions/pfts/pt/da_bidding.pft,/&Opcion=buscar&path_db=/var/www/suitesaber.git/bases/&syspar=/var/www/suitesaber.git/bases/par/syspar.par
**Friday 9th of December 2016 02:51:16 PM Operador: abcd
/central/acquisitions/bidding.php /var/www/suitesaber.git/htdocs/central/dataentry/wxis/imprime.xis &base=suggestions&cipar=/var/www/suitesaber.git/bases/par/suggestions.par&Expresion=(STA_1 or STA_3)&Formato=@/var/www/suitesaber.git/bases/suggestions/pfts/pt/da_bidding.pft,/&Opcion=buscar&path_db=/var/www/suitesaber.git/bases/&syspar=/var/www/suitesaber.git/bases/par/syspar.par
**Friday 9th of December 2016 02:52:44 PM Operador: abcd
/central/acquisitions/bidding.php /var/www/suitesaber.git/htdocs/central/dataentry/wxis/imprime.xis &base=suggestions&cipar=/var/www/suitesaber.git/bases/par/suggestions.par&Expresion=(STA_1 or STA_3)&Formato=@/var/www/suitesaber.git/bases/suggestions/pfts/pt/da_bidding.pft,/&Opcion=buscar&path_db=/var/www/suitesaber.git/bases/&syspar=/var/www/suitesaber.git/bases/par/syspar.par
**Friday 9th of December 2016 02:52:48 PM Operador: abcd
/central/acquisitions/overview.php /var/www/suitesaber.git/htdocs/central/dataentry/wxis/ifp.xis &base=suggestions&cipar=/var/www/suitesaber.git/bases/par/suggestions.par&prefijo=STA_&Opcion=diccionario&path_db=/var/www/suitesaber.git/bases/&syspar=/var/www/suitesaber.git/bases/par/syspar.par
**Friday 9th of December 2016 02:52:52 PM Operador: abcd
/central/acquisitions/suggestions_status.php /var/www/suitesaber.git/htdocs/central/dataentry/wxis/imprime.xis &base=suggestions&cipar=/var/www/suitesaber.git/bases/par/suggestions.par&Expresion=STA_0 &Formato=@/var/www/suitesaber.git/bases/suggestions/pfts/pt/ti.pft,/&Opcion=buscar&path_db=/var/www/suitesaber.git/bases/&syspar=/var/www/suitesaber.git/bases/par/syspar.par
**Friday 9th of December 2016 02:52:58 PM Operador: abcd
/central/acquisitions/bidding.php /var/www/suitesaber.git/htdocs/central/dataentry/wxis/imprime.xis &base=suggestions&cipar=/var/www/suitesaber.git/bases/par/suggestions.par&Expresion=(STA_1 or STA_3)&Formato=@/var/www/suitesaber.git/bases/suggestions/pfts/pt/da_bidding.pft,/&Opcion=buscar&path_db=/var/www/suitesaber.git/bases/&syspar=/var/www/suitesaber.git/bases/par/syspar.par
**Friday 9th of December 2016 02:53:00 PM Operador: abcd
/central/acquisitions/decision.php /var/www/suitesaber.git/htdocs/central/dataentry/wxis/imprime.xis &base=suggestions&cipar=/var/www/suitesaber.git/bases/par/suggestions.par&Expresion=(STA_1 or STA_3 or STA_4)&Formato=@/var/www/suitesaber.git/bases/suggestions/pfts/pt/da_decision.pft,/&Opcion=buscar&path_db=/var/www/suitesaber.git/bases/&syspar=/var/www/suitesaber.git/bases/par/syspar.par
**Friday 9th of December 2016 02:53:10 PM Operador: abcd
/central/acquisitions/bidding.php /var/www/suitesaber.git/htdocs/central/dataentry/wxis/imprime.xis &base=suggestions&cipar=/var/www/suitesaber.git/bases/par/suggestions.par&Expresion=(STA_1 or STA_3)&Formato=@/var/www/suitesaber.git/bases/suggestions/pfts/pt/da_bidding.pft,/&Opcion=buscar&path_db=/var/www/suitesaber.git/bases/&syspar=/var/www/suitesaber.git/bases/par/syspar.par
**Friday 9th of December 2016 02:53:12 PM Operador: abcd
/central/acquisitions/decision.php /var/www/suitesaber.git/htdocs/central/dataentry/wxis/imprime.xis &base=suggestions&cipar=/var/www/suitesaber.git/bases/par/suggestions.par&Expresion=(STA_1 or STA_3 or STA_4)&Formato=@/var/www/suitesaber.git/bases/suggestions/pfts/pt/da_decision.pft,/&Opcion=buscar&path_db=/var/www/suitesaber.git/bases/&syspar=/var/www/suitesaber.git/bases/par/syspar.par
**Friday 9th of December 2016 02:53:51 PM Operador: abcd
/central/acquisitions/decision.php /var/www/suitesaber.git/htdocs/central/dataentry/wxis/imprime.xis &base=suggestions&cipar=/var/www/suitesaber.git/bases/par/suggestions.par&Expresion=(STA_1 or STA_3 or STA_4)&Formato=@/var/www/suitesaber.git/bases/suggestions/pfts/pt/da_decision.pft,/&Opcion=buscar&path_db=/var/www/suitesaber.git/bases/&syspar=/var/www/suitesaber.git/bases/par/syspar.par
**Friday 9th of December 2016 02:54:04 PM Operador: abcd
/central/acquisitions/decision.php /var/www/suitesaber.git/htdocs/central/dataentry/wxis/imprime.xis &base=suggestions&cipar=/var/www/suitesaber.git/bases/par/suggestions.par&Expresion=(STA_1 or STA_3 or STA_4)&Formato=@/var/www/suitesaber.git/bases/suggestions/pfts/pt/da_decision.pft,/&Opcion=buscar&path_db=/var/www/suitesaber.git/bases/&syspar=/var/www/suitesaber.git/bases/par/syspar.par
**Friday 9th of December 2016 02:54:57 PM Operador: abcd
/central/acquisitions/decision.php /var/www/suitesaber.git/htdocs/central/dataentry/wxis/imprime.xis &base=suggestions&cipar=/var/www/suitesaber.git/bases/par/suggestions.par&Expresion=(STA_1 or STA_3 or STA_4)&Formato=@/var/www/suitesaber.git/bases/suggestions/pfts/pt/da_decision.pft,/&Opcion=buscar&path_db=/var/www/suitesaber.git/bases/&syspar=/var/www/suitesaber.git/bases/par/syspar.par
**Friday 9th of December 2016 02:55:22 PM Operador: abcd
/central/acquisitions/decision.php /var/www/suitesaber.git/htdocs/central/dataentry/wxis/imprime.xis &base=suggestions&cipar=/var/www/suitesaber.git/bases/par/suggestions.par&Expresion=(STA_1 or STA_3 or STA_4)&Formato=@/var/www/suitesaber.git/bases/suggestions/pfts/pt/da_decision.pft,/&Opcion=buscar&path_db=/var/www/suitesaber.git/bases/&syspar=/var/www/suitesaber.git/bases/par/syspar.par
**Friday 9th of December 2016 02:57:49 PM Operador: abcd
/central/acquisitions/decision.php /var/www/suitesaber.git/htdocs/central/dataentry/wxis/imprime.xis &base=suggestions&cipar=/var/www/suitesaber.git/bases/par/suggestions.par&Expresion=(STA_1 or STA_3 or STA_4)&Formato=@/var/www/suitesaber.git/bases/suggestions/pfts/pt/da_decision.pft,/&Opcion=buscar&path_db=/var/www/suitesaber.git/bases/&syspar=/var/www/suitesaber.git/bases/par/syspar.par
**Friday 9th of December 2016 02:58:21 PM Operador: abcd
/central/acquisitions/decision.php /var/www/suitesaber.git/htdocs/central/dataentry/wxis/imprime.xis &base=suggestions&cipar=/var/www/suitesaber.git/bases/par/suggestions.par&Expresion=(STA_1 or STA_3 or STA_4)&Formato=@/var/www/suitesaber.git/bases/suggestions/pfts/pt/da_decision.pft,/&Opcion=buscar&path_db=/var/www/suitesaber.git/bases/&syspar=/var/www/suitesaber.git/bases/par/syspar.par
**Friday 9th of December 2016 03:01:26 PM Operador: abcd
/central/acquisitions/decision.php /var/www/suitesaber.git/htdocs/central/dataentry/wxis/imprime.xis &base=suggestions&cipar=/var/www/suitesaber.git/bases/par/suggestions.par&Expresion=(STA_1 or STA_3 or STA_4)&Formato=@/var/www/suitesaber.git/bases/suggestions/pfts/pt/da_decision.pft,/&Opcion=buscar&path_db=/var/www/suitesaber.git/bases/&syspar=/var/www/suitesaber.git/bases/par/syspar.par
**Friday 9th of December 2016 03:01:39 PM Operador: abcd
/central/acquisitions/decision.php /var/www/suitesaber.git/htdocs/central/dataentry/wxis/imprime.xis &base=suggestions&cipar=/var/www/suitesaber.git/bases/par/suggestions.par&Expresion=(STA_1 or STA_3 or STA_4)&Formato=@/var/www/suitesaber.git/bases/suggestions/pfts/pt/da_decision.pft,/&Opcion=buscar&path_db=/var/www/suitesaber.git/bases/&syspar=/var/www/suitesaber.git/bases/par/syspar.par
**Friday 9th of December 2016 03:01:54 PM Operador: abcd
/central/acquisitions/decision.php /var/www/suitesaber.git/htdocs/central/dataentry/wxis/imprime.xis &base=suggestions&cipar=/var/www/suitesaber.git/bases/par/suggestions.par&Expresion=(STA_1 or STA_3 or STA_4)&Formato=@/var/www/suitesaber.git/bases/suggestions/pfts/pt/da_decision.pft,/&Opcion=buscar&path_db=/var/www/suitesaber.git/bases/&syspar=/var/www/suitesaber.git/bases/par/syspar.par
**Friday 9th of December 2016 03:02:17 PM Operador: abcd
/central/acquisitions/decision.php /var/www/suitesaber.git/htdocs/central/dataentry/wxis/imprime.xis &base=suggestions&cipar=/var/www/suitesaber.git/bases/par/suggestions.par&Expresion=(STA_1 or STA_3 or STA_4)&Formato=@/var/www/suitesaber.git/bases/suggestions/pfts/pt/da_decision.pft,/&Opcion=buscar&path_db=/var/www/suitesaber.git/bases/&syspar=/var/www/suitesaber.git/bases/par/syspar.par
**Friday 9th of December 2016 03:02:30 PM Operador: abcd
/central/acquisitions/decision.php /var/www/suitesaber.git/htdocs/central/dataentry/wxis/imprime.xis &base=suggestions&cipar=/var/www/suitesaber.git/bases/par/suggestions.par&Expresion=(STA_1 or STA_3 or STA_4)&Formato=@/var/www/suitesaber.git/bases/suggestions/pfts/pt/da_decision.pft,/&Opcion=buscar&path_db=/var/www/suitesaber.git/bases/&syspar=/var/www/suitesaber.git/bases/par/syspar.par
**Friday 9th of December 2016 03:03:02 PM Operador: abcd
/central/acquisitions/decision.php /var/www/suitesaber.git/htdocs/central/dataentry/wxis/imprime.xis &base=suggestions&cipar=/var/www/suitesaber.git/bases/par/suggestions.par&Expresion=(STA_1 or STA_3 or STA_4)&Formato=@/var/www/suitesaber.git/bases/suggestions/pfts/pt/da_decision.pft,/&Opcion=buscar&path_db=/var/www/suitesaber.git/bases/&syspar=/var/www/suitesaber.git/bases/par/syspar.par
**Friday 9th of December 2016 03:03:04 PM Operador: abcd
/central/acquisitions/order.php /var/www/suitesaber.git/htdocs/central/dataentry/wxis/imprime.xis &base=suggestions&cipar=/var/www/suitesaber.git/bases/par/suggestions.par&Expresion=STA_4&Formato=@/var/www/suitesaber.git/bases/suggestions/pfts/pt/pv_order.pft,/&Opcion=buscar&path_db=/var/www/suitesaber.git/bases/&syspar=/var/www/suitesaber.git/bases/par/syspar.par
**Friday 9th of December 2016 03:06:20 PM Operador: abcd
/central/acquisitions/overview.php /var/www/suitesaber.git/htdocs/central/dataentry/wxis/ifp.xis &base=suggestions&cipar=/var/www/suitesaber.git/bases/par/suggestions.par&prefijo=STA_&Opcion=diccionario&path_db=/var/www/suitesaber.git/bases/&syspar=/var/www/suitesaber.git/bases/par/syspar.par
**Friday 9th of December 2016 03:06:24 PM Operador: abcd
/central/acquisitions/suggestions_status.php /var/www/suitesaber.git/htdocs/central/dataentry/wxis/imprime.xis &base=suggestions&cipar=/var/www/suitesaber.git/bases/par/suggestions.par&Expresion=STA_0 &Formato=@/var/www/suitesaber.git/bases/suggestions/pfts/pt/ti.pft,/&Opcion=buscar&path_db=/var/www/suitesaber.git/bases/&syspar=/var/www/suitesaber.git/bases/par/syspar.par
**Friday 9th of December 2016 03:06:25 PM Operador: abcd
/central/acquisitions/bidding.php /var/www/suitesaber.git/htdocs/central/dataentry/wxis/imprime.xis &base=suggestions&cipar=/var/www/suitesaber.git/bases/par/suggestions.par&Expresion=(STA_1 or STA_3)&Formato=@/var/www/suitesaber.git/bases/suggestions/pfts/pt/da_bidding.pft,/&Opcion=buscar&path_db=/var/www/suitesaber.git/bases/&syspar=/var/www/suitesaber.git/bases/par/syspar.par
**Friday 9th of December 2016 03:06:27 PM Operador: abcd
/central/acquisitions/decision.php /var/www/suitesaber.git/htdocs/central/dataentry/wxis/imprime.xis &base=suggestions&cipar=/var/www/suitesaber.git/bases/par/suggestions.par&Expresion=(STA_1 or STA_3 or STA_4)&Formato=@/var/www/suitesaber.git/bases/suggestions/pfts/pt/da_decision.pft,/&Opcion=buscar&path_db=/var/www/suitesaber.git/bases/&syspar=/var/www/suitesaber.git/bases/par/syspar.par
**Friday 9th of December 2016 03:07:40 PM Operador: abcd
/central/acquisitions/overview.php /var/www/suitesaber.git/htdocs/central/dataentry/wxis/ifp.xis &base=suggestions&cipar=/var/www/suitesaber.git/bases/par/suggestions.par&prefijo=STA_&Opcion=diccionario&path_db=/var/www/suitesaber.git/bases/&syspar=/var/www/suitesaber.git/bases/par/syspar.par
**Friday 9th of December 2016 03:07:43 PM Operador: abcd
/central/acquisitions/suggestions_status.php /var/www/suitesaber.git/htdocs/central/dataentry/wxis/imprime.xis &base=suggestions&cipar=/var/www/suitesaber.git/bases/par/suggestions.par&Expresion=STA_0 &Formato=@/var/www/suitesaber.git/bases/suggestions/pfts/pt/ti.pft,/&Opcion=buscar&path_db=/var/www/suitesaber.git/bases/&syspar=/var/www/suitesaber.git/bases/par/syspar.par
**Friday 9th of December 2016 03:07:44 PM Operador: abcd
/central/acquisitions/bidding.php /var/www/suitesaber.git/htdocs/central/dataentry/wxis/imprime.xis &base=suggestions&cipar=/var/www/suitesaber.git/bases/par/suggestions.par&Expresion=(STA_1 or STA_3)&Formato=@/var/www/suitesaber.git/bases/suggestions/pfts/pt/da_bidding.pft,/&Opcion=buscar&path_db=/var/www/suitesaber.git/bases/&syspar=/var/www/suitesaber.git/bases/par/syspar.par
**Friday 9th of December 2016 03:07:46 PM Operador: abcd
/central/acquisitions/decision.php /var/www/suitesaber.git/htdocs/central/dataentry/wxis/imprime.xis &base=suggestions&cipar=/var/www/suitesaber.git/bases/par/suggestions.par&Expresion=(STA_1 or STA_3 or STA_4)&Formato=@/var/www/suitesaber.git/bases/suggestions/pfts/pt/da_decision.pft,/&Opcion=buscar&path_db=/var/www/suitesaber.git/bases/&syspar=/var/www/suitesaber.git/bases/par/syspar.par
**Friday 9th of December 2016 03:07:51 PM Operador: abcd
/central/acquisitions/order.php /var/www/suitesaber.git/htdocs/central/dataentry/wxis/imprime.xis &base=suggestions&cipar=/var/www/suitesaber.git/bases/par/suggestions.par&Expresion=STA_4&Formato=@/var/www/suitesaber.git/bases/suggestions/pfts/pt/pv_order.pft,/&Opcion=buscar&path_db=/var/www/suitesaber.git/bases/&syspar=/var/www/suitesaber.git/bases/par/syspar.par
**Friday 9th of December 2016 03:07:59 PM Operador: abcd
/central/acquisitions/order.php /var/www/suitesaber.git/htdocs/central/dataentry/wxis/imprime.xis &base=suggestions&cipar=/var/www/suitesaber.git/bases/par/suggestions.par&Expresion=STA_4&Formato=@/var/www/suitesaber.git/bases/suggestions/pfts/pt/pv_order.pft,/&Opcion=buscar&path_db=/var/www/suitesaber.git/bases/&syspar=/var/www/suitesaber.git/bases/par/syspar.par
**Friday 9th of December 2016 03:08:15 PM Operador: abcd
/central/acquisitions/order.php /var/www/suitesaber.git/htdocs/central/dataentry/wxis/imprime.xis &base=suggestions&cipar=/var/www/suitesaber.git/bases/par/suggestions.par&Expresion=STA_4&Formato=@/var/www/suitesaber.git/bases/suggestions/pfts/pt/pv_order.pft,/&Opcion=buscar&path_db=/var/www/suitesaber.git/bases/&syspar=/var/www/suitesaber.git/bases/par/syspar.par
**Friday 9th of December 2016 03:11:57 PM Operador: abcd
/central/acquisitions/order.php /var/www/suitesaber.git/htdocs/central/dataentry/wxis/imprime.xis &base=suggestions&cipar=/var/www/suitesaber.git/bases/par/suggestions.par&Expresion=STA_4&Formato=@/var/www/suitesaber.git/bases/suggestions/pfts/pt/pv_order.pft,/&Opcion=buscar&path_db=/var/www/suitesaber.git/bases/&syspar=/var/www/suitesaber.git/bases/par/syspar.par
**Friday 9th of December 2016 03:13:29 PM Operador: abcd
/central/acquisitions/order.php /var/www/suitesaber.git/htdocs/central/dataentry/wxis/imprime.xis &base=suggestions&cipar=/var/www/suitesaber.git/bases/par/suggestions.par&Expresion=STA_4&Formato=@/var/www/suitesaber.git/bases/suggestions/pfts/pt/pv_order.pft,/&Opcion=buscar&path_db=/var/www/suitesaber.git/bases/&syspar=/var/www/suitesaber.git/bases/par/syspar.par
**Friday 9th of December 2016 05:14:12 PM Operador: abcd
/central/acquisitions/order_ex.php /var/www/suitesaber.git/htdocs/central/dataentry/wxis/imprime.xis &base=suggestions&cipar=/var/www/suitesaber.git/bases/par/suggestions.par&Expresion=MFN_2&Formato=@/var/www/suitesaber.git/bases/suggestions/pfts/pt/pv_order.pft&Opcion=buscar&path_db=/var/www/suitesaber.git/bases/&syspar=/var/www/suitesaber.git/bases/par/syspar.par
**Friday 9th of December 2016 05:15:07 PM Operador: abcd
/central/acquisitions/order_ex.php /var/www/suitesaber.git/htdocs/central/dataentry/wxis/imprime.xis &base=suggestions&cipar=/var/www/suitesaber.git/bases/par/suggestions.par&Expresion=MFN_2&Formato=@/var/www/suitesaber.git/bases/suggestions/pfts/pt/pv_order.pft&Opcion=buscar&path_db=/var/www/suitesaber.git/bases/&syspar=/var/www/suitesaber.git/bases/par/syspar.par
**Friday 9th of December 2016 05:15:44 PM Operador: abcd
/central/acquisitions/order_ex.php /var/www/suitesaber.git/htdocs/central/dataentry/wxis/imprime.xis &base=suggestions&cipar=/var/www/suitesaber.git/bases/par/suggestions.par&Expresion=MFN_2&Formato=@/var/www/suitesaber.git/bases/suggestions/pfts/pt/pv_order.pft&Opcion=buscar&path_db=/var/www/suitesaber.git/bases/&syspar=/var/www/suitesaber.git/bases/par/syspar.par
**Friday 9th of December 2016 05:17:28 PM Operador: abcd
/central/acquisitions/order_ex.php /var/www/suitesaber.git/htdocs/central/dataentry/wxis/imprime.xis &base=suggestions&cipar=/var/www/suitesaber.git/bases/par/suggestions.par&Expresion=MFN_2&Formato=@/var/www/suitesaber.git/bases/suggestions/pfts/pt/pv_order.pft&Opcion=buscar&path_db=/var/www/suitesaber.git/bases/&syspar=/var/www/suitesaber.git/bases/par/syspar.par
**Friday 9th of December 2016 05:22:39 PM Operador: abcd
/central/acquisitions/order_ex.php /var/www/suitesaber.git/htdocs/central/dataentry/wxis/imprime.xis &base=suggestions&cipar=/var/www/suitesaber.git/bases/par/suggestions.par&Expresion=MFN_2&Formato=@/var/www/suitesaber.git/bases/suggestions/pfts/pt/pv_order.pft&Opcion=buscar&path_db=/var/www/suitesaber.git/bases/&syspar=/var/www/suitesaber.git/bases/par/syspar.par
**Friday 9th of December 2016 05:22:56 PM Operador: abcd
/central/acquisitions/order_ex.php /var/www/suitesaber.git/htdocs/central/dataentry/wxis/imprime.xis &base=suggestions&cipar=/var/www/suitesaber.git/bases/par/suggestions.par&Expresion=MFN_2&Formato=@/var/www/suitesaber.git/bases/suggestions/pfts/pt/pv_order.pft&Opcion=buscar&path_db=/var/www/suitesaber.git/bases/&syspar=/var/www/suitesaber.git/bases/par/syspar.par
**Friday 9th of December 2016 05:24:14 PM Operador: abcd
/central/acquisitions/order_ex.php /var/www/suitesaber.git/htdocs/central/dataentry/wxis/imprime.xis &base=suggestions&cipar=/var/www/suitesaber.git/bases/par/suggestions.par&Expresion=MFN_2&Formato=@/var/www/suitesaber.git/bases/suggestions/pfts/pt/pv_order.pft&Opcion=buscar&path_db=/var/www/suitesaber.git/bases/&syspar=/var/www/suitesaber.git/bases/par/syspar.par
**Friday 9th of December 2016 05:28:25 PM Operador: abcd
/central/acquisitions/order_ex.php /var/www/suitesaber.git/htdocs/central/dataentry/wxis/imprime.xis &base=suggestions&cipar=/var/www/suitesaber.git/bases/par/suggestions.par&Expresion=MFN_2&Formato=@/var/www/suitesaber.git/bases/suggestions/pfts/pt/pv_order.pft&Opcion=buscar&path_db=/var/www/suitesaber.git/bases/&syspar=/var/www/suitesaber.git/bases/par/syspar.par
**Friday 9th of December 2016 05:28:49 PM Operador: abcd
/central/acquisitions/order_ex.php /var/www/suitesaber.git/htdocs/central/dataentry/wxis/imprime.xis &base=suggestions&cipar=/var/www/suitesaber.git/bases/par/suggestions.par&Expresion=MFN_2&Formato=@/var/www/suitesaber.git/bases/suggestions/pfts/pt/pv_order.pft&Opcion=buscar&path_db=/var/www/suitesaber.git/bases/&syspar=/var/www/suitesaber.git/bases/par/syspar.par
**Friday 9th of December 2016 05:31:15 PM Operador: abcd
/central/acquisitions/order_ex.php /var/www/suitesaber.git/htdocs/central/dataentry/wxis/imprime.xis &base=suggestions&cipar=/var/www/suitesaber.git/bases/par/suggestions.par&Expresion=MFN_2&Formato=@/var/www/suitesaber.git/bases/suggestions/pfts/pt/pv_order.pft&Opcion=buscar&path_db=/var/www/suitesaber.git/bases/&syspar=/var/www/suitesaber.git/bases/par/syspar.par
**Friday 9th of December 2016 05:34:41 PM Operador: abcd
/central/acquisitions/order_ex.php /var/www/suitesaber.git/htdocs/central/dataentry/wxis/imprime.xis &base=suggestions&cipar=/var/www/suitesaber.git/bases/par/suggestions.par&Expresion=MFN_2&Formato=@/var/www/suitesaber.git/bases/suggestions/pfts/pt/pv_order.pft&Opcion=buscar&path_db=/var/www/suitesaber.git/bases/&syspar=/var/www/suitesaber.git/bases/par/syspar.par
**Friday 9th of December 2016 05:36:50 PM Operador: abcd
/central/acquisitions/order_ex.php /var/www/suitesaber.git/htdocs/central/dataentry/wxis/imprime.xis &base=suggestions&cipar=/var/www/suitesaber.git/bases/par/suggestions.par&Expresion=MFN_2&Formato=@/var/www/suitesaber.git/bases/suggestions/pfts/pt/pv_order.pft&Opcion=buscar&path_db=/var/www/suitesaber.git/bases/&syspar=/var/www/suitesaber.git/bases/par/syspar.par
**Friday 9th of December 2016 05:37:39 PM Operador: abcd
/central/acquisitions/order_ex.php /var/www/suitesaber.git/htdocs/central/dataentry/wxis/imprime.xis &base=suggestions&cipar=/var/www/suitesaber.git/bases/par/suggestions.par&Expresion=MFN_2&Formato=@/var/www/suitesaber.git/bases/suggestions/pfts/pt/pv_order.pft&Opcion=buscar&path_db=/var/www/suitesaber.git/bases/&syspar=/var/www/suitesaber.git/bases/par/syspar.par
**Friday 9th of December 2016 05:41:18 PM Operador: abcd
/central/acquisitions/order_ex.php /var/www/suitesaber.git/htdocs/central/dataentry/wxis/imprime.xis &base=suggestions&cipar=/var/www/suitesaber.git/bases/par/suggestions.par&Expresion=MFN_2&Formato=@/var/www/suitesaber.git/bases/suggestions/pfts/pt/pv_order.pft&Opcion=buscar&path_db=/var/www/suitesaber.git/bases/&syspar=/var/www/suitesaber.git/bases/par/syspar.par
**Friday 9th of December 2016 05:42:48 PM Operador: abcd
/central/acquisitions/order_ex.php /var/www/suitesaber.git/htdocs/central/dataentry/wxis/imprime.xis &base=suggestions&cipar=/var/www/suitesaber.git/bases/par/suggestions.par&Expresion=MFN_2&Formato=@/var/www/suitesaber.git/bases/suggestions/pfts/pt/pv_order.pft&Opcion=buscar&path_db=/var/www/suitesaber.git/bases/&syspar=/var/www/suitesaber.git/bases/par/syspar.par
**Friday 9th of December 2016 05:43:30 PM Operador: abcd
/central/acquisitions/order_ex.php /var/www/suitesaber.git/htdocs/central/dataentry/wxis/imprime.xis &base=suggestions&cipar=/var/www/suitesaber.git/bases/par/suggestions.par&Expresion=MFN_2&Formato=@/var/www/suitesaber.git/bases/suggestions/pfts/pt/pv_order.pft&Opcion=buscar&path_db=/var/www/suitesaber.git/bases/&syspar=/var/www/suitesaber.git/bases/par/syspar.par
**Friday 9th of December 2016 05:45:42 PM Operador: abcd
/central/acquisitions/order_ex.php /var/www/suitesaber.git/htdocs/central/dataentry/wxis/imprime.xis &base=suggestions&cipar=/var/www/suitesaber.git/bases/par/suggestions.par&Expresion=MFN_2&Formato=@/var/www/suitesaber.git/bases/suggestions/pfts/pt/pv_order.pft&Opcion=buscar&path_db=/var/www/suitesaber.git/bases/&syspar=/var/www/suitesaber.git/bases/par/syspar.par
