**Friday 16th of December 2016 02:56:57 PM Operador: abcd
/central/circulation/capturaclaves.php /var/www/suitesaber.git/htdocs/central/dataentry/wxis/ifp.xis &base=users&cipar=/var/www/suitesaber.git/bases/par/users.par&Opcion=autoridades&prefijo=NO_&pref=NO_&postings=1&formato_e=v30,`$$$`,if P(v20) then v20 else v35 fi&path_db=/var/www/suitesaber.git/bases/&syspar=/var/www/suitesaber.git/bases/par/syspar.par
**Friday 16th of December 2016 02:56:59 PM Operador: abcd
/central/circulation/capturaclaves.php /var/www/suitesaber.git/htdocs/central/dataentry/wxis/ifp.xis &base=users&cipar=/var/www/suitesaber.git/bases/par/users.par&Opcion=autoridades&prefijo=NO_T&pref=NO_&postings=1&formato_e=v30,`$$$`,if P(v20) then v20 else v35 fi&path_db=/var/www/suitesaber.git/bases/&syspar=/var/www/suitesaber.git/bases/par/syspar.par
**Friday 16th of December 2016 02:58:45 PM Operador: abcd
/central/statistics/tables_generate.php /var/www/suitesaber.git/htdocs/central/dataentry/wxis/administrar.xis &base=marc&cipar=/var/www/suitesaber.git/bases/par/marc.par&Opcion=status&path_db=/var/www/suitesaber.git/bases/&syspar=/var/www/suitesaber.git/bases/par/syspar.par
**Friday 16th of December 2016 03:00:32 PM Operador: abcd
/central/statistics/tables_generate.php /var/www/suitesaber.git/htdocs/central/dataentry/wxis/administrar.xis &base=marc&cipar=/var/www/suitesaber.git/bases/par/marc.par&Opcion=status&path_db=/var/www/suitesaber.git/bases/&syspar=/var/www/suitesaber.git/bases/par/syspar.par
**Friday 16th of December 2016 03:00:47 PM Operador: abcd
/central/statistics/tables_generate.php /var/www/suitesaber.git/htdocs/central/dataentry/wxis/administrar.xis &base=marc&cipar=/var/www/suitesaber.git/bases/par/marc.par&Opcion=status&path_db=/var/www/suitesaber.git/bases/&syspar=/var/www/suitesaber.git/bases/par/syspar.par
**Friday 16th of December 2016 03:00:58 PM Operador: abcd
/central/statistics/tables_generate.php /var/www/suitesaber.git/htdocs/central/dataentry/wxis/administrar.xis &base=marc&cipar=/var/www/suitesaber.git/bases/par/marc.par&Opcion=status&path_db=/var/www/suitesaber.git/bases/&syspar=/var/www/suitesaber.git/bases/par/syspar.par
**Friday 16th of December 2016 03:04:26 PM Operador: abcd
/central/statistics/tables_generate.php /var/www/suitesaber.git/htdocs/central/dataentry/wxis/administrar.xis &base=marc&cipar=/var/www/suitesaber.git/bases/par/marc.par&Opcion=status&path_db=/var/www/suitesaber.git/bases/&syspar=/var/www/suitesaber.git/bases/par/syspar.par
**Friday 16th of December 2016 03:13:33 PM Operador: abcd
/central/dataentry/browse.php /var/www/suitesaber.git/htdocs/central/dataentry/wxis/leer_mfnrange.xis &base=trans&cipar=/var/www/suitesaber.git/bases/par/trans.par&from=1&to=10&Formato=/var/www/suitesaber.git/bases/trans/pfts/pt/tbtrans&Opcion=buscar&path_db=/var/www/suitesaber.git/bases/&syspar=/var/www/suitesaber.git/bases/par/syspar.par
**Friday 16th of December 2016 03:13:57 PM Operador: abcd
/central/dataentry/browse.php /var/www/suitesaber.git/htdocs/central/dataentry/wxis/leer_mfnrange.xis &base=acces&cipar=/var/www/suitesaber.git/bases/par/acces.par&from=1&to=10&Formato=/var/www/suitesaber.git/bases/acces/pfts/pt/tbacces&Opcion=buscar&path_db=/var/www/suitesaber.git/bases/&syspar=/var/www/suitesaber.git/bases/par/syspar.par
**Friday 16th of December 2016 03:15:12 PM Operador: abcd
/central/acquisitions/overview.php /var/www/suitesaber.git/htdocs/central/dataentry/wxis/ifp.xis &base=suggestions&cipar=/var/www/suitesaber.git/bases/par/suggestions.par&prefijo=STA_&Opcion=diccionario&path_db=/var/www/suitesaber.git/bases/&syspar=/var/www/suitesaber.git/bases/par/syspar.par
**Friday 16th of December 2016 03:23:14 PM Operador: abcd
/central/dataentry/browse.php /var/www/suitesaber.git/htdocs/central/dataentry/wxis/leer_mfnrange.xis &base=trans&cipar=/var/www/suitesaber.git/bases/par/trans.par&from=1&to=10&Formato=/var/www/suitesaber.git/bases/trans/pfts/pt/tbtrans&Opcion=buscar&path_db=/var/www/suitesaber.git/bases/&syspar=/var/www/suitesaber.git/bases/par/syspar.par
**Friday 16th of December 2016 03:23:33 PM Operador: abcd
/central/dataentry/browse.php /var/www/suitesaber.git/htdocs/central/dataentry/wxis/leer_mfnrange.xis &base=users&cipar=/var/www/suitesaber.git/bases/par/users.par&from=1&to=10&Formato=/var/www/suitesaber.git/bases/users/pfts/pt/tbusers&Opcion=buscar&path_db=/var/www/suitesaber.git/bases/&syspar=/var/www/suitesaber.git/bases/par/syspar.par
**Friday 16th of December 2016 03:23:35 PM Operador: abcd
/central/dataentry/browse.php /var/www/suitesaber.git/htdocs/central/dataentry/wxis/leer_mfnrange.xis &base=trans&cipar=/var/www/suitesaber.git/bases/par/trans.par&from=1&to=10&Formato=/var/www/suitesaber.git/bases/trans/pfts/pt/tbtrans&Opcion=buscar&path_db=/var/www/suitesaber.git/bases/&syspar=/var/www/suitesaber.git/bases/par/syspar.par
**Friday 16th of December 2016 03:23:42 PM Operador: abcd
/central/dataentry/eliminar_registro.php /var/www/suitesaber.git/htdocs/central/dataentry/wxis/eliminarregistro.xis &base=trans&cipar=/var/www/suitesaber.git/bases/par/trans.par&login=abcd&Mfn=1&Opcion=eliminar&path_db=/var/www/suitesaber.git/bases/&syspar=/var/www/suitesaber.git/bases/par/syspar.par
**Friday 16th of December 2016 03:23:42 PM Operador: abcd
/central/dataentry/browse.php /var/www/suitesaber.git/htdocs/central/dataentry/wxis/leer_mfnrange.xis &base=trans&cipar=/var/www/suitesaber.git/bases/par/trans.par&from=1&to=10&Formato=/var/www/suitesaber.git/bases/trans/pfts/pt/tbtrans&Opcion=buscar&path_db=/var/www/suitesaber.git/bases/&syspar=/var/www/suitesaber.git/bases/par/syspar.par
**Friday 16th of December 2016 03:25:07 PM Operador: abcd
/central/dataentry/browse.php /var/www/suitesaber.git/htdocs/central/dataentry/wxis/leer_mfnrange.xis &base=trans&cipar=/var/www/suitesaber.git/bases/par/trans.par&from=1&to=10&Formato=/var/www/suitesaber.git/bases/trans/pfts/pt/tbtrans&Opcion=buscar&path_db=/var/www/suitesaber.git/bases/&syspar=/var/www/suitesaber.git/bases/par/syspar.par
**Friday 16th of December 2016 03:26:22 PM Operador: abcd
/central/dataentry/browse.php /var/www/suitesaber.git/htdocs/central/dataentry/wxis/leer_mfnrange.xis &base=trans&cipar=/var/www/suitesaber.git/bases/par/trans.par&from=1&to=10&Formato=/var/www/suitesaber.git/bases/trans/pfts/pt/tbtrans&Opcion=buscar&path_db=/var/www/suitesaber.git/bases/&syspar=/var/www/suitesaber.git/bases/par/syspar.par
**Friday 16th of December 2016 03:26:43 PM Operador: abcd
/central/dataentry/browse.php /var/www/suitesaber.git/htdocs/central/dataentry/wxis/leer_mfnrange.xis &base=trans&cipar=/var/www/suitesaber.git/bases/par/trans.par&from=1&to=10&Formato=/var/www/suitesaber.git/bases/trans/pfts/pt/tbtrans&Opcion=buscar&path_db=/var/www/suitesaber.git/bases/&syspar=/var/www/suitesaber.git/bases/par/syspar.par
**Friday 16th of December 2016 03:27:08 PM Operador: abcd
/central/dataentry/browse.php /var/www/suitesaber.git/htdocs/central/dataentry/wxis/leer_mfnrange.xis &base=trans&cipar=/var/www/suitesaber.git/bases/par/trans.par&from=1&to=10&Formato=/var/www/suitesaber.git/bases/trans/pfts/pt/tbtrans&Opcion=buscar&path_db=/var/www/suitesaber.git/bases/&syspar=/var/www/suitesaber.git/bases/par/syspar.par
**Friday 16th of December 2016 03:27:09 PM Operador: abcd
/central/dataentry/browse.php /var/www/suitesaber.git/htdocs/central/dataentry/wxis/leer_mfnrange.xis &base=trans&cipar=/var/www/suitesaber.git/bases/par/trans.par&from=1&to=10&Formato=/var/www/suitesaber.git/bases/trans/pfts/pt/tbtrans&Opcion=buscar&path_db=/var/www/suitesaber.git/bases/&syspar=/var/www/suitesaber.git/bases/par/syspar.par
**Friday 16th of December 2016 03:27:10 PM Operador: abcd
/central/dataentry/browse.php /var/www/suitesaber.git/htdocs/central/dataentry/wxis/leer_mfnrange.xis &base=users&cipar=/var/www/suitesaber.git/bases/par/users.par&from=1&to=10&Formato=/var/www/suitesaber.git/bases/users/pfts/pt/tbusers&Opcion=buscar&path_db=/var/www/suitesaber.git/bases/&syspar=/var/www/suitesaber.git/bases/par/syspar.par
**Friday 16th of December 2016 03:27:12 PM Operador: abcd
/central/dataentry/browse.php /var/www/suitesaber.git/htdocs/central/dataentry/wxis/leer_mfnrange.xis &base=trans&cipar=/var/www/suitesaber.git/bases/par/trans.par&from=1&to=10&Formato=/var/www/suitesaber.git/bases/trans/pfts/pt/tbtrans&Opcion=buscar&path_db=/var/www/suitesaber.git/bases/&syspar=/var/www/suitesaber.git/bases/par/syspar.par
**Friday 16th of December 2016 03:29:11 PM Operador: abcd
/central/dataentry/browse.php /var/www/suitesaber.git/htdocs/central/dataentry/wxis/leer_mfnrange.xis &base=trans&cipar=/var/www/suitesaber.git/bases/par/trans.par&from=1&to=10&Formato=/var/www/suitesaber.git/bases/trans/pfts/pt/tbtrans&Opcion=buscar&path_db=/var/www/suitesaber.git/bases/&syspar=/var/www/suitesaber.git/bases/par/syspar.par
**Friday 16th of December 2016 03:29:14 PM Operador: abcd
/central/dataentry/fmt.php /var/www/suitesaber.git/htdocs/central/dataentry/wxis/lock.xis &base=trans&cipar=/var/www/suitesaber.git/bases/par/trans.par&Mfn=2&login=abcd&lock=S&path_db=/var/www/suitesaber.git/bases/&syspar=/var/www/suitesaber.git/bases/par/syspar.par
**Friday 16th of December 2016 03:29:14 PM Operador: abcd
/central/dataentry/fmt.php /var/www/suitesaber.git/htdocs/central/dataentry/wxis/leer.xis &base=trans&cipar=/var/www/suitesaber.git/bases/par/trans.par&Mfn=2&Opcion=editar&login=abcd&password=adm&Pft=(if p(v1) then '1 'v1'____$$$' fi),(if p(v10) then '10 'v10'____$$$' fi),(if p(v12) then '12 'v12'____$$$' fi),(if p(v15) then '15 'v15'____$$$' fi),(if p(v20) then '20 'v20'____$$$' fi),(if p(v30) then '30 'v30'____$$$' fi),(if p(v35) then '35 'v35'____$$$' fi),(if p(v40) then '40 'v40'____$$$' fi),(if p(v45) then '45 'v45'____$$$' fi),(if p(v60) then '60 'v60'____$$$' fi),(if p(v65) then '65 'v65'____$$$' fi),(if p(v70) then '70 'v70'____$$$' fi),(if p(v80) then '80 'v80'____$$$' fi),(if p(v90) then '90 'v90'____$$$' fi),(if p(v95) then '95 'v95'____$$$' fi),(if p(v98) then '98 'v98'____$$$' fi),(if p(v100) then '100 'v100'____$$$' fi),(if p(v120) then '120 'v120'____$$$' fi),(if p(v130) then '130 'v130'____$$$' fi),(if p(v200) then '200 'v200'____$$$' fi),&lock=S&path_db=/var/www/suitesaber.git/bases/&syspar=/var/www/suitesaber.git/bases/par/syspar.par
**Friday 16th of December 2016 03:30:47 PM Operador: abcd
/central/dataentry/fmt.php /var/www/suitesaber.git/htdocs/central/dataentry/wxis/lock.xis &base=trans&cipar=/var/www/suitesaber.git/bases/par/trans.par&Mfn=2&login=abcd&lock=S&path_db=/var/www/suitesaber.git/bases/&syspar=/var/www/suitesaber.git/bases/par/syspar.par
**Friday 16th of December 2016 03:30:47 PM Operador: abcd
/central/dataentry/fmt.php /var/www/suitesaber.git/htdocs/central/dataentry/wxis/leer.xis &base=trans&cipar=/var/www/suitesaber.git/bases/par/trans.par&Mfn=2&Opcion=editar&login=abcd&password=adm&Pft=(if p(v1) then '1 'v1'____$$$' fi),(if p(v10) then '10 'v10'____$$$' fi),(if p(v12) then '12 'v12'____$$$' fi),(if p(v15) then '15 'v15'____$$$' fi),(if p(v20) then '20 'v20'____$$$' fi),(if p(v30) then '30 'v30'____$$$' fi),(if p(v35) then '35 'v35'____$$$' fi),(if p(v40) then '40 'v40'____$$$' fi),(if p(v45) then '45 'v45'____$$$' fi),(if p(v60) then '60 'v60'____$$$' fi),(if p(v65) then '65 'v65'____$$$' fi),(if p(v70) then '70 'v70'____$$$' fi),(if p(v80) then '80 'v80'____$$$' fi),(if p(v90) then '90 'v90'____$$$' fi),(if p(v95) then '95 'v95'____$$$' fi),(if p(v98) then '98 'v98'____$$$' fi),(if p(v100) then '100 'v100'____$$$' fi),(if p(v120) then '120 'v120'____$$$' fi),(if p(v130) then '130 'v130'____$$$' fi),(if p(v200) then '200 'v200'____$$$' fi),&lock=S&path_db=/var/www/suitesaber.git/bases/&syspar=/var/www/suitesaber.git/bases/par/syspar.par
**Friday 16th of December 2016 03:30:49 PM Operador: abcd
/central/statistics/tables_generate.php /var/www/suitesaber.git/htdocs/central/dataentry/wxis/administrar.xis &base=suspml&cipar=/var/www/suitesaber.git/bases/par/suspml.par&Opcion=status&path_db=/var/www/suitesaber.git/bases/&syspar=/var/www/suitesaber.git/bases/par/syspar.par
**Friday 16th of December 2016 03:32:48 PM Operador: abcd
/central/statistics/tables_generate.php /var/www/suitesaber.git/htdocs/central/dataentry/wxis/administrar.xis &base=suspml&cipar=/var/www/suitesaber.git/bases/par/suspml.par&Opcion=status&path_db=/var/www/suitesaber.git/bases/&syspar=/var/www/suitesaber.git/bases/par/syspar.par
**Friday 16th of December 2016 03:32:50 PM Operador: abcd
/central/statistics/tables_generate.php /var/www/suitesaber.git/htdocs/central/dataentry/wxis/administrar.xis &base=trans&cipar=/var/www/suitesaber.git/bases/par/trans.par&Opcion=status&path_db=/var/www/suitesaber.git/bases/&syspar=/var/www/suitesaber.git/bases/par/syspar.par
**Friday 16th of December 2016 03:32:51 PM Operador: abcd
/central/statistics/tables_generate.php /var/www/suitesaber.git/htdocs/central/dataentry/wxis/administrar.xis &base=suspml&cipar=/var/www/suitesaber.git/bases/par/suspml.par&Opcion=status&path_db=/var/www/suitesaber.git/bases/&syspar=/var/www/suitesaber.git/bases/par/syspar.par
**Friday 16th of December 2016 03:33:15 PM Operador: abcd
/central/statistics/tables_generate.php /var/www/suitesaber.git/htdocs/central/dataentry/wxis/administrar.xis &base=users&cipar=/var/www/suitesaber.git/bases/par/users.par&Opcion=status&path_db=/var/www/suitesaber.git/bases/&syspar=/var/www/suitesaber.git/bases/par/syspar.par
**Friday 16th of December 2016 03:33:16 PM Operador: abcd
/central/statistics/tables_generate.php /var/www/suitesaber.git/htdocs/central/dataentry/wxis/administrar.xis &base=trans&cipar=/var/www/suitesaber.git/bases/par/trans.par&Opcion=status&path_db=/var/www/suitesaber.git/bases/&syspar=/var/www/suitesaber.git/bases/par/syspar.par
**Friday 16th of December 2016 03:33:26 PM Operador: abcd
/central/dataentry/browse.php /var/www/suitesaber.git/htdocs/central/dataentry/wxis/leer_mfnrange.xis &base=reserve&cipar=/var/www/suitesaber.git/bases/par/reserve.par&from=1&to=10&Formato=/var/www/suitesaber.git/bases/reserve/pfts/pt/tbreserve&Opcion=buscar&path_db=/var/www/suitesaber.git/bases/&syspar=/var/www/suitesaber.git/bases/par/syspar.par
**Friday 16th of December 2016 03:33:40 PM Operador: abcd
/central/dataentry/diccionario.php /var/www/suitesaber.git/htdocs/central/dataentry/wxis/ifp.xis &base=reserve&cipar=/var/www/suitesaber.git/bases/par/reserve.par&Opcion=diccionario&prefijo=CN_&campo=Número de control&Diccio=document.forma1.expre&path_db=/var/www/suitesaber.git/bases/&syspar=/var/www/suitesaber.git/bases/par/syspar.par
**Friday 16th of December 2016 03:33:44 PM Operador: abcd
/central/dataentry/diccionario.php /var/www/suitesaber.git/htdocs/central/dataentry/wxis/ifp.xis &base=reserve&cipar=/var/www/suitesaber.git/bases/par/reserve.par&Opcion=diccionario&prefijo=CN_&campo=Número de control&Diccio=document.forma1.expre&LastKey=CN_&path_db=/var/www/suitesaber.git/bases/&syspar=/var/www/suitesaber.git/bases/par/syspar.par
**Friday 16th of December 2016 03:33:48 PM Operador: abcd
/central/dataentry/browse.php /var/www/suitesaber.git/htdocs/central/dataentry/wxis/leer_mfnrange.xis &base=trans&cipar=/var/www/suitesaber.git/bases/par/trans.par&from=1&to=10&Formato=/var/www/suitesaber.git/bases/trans/pfts/pt/tbtrans&Opcion=buscar&path_db=/var/www/suitesaber.git/bases/&syspar=/var/www/suitesaber.git/bases/par/syspar.par
**Friday 16th of December 2016 03:46:30 PM Operador: abcd
/central/statistics/tables_generate.php /var/www/suitesaber.git/htdocs/central/dataentry/wxis/administrar.xis &base=marc&cipar=/var/www/suitesaber.git/bases/par/marc.par&Opcion=status&path_db=/var/www/suitesaber.git/bases/&syspar=/var/www/suitesaber.git/bases/par/syspar.par
**Friday 16th of December 2016 03:46:44 PM Operador: abcd
/central/statistics/tables_generate_ex.php /var/www/suitesaber.git/htdocs/central/dataentry/wxis/imprime.xis &base=marc&cipar=/var/www/suitesaber.git/bases/par/marc.par&Opcion=rango&Formato='$$$$'/&from=1&to=64245&path_db=/var/www/suitesaber.git/bases/&syspar=/var/www/suitesaber.git/bases/par/syspar.par
**Friday 16th of December 2016 03:47:45 PM Operador: abcd
/central/statistics/tables_generate_ex.php /var/www/suitesaber.git/htdocs/central/dataentry/wxis/imprime.xis &base=marc&cipar=/var/www/suitesaber.git/bases/par/marc.par&Opcion=rango&Formato='$$$$'/&from=1&to=64245&path_db=/var/www/suitesaber.git/bases/&syspar=/var/www/suitesaber.git/bases/par/syspar.par
**Friday 16th of December 2016 03:48:54 PM Operador: abcd
/central/statistics/tables_generate_ex.php /var/www/suitesaber.git/htdocs/central/dataentry/wxis/imprime.xis &base=marc&cipar=/var/www/suitesaber.git/bases/par/marc.par&Opcion=rango&Formato='$$$$'/&from=1&to=64245&path_db=/var/www/suitesaber.git/bases/&syspar=/var/www/suitesaber.git/bases/par/syspar.par
**Friday 16th of December 2016 03:49:32 PM Operador: abcd
/central/statistics/tables_generate_ex.php /var/www/suitesaber.git/htdocs/central/dataentry/wxis/imprime.xis &base=marc&cipar=/var/www/suitesaber.git/bases/par/marc.par&Opcion=rango&Formato=Linhas</option&from=1&to=64245&path_db=/var/www/suitesaber.git/bases/&syspar=/var/www/suitesaber.git/bases/par/syspar.par
**Friday 16th of December 2016 03:55:01 PM Operador: abcd
/central/statistics/tables_generate_ex.php /var/www/suitesaber.git/htdocs/central/dataentry/wxis/imprime.xis &base=marc&cipar=/var/www/suitesaber.git/bases/par/marc.par&Opcion=rango&Formato=Linhas</option&from=1&to=64245&path_db=/var/www/suitesaber.git/bases/&syspar=/var/www/suitesaber.git/bases/par/syspar.par
