**Monday 19th of December 2016 09:10:36 AM Operador: abcd
/central/statistics/tables_generate.php /var/www/suitesaber.git/htdocs/central/dataentry/wxis/administrar.xis &base=marc&cipar=/var/www/suitesaber.git/bases/par/marc.par&Opcion=status&path_db=/var/www/suitesaber.git/bases/&syspar=/var/www/suitesaber.git/bases/par/syspar.par
**Monday 19th of December 2016 09:10:54 AM Operador: abcd
/central/dataentry/browse.php /var/www/suitesaber.git/htdocs/central/dataentry/wxis/leer_mfnrange.xis &base=acces&cipar=/var/www/suitesaber.git/bases/par/acces.par&from=1&to=10&Formato=/var/www/suitesaber.git/bases/acces/pfts/pt/tbacces&Opcion=buscar&path_db=/var/www/suitesaber.git/bases/&syspar=/var/www/suitesaber.git/bases/par/syspar.par
**Monday 19th of December 2016 09:11:12 AM Operador: abcd
/central/dataentry/browse.php /var/www/suitesaber.git/htdocs/central/dataentry/wxis/leer_mfnrange.xis &base=users&cipar=/var/www/suitesaber.git/bases/par/users.par&from=1&to=10&Formato=/var/www/suitesaber.git/bases/users/pfts/pt/tbusers&Opcion=buscar&path_db=/var/www/suitesaber.git/bases/&syspar=/var/www/suitesaber.git/bases/par/syspar.par
**Monday 19th of December 2016 09:26:44 AM Operador: abcd
/central/dataentry/browse.php /var/www/suitesaber.git/htdocs/central/dataentry/wxis/leer_mfnrange.xis &base=trans&cipar=/var/www/suitesaber.git/bases/par/trans.par&from=1&to=10&Formato=/var/www/suitesaber.git/bases/trans/pfts/pt/tbtrans&Opcion=buscar&path_db=/var/www/suitesaber.git/bases/&syspar=/var/www/suitesaber.git/bases/par/syspar.par
**Monday 19th of December 2016 09:26:46 AM Operador: abcd
/central/dataentry/browse.php /var/www/suitesaber.git/htdocs/central/dataentry/wxis/leer_mfnrange.xis &base=users&cipar=/var/www/suitesaber.git/bases/par/users.par&from=1&to=10&Formato=/var/www/suitesaber.git/bases/users/pfts/pt/tbusers&Opcion=buscar&path_db=/var/www/suitesaber.git/bases/&syspar=/var/www/suitesaber.git/bases/par/syspar.par
**Monday 19th of December 2016 09:26:48 AM Operador: abcd
/central/dataentry/fmt.php /var/www/suitesaber.git/htdocs/central/dataentry/wxis/lock.xis &base=users&cipar=/var/www/suitesaber.git/bases/par/users.par&Mfn=1&login=abcd&lock=S&path_db=/var/www/suitesaber.git/bases/&syspar=/var/www/suitesaber.git/bases/par/syspar.par
**Monday 19th of December 2016 09:26:48 AM Operador: abcd
/central/dataentry/fmt.php /var/www/suitesaber.git/htdocs/central/dataentry/wxis/leer.xis &base=users&cipar=/var/www/suitesaber.git/bases/par/users.par&Mfn=1&Opcion=editar&login=abcd&password=adm&Pft=(if p(v10) then '10 'v10'____$$$' fi),(if p(v14) then '14 'v14'____$$$' fi),(if p(v15) then '15 'v15'____$$$' fi),(if p(v20) then '20 'v20'____$$$' fi),(if p(v29) then '29 'v29'____$$$' fi),(if p(v30) then '30 'v30'____$$$' fi),(if p(v102) then '102 'v102'____$$$' fi),(if p(v103) then '103 'v103'____$$$' fi),(if p(v101) then '101 'v101'____$$$' fi),(if p(v104) then '104 'v104'____$$$' fi),(if p(v109) then '109 'v109'____$$$' fi),(if p(v210) then '210 'v210'____$$$' fi),(if p(v211) then '211 'v211'____$$$' fi),(if p(v217) then '217 'v217'____$$$' fi),(if p(v212) then '212 'v212'____$$$' fi),(if p(v213) then '213 'v213'____$$$' fi),(if p(v214) then '214 'v214'____$$$' fi),(if p(v216) then '216 'v216'____$$$' fi),(if p(v400) then '400 'v400'____$$$' fi),(if p(v401) then '401 'v401'____$$$' fi),(if p(v402) then '402 'v402'____$$$' fi),(if p(v403) then '403 'v403'____$$$' fi),(if p(v410) then '410 'v410'____$$$' fi),(if p(v411) then '411 'v411'____$$$' fi),(if p(v417) then '417 'v417'____$$$' fi),(if p(v412) then '412 'v412'____$$$' fi),(if p(v413) then '413 'v413'____$$$' fi),(if p(v414) then '414 'v414'____$$$' fi),(if p(v416) then '416 'v416'____$$$' fi),(if p(v310) then '310 'v310'____$$$' fi),(if p(v311) then '311 'v311'____$$$' fi),(if p(v317) then '317 'v317'____$$$' fi),(if p(v312) then '312 'v312'____$$$' fi),(if p(v313) then '313 'v313'____$$$' fi),(if p(v314) then '314 'v314'____$$$' fi),(if p(v315) then '315 'v315'____$$$' fi),(if p(v316) then '316 'v316'____$$$' fi),(if p(v503) then '503 'v503'____$$$' fi),(if p(v501) then '501 'v501'____$$$' fi),(if p(v502) then '502 'v502'____$$$' fi),(if p(v980) then '980 'v980'____$$$' fi),&lock=S&path_db=/var/www/suitesaber.git/bases/&syspar=/var/www/suitesaber.git/bases/par/syspar.par
**Monday 19th of December 2016 09:36:13 AM Operador: abcd
/central/dataentry/fmt.php /var/www/suitesaber.git/htdocs/central/dataentry/wxis/lock.xis &base=users&cipar=/var/www/suitesaber.git/bases/par/users.par&Mfn=1&login=abcd&lock=S&path_db=/var/www/suitesaber.git/bases/&syspar=/var/www/suitesaber.git/bases/par/syspar.par
**Monday 19th of December 2016 09:36:13 AM Operador: abcd
/central/dataentry/fmt.php /var/www/suitesaber.git/htdocs/central/dataentry/wxis/leer.xis &base=users&cipar=/var/www/suitesaber.git/bases/par/users.par&Mfn=1&Opcion=editar&login=abcd&password=adm&Pft=(if p(v10) then '10 'v10'____$$$' fi),(if p(v14) then '14 'v14'____$$$' fi),(if p(v15) then '15 'v15'____$$$' fi),(if p(v20) then '20 'v20'____$$$' fi),(if p(v29) then '29 'v29'____$$$' fi),(if p(v30) then '30 'v30'____$$$' fi),(if p(v102) then '102 'v102'____$$$' fi),(if p(v103) then '103 'v103'____$$$' fi),(if p(v101) then '101 'v101'____$$$' fi),(if p(v104) then '104 'v104'____$$$' fi),(if p(v109) then '109 'v109'____$$$' fi),(if p(v210) then '210 'v210'____$$$' fi),(if p(v211) then '211 'v211'____$$$' fi),(if p(v217) then '217 'v217'____$$$' fi),(if p(v212) then '212 'v212'____$$$' fi),(if p(v213) then '213 'v213'____$$$' fi),(if p(v214) then '214 'v214'____$$$' fi),(if p(v216) then '216 'v216'____$$$' fi),(if p(v400) then '400 'v400'____$$$' fi),(if p(v401) then '401 'v401'____$$$' fi),(if p(v402) then '402 'v402'____$$$' fi),(if p(v403) then '403 'v403'____$$$' fi),(if p(v410) then '410 'v410'____$$$' fi),(if p(v411) then '411 'v411'____$$$' fi),(if p(v417) then '417 'v417'____$$$' fi),(if p(v412) then '412 'v412'____$$$' fi),(if p(v413) then '413 'v413'____$$$' fi),(if p(v414) then '414 'v414'____$$$' fi),(if p(v416) then '416 'v416'____$$$' fi),(if p(v310) then '310 'v310'____$$$' fi),(if p(v311) then '311 'v311'____$$$' fi),(if p(v317) then '317 'v317'____$$$' fi),(if p(v312) then '312 'v312'____$$$' fi),(if p(v313) then '313 'v313'____$$$' fi),(if p(v314) then '314 'v314'____$$$' fi),(if p(v315) then '315 'v315'____$$$' fi),(if p(v316) then '316 'v316'____$$$' fi),(if p(v503) then '503 'v503'____$$$' fi),(if p(v501) then '501 'v501'____$$$' fi),(if p(v502) then '502 'v502'____$$$' fi),(if p(v980) then '980 'v980'____$$$' fi),&lock=S&path_db=/var/www/suitesaber.git/bases/&syspar=/var/www/suitesaber.git/bases/par/syspar.par
**Monday 19th of December 2016 09:38:55 AM Operador: abcd
/central/dataentry/browse.php /var/www/suitesaber.git/htdocs/central/dataentry/wxis/leer_mfnrange.xis &base=suspml&cipar=/var/www/suitesaber.git/bases/par/suspml.par&from=1&to=10&Formato=/var/www/suitesaber.git/bases/suspml/pfts/pt/tbsuspml&Opcion=buscar&path_db=/var/www/suitesaber.git/bases/&syspar=/var/www/suitesaber.git/bases/par/syspar.par
**Monday 19th of December 2016 09:39:00 AM Operador: abcd
/central/dataentry/fmt.php /var/www/suitesaber.git/htdocs/central/dataentry/wxis/lock.xis &base=suspml&cipar=/var/www/suitesaber.git/bases/par/suspml.par&Mfn=1&login=abcd&lock=S&path_db=/var/www/suitesaber.git/bases/&syspar=/var/www/suitesaber.git/bases/par/syspar.par
**Monday 19th of December 2016 09:39:00 AM Operador: abcd
/central/dataentry/fmt.php /var/www/suitesaber.git/htdocs/central/dataentry/wxis/leer.xis &base=suspml&cipar=/var/www/suitesaber.git/bases/par/suspml.par&Mfn=1&Opcion=editar&login=abcd&password=adm&Pft=(if p(v1) then '1 'v1'____$$$' fi),(if p(v10) then '10 'v10'____$$$' fi),(if p(v20) then '20 'v20'____$$$' fi),(if p(v30) then '30 'v30'____$$$' fi),(if p(v40) then '40 'v40'____$$$' fi),(if p(v50) then '50 'v50'____$$$' fi),(if p(v60) then '60 'v60'____$$$' fi),(if p(v100) then '100 'v100'____$$$' fi),(if p(v110) then '110 'v110'____$$$' fi),&lock=S&path_db=/var/www/suitesaber.git/bases/&syspar=/var/www/suitesaber.git/bases/par/syspar.par
**Monday 19th of December 2016 09:39:09 AM Operador: abcd
/central/dataentry/browse.php /var/www/suitesaber.git/htdocs/central/dataentry/wxis/leer_mfnrange.xis &base=reserve&cipar=/var/www/suitesaber.git/bases/par/reserve.par&from=1&to=10&Formato=/var/www/suitesaber.git/bases/reserve/pfts/pt/tbreserve&Opcion=buscar&path_db=/var/www/suitesaber.git/bases/&syspar=/var/www/suitesaber.git/bases/par/syspar.par
**Monday 19th of December 2016 11:10:04 AM Operador: abcd
/central/dataentry/browse.php /var/www/suitesaber.git/htdocs/central/dataentry/wxis/leer_mfnrange.xis &base=reserve&cipar=/var/www/suitesaber.git/bases/par/reserve.par&from=1&to=10&Formato=/var/www/suitesaber.git/bases/reserve/pfts/pt/tbreserve&Opcion=buscar&path_db=/var/www/suitesaber.git/bases/&syspar=/var/www/suitesaber.git/bases/par/syspar.par
**Monday 19th of December 2016 11:10:08 AM Operador: abcd
/central/statistics/tables_generate.php /var/www/suitesaber.git/htdocs/central/dataentry/wxis/administrar.xis &base=users&cipar=/var/www/suitesaber.git/bases/par/users.par&Opcion=status&path_db=/var/www/suitesaber.git/bases/&syspar=/var/www/suitesaber.git/bases/par/syspar.par
**Monday 19th of December 2016 11:10:10 AM Operador: abcd
/central/statistics/tables_generate.php /var/www/suitesaber.git/htdocs/central/dataentry/wxis/administrar.xis &base=trans&cipar=/var/www/suitesaber.git/bases/par/trans.par&Opcion=status&path_db=/var/www/suitesaber.git/bases/&syspar=/var/www/suitesaber.git/bases/par/syspar.par
**Monday 19th of December 2016 11:10:11 AM Operador: abcd
/central/statistics/tables_generate.php /var/www/suitesaber.git/htdocs/central/dataentry/wxis/administrar.xis &base=suspml&cipar=/var/www/suitesaber.git/bases/par/suspml.par&Opcion=status&path_db=/var/www/suitesaber.git/bases/&syspar=/var/www/suitesaber.git/bases/par/syspar.par
**Monday 19th of December 2016 11:10:13 AM Operador: abcd
/central/acquisitions/overview.php /var/www/suitesaber.git/htdocs/central/dataentry/wxis/ifp.xis &base=suggestions&cipar=/var/www/suitesaber.git/bases/par/suggestions.par&prefijo=STA_&Opcion=diccionario&path_db=/var/www/suitesaber.git/bases/&syspar=/var/www/suitesaber.git/bases/par/syspar.par
**Monday 19th of December 2016 11:10:14 AM Operador: abcd
/central/acquisitions/suggestions_status.php /var/www/suitesaber.git/htdocs/central/dataentry/wxis/imprime.xis &base=suggestions&cipar=/var/www/suitesaber.git/bases/par/suggestions.par&Expresion=STA_0 &Formato=@/var/www/suitesaber.git/bases/suggestions/pfts/pt/ti.pft,/&Opcion=buscar&path_db=/var/www/suitesaber.git/bases/&syspar=/var/www/suitesaber.git/bases/par/syspar.par
**Monday 19th of December 2016 11:10:18 AM Operador: abcd
/central/acquisitions/suggestions_status.php /var/www/suitesaber.git/htdocs/central/dataentry/wxis/imprime.xis &base=suggestions&cipar=/var/www/suitesaber.git/bases/par/suggestions.par&Expresion=STA_0 &Formato=@/var/www/suitesaber.git/bases/suggestions/pfts/pt/ti.pft,/&Opcion=buscar&path_db=/var/www/suitesaber.git/bases/&syspar=/var/www/suitesaber.git/bases/par/syspar.par
**Monday 19th of December 2016 11:10:20 AM Operador: abcd
/central/acquisitions/bidding.php /var/www/suitesaber.git/htdocs/central/dataentry/wxis/imprime.xis &base=suggestions&cipar=/var/www/suitesaber.git/bases/par/suggestions.par&Expresion=(STA_1 or STA_3)&Formato=@/var/www/suitesaber.git/bases/suggestions/pfts/pt/da_bidding.pft,/&Opcion=buscar&path_db=/var/www/suitesaber.git/bases/&syspar=/var/www/suitesaber.git/bases/par/syspar.par
**Monday 19th of December 2016 11:10:21 AM Operador: abcd
/central/acquisitions/decision.php /var/www/suitesaber.git/htdocs/central/dataentry/wxis/imprime.xis &base=suggestions&cipar=/var/www/suitesaber.git/bases/par/suggestions.par&Expresion=(STA_1 or STA_3 or STA_4)&Formato=@/var/www/suitesaber.git/bases/suggestions/pfts/pt/da_decision.pft,/&Opcion=buscar&path_db=/var/www/suitesaber.git/bases/&syspar=/var/www/suitesaber.git/bases/par/syspar.par
**Monday 19th of December 2016 11:11:13 AM Operador: abcd
/central/dataentry/show.php /var/www/suitesaber.git/htdocs/central/dataentry/wxis/imprime.xis &base=suggestions&cipar=/var/www/suitesaber.git/bases/par/suggestions.par&from=1&to=1&Formato=@/var/www/suitesaber.git/bases/suggestions/pfts/pt/suggestions.pft&Opcion=rango&path_db=/var/www/suitesaber.git/bases/&syspar=/var/www/suitesaber.git/bases/par/syspar.par
**Monday 19th of December 2016 11:11:15 AM Operador: abcd
/central/acquisitions/decision_ex.php /var/www/suitesaber.git/htdocs/central/dataentry/wxis/lock.xis &base=suggestions&cipar=/var/www/suitesaber.git/bases/par/suggestions.par&Mfn=1&login=abcd&lock=S&path_db=/var/www/suitesaber.git/bases/&syspar=/var/www/suitesaber.git/bases/par/syspar.par
**Monday 19th of December 2016 11:11:15 AM Operador: abcd
/central/acquisitions/decision_ex.php /var/www/suitesaber.git/htdocs/central/dataentry/wxis/leer.xis &base=suggestions&cipar=/var/www/suitesaber.git/bases/par/suggestions.par&Mfn=1&Opcion=editar&login=abcd&Pft=(if p(v1) then '1 'v1'____$$$' fi),(if p(v2) then '2 'v2'____$$$' fi),(if p(v10) then '10 'v10'____$$$' fi),(if p(v3) then '3 'v3'____$$$' fi),(if p(v4) then '4 'v4'____$$$' fi),(if p(v5) then '5 'v5'____$$$' fi),(if p(v6) then '6 'v6'____$$$' fi),(if p(v16) then '16 'v16'____$$$' fi),(if p(v17) then '17 'v17'____$$$' fi),(if p(v18) then '18 'v18'____$$$' fi),(if p(v21) then '21 'v21'____$$$' fi),(if p(v22) then '22 'v22'____$$$' fi),(if p(v29) then '29 'v29'____$$$' fi),(if p(v30) then '30 'v30'____$$$' fi),(if p(v31) then '31 'v31'____$$$' fi),(if p(v32) then '32 'v32'____$$$' fi),(if p(v35) then '35 'v35'____$$$' fi),(if p(v47) then '47 'v47'____$$$' fi),(if p(v38) then '38 'v38'____$$$' fi),(if p(v39) then '39 'v39'____$$$' fi),(if p(v40) then '40 'v40'____$$$' fi),(if p(v41) then '41 'v41'____$$$' fi),(if p(v200) then '200 'v200'____$$$' fi),(if p(v210) then '210 'v210'____$$$' fi),(if p(v211) then '211 'v211'____$$$' fi),(if p(v220) then '220 'v220'____$$$' fi),(if p(v230) then '230 'v230'____$$$' fi),(if p(v231) then '231 'v231'____$$$' fi),(if p(v240) then '240 'v240'____$$$' fi),(if p(v250) then '250 'v250'____$$$' fi),(if p(v300) then '300 'v300'____$$$' fi),(if p(v330) then '330 'v330'____$$$' fi),(if p(v331) then '331 'v331'____$$$' fi),&lock=S&path_db=/var/www/suitesaber.git/bases/&syspar=/var/www/suitesaber.git/bases/par/syspar.par
**Monday 19th of December 2016 11:11:25 AM Operador: abcd
/central/acquisitions/decision.php /var/www/suitesaber.git/htdocs/central/dataentry/wxis/imprime.xis &base=suggestions&cipar=/var/www/suitesaber.git/bases/par/suggestions.par&Expresion=(STA_1 or STA_3 or STA_4)&Formato=@/var/www/suitesaber.git/bases/suggestions/pfts/pt/da_decision.pft,/&Opcion=buscar&path_db=/var/www/suitesaber.git/bases/&syspar=/var/www/suitesaber.git/bases/par/syspar.par
**Monday 19th of December 2016 11:11:27 AM Operador: abcd
/central/acquisitions/decision.php /var/www/suitesaber.git/htdocs/central/dataentry/wxis/imprime.xis &base=suggestions&cipar=/var/www/suitesaber.git/bases/par/suggestions.par&Expresion=(STA_1 or STA_3 or STA_4)&Formato=@/var/www/suitesaber.git/bases/suggestions/pfts/pt/da_decision.pft,/&Opcion=buscar&path_db=/var/www/suitesaber.git/bases/&syspar=/var/www/suitesaber.git/bases/par/syspar.par
**Monday 19th of December 2016 11:13:21 AM Operador: abcd
/central/acquisitions/order.php /var/www/suitesaber.git/htdocs/central/dataentry/wxis/imprime.xis &base=suggestions&cipar=/var/www/suitesaber.git/bases/par/suggestions.par&Expresion=STA_4&Formato=@/var/www/suitesaber.git/bases/suggestions/pfts/pt/pv_order.pft,/&Opcion=buscar&path_db=/var/www/suitesaber.git/bases/&syspar=/var/www/suitesaber.git/bases/par/syspar.par
**Monday 19th of December 2016 11:13:23 AM Operador: abcd
/central/acquisitions/order.php /var/www/suitesaber.git/htdocs/central/dataentry/wxis/imprime.xis &base=suggestions&cipar=/var/www/suitesaber.git/bases/par/suggestions.par&Expresion=STA_4&Formato=@/var/www/suitesaber.git/bases/suggestions/pfts/pt/da_order.pft,/&Opcion=buscar&path_db=/var/www/suitesaber.git/bases/&syspar=/var/www/suitesaber.git/bases/par/syspar.par
**Monday 19th of December 2016 11:13:26 AM Operador: abcd
/central/acquisitions/order.php /var/www/suitesaber.git/htdocs/central/dataentry/wxis/imprime.xis &base=suggestions&cipar=/var/www/suitesaber.git/bases/par/suggestions.par&Expresion=STA_4&Formato=@/var/www/suitesaber.git/bases/suggestions/pfts/pt/da_order.pft,/&Opcion=buscar&path_db=/var/www/suitesaber.git/bases/&syspar=/var/www/suitesaber.git/bases/par/syspar.par
**Monday 19th of December 2016 11:13:29 AM Operador: abcd
/central/dataentry/show.php /var/www/suitesaber.git/htdocs/central/dataentry/wxis/imprime.xis &base=suggestions&cipar=/var/www/suitesaber.git/bases/par/suggestions.par&from=2&to=2&Formato=@/var/www/suitesaber.git/bases/suggestions/pfts/pt/suggestions.pft&Opcion=rango&path_db=/var/www/suitesaber.git/bases/&syspar=/var/www/suitesaber.git/bases/par/syspar.par
**Monday 19th of December 2016 11:13:34 AM Operador: abcd
/central/dataentry/show.php /var/www/suitesaber.git/htdocs/central/dataentry/wxis/imprime.xis &base=suggestions&cipar=/var/www/suitesaber.git/bases/par/suggestions.par&from=2&to=2&Formato=@/var/www/suitesaber.git/bases/suggestions/pfts/pt/suggestions.pft&Opcion=rango&path_db=/var/www/suitesaber.git/bases/&syspar=/var/www/suitesaber.git/bases/par/syspar.par
**Monday 19th of December 2016 11:13:35 AM Operador: abcd
/central/dataentry/show.php /var/www/suitesaber.git/htdocs/central/dataentry/wxis/imprime.xis &base=suggestions&cipar=/var/www/suitesaber.git/bases/par/suggestions.par&Formato=@/var/www/suitesaber.git/bases/suggestions/pfts/pt/suggestions.pft&Total=s&Opcion=buscar&from=1&to=20&path_db=/var/www/suitesaber.git/bases/&syspar=/var/www/suitesaber.git/bases/par/syspar.par
**Monday 19th of December 2016 11:13:42 AM Operador: abcd
/central/acquisitions/pending_order.php /var/www/suitesaber.git/htdocs/central/dataentry/wxis/imprime.xis &base=purchaseorder&cipar=/var/www/suitesaber.git/bases/par/purchaseorder.par&from=1&Formato=@/var/www/suitesaber.git/bases/purchaseorder/pfts/pt/pv_order.pft,/&Opcion=buscar&Expresion=PO_$&path_db=/var/www/suitesaber.git/bases/&syspar=/var/www/suitesaber.git/bases/par/syspar.par
**Monday 19th of December 2016 11:13:46 AM Operador: abcd
/central/acquisitions/sendto_ex.php /var/www/suitesaber.git/htdocs/central/dataentry/wxis/imprime.xis &base=purchaseorder&cipar=/var/www/suitesaber.git/bases/par/purchaseorder.par&Formato=@/var/www/suitesaber.git/bases/purchaseorder/pfts/pt/pv_order.pft,/&Opcion=buscar&path_db=/var/www/suitesaber.git/bases/&syspar=/var/www/suitesaber.git/bases/par/syspar.par
**Monday 19th of December 2016 11:13:49 AM Operador: abcd
/central/dataentry/browse.php /var/www/suitesaber.git/htdocs/central/dataentry/wxis/leer_mfnrange.xis &base=suggestions&cipar=/var/www/suitesaber.git/bases/par/suggestions.par&from=1&to=10&Formato=/var/www/suitesaber.git/bases/suggestions/pfts/pt/tbsuggestions&Opcion=buscar&path_db=/var/www/suitesaber.git/bases/&syspar=/var/www/suitesaber.git/bases/par/syspar.par
**Monday 19th of December 2016 11:13:52 AM Operador: abcd
/central/dataentry/browse.php /var/www/suitesaber.git/htdocs/central/dataentry/wxis/leer_mfnrange.xis &base=suggestions&cipar=/var/www/suitesaber.git/bases/par/suggestions.par&from=1&to=10&Formato=/var/www/suitesaber.git/bases/suggestions/pfts/pt/tbsuggestions&Opcion=buscar&path_db=/var/www/suitesaber.git/bases/&syspar=/var/www/suitesaber.git/bases/par/syspar.par
**Monday 19th of December 2016 11:13:55 AM Operador: abcd
/central/dataentry/fmt.php /var/www/suitesaber.git/htdocs/central/dataentry/wxis/lock.xis &base=suggestions&cipar=/var/www/suitesaber.git/bases/par/suggestions.par&Mfn=1&login=abcd&lock=S&path_db=/var/www/suitesaber.git/bases/&syspar=/var/www/suitesaber.git/bases/par/syspar.par
**Monday 19th of December 2016 11:13:55 AM Operador: abcd
/central/dataentry/fmt.php /var/www/suitesaber.git/htdocs/central/dataentry/wxis/leer.xis &base=suggestions&cipar=/var/www/suitesaber.git/bases/par/suggestions.par&Mfn=1&Opcion=editar&login=abcd&password=adm&Pft=(if p(v1) then '1 'v1'____$$$' fi),(if p(v2) then '2 'v2'____$$$' fi),(if p(v10) then '10 'v10'____$$$' fi),(if p(v3) then '3 'v3'____$$$' fi),(if p(v4) then '4 'v4'____$$$' fi),(if p(v5) then '5 'v5'____$$$' fi),(if p(v6) then '6 'v6'____$$$' fi),(if p(v16) then '16 'v16'____$$$' fi),(if p(v17) then '17 'v17'____$$$' fi),(if p(v18) then '18 'v18'____$$$' fi),(if p(v21) then '21 'v21'____$$$' fi),(if p(v22) then '22 'v22'____$$$' fi),(if p(v29) then '29 'v29'____$$$' fi),(if p(v30) then '30 'v30'____$$$' fi),(if p(v31) then '31 'v31'____$$$' fi),(if p(v32) then '32 'v32'____$$$' fi),(if p(v35) then '35 'v35'____$$$' fi),(if p(v47) then '47 'v47'____$$$' fi),(if p(v38) then '38 'v38'____$$$' fi),(if p(v39) then '39 'v39'____$$$' fi),(if p(v40) then '40 'v40'____$$$' fi),(if p(v41) then '41 'v41'____$$$' fi),(if p(v200) then '200 'v200'____$$$' fi),(if p(v210) then '210 'v210'____$$$' fi),(if p(v211) then '211 'v211'____$$$' fi),(if p(v220) then '220 'v220'____$$$' fi),(if p(v230) then '230 'v230'____$$$' fi),(if p(v231) then '231 'v231'____$$$' fi),(if p(v240) then '240 'v240'____$$$' fi),(if p(v250) then '250 'v250'____$$$' fi),(if p(v300) then '300 'v300'____$$$' fi),(if p(v330) then '330 'v330'____$$$' fi),(if p(v331) then '331 'v331'____$$$' fi),&lock=S&path_db=/var/www/suitesaber.git/bases/&syspar=/var/www/suitesaber.git/bases/par/syspar.par
**Monday 19th of December 2016 11:17:23 AM Operador: abcd
/central/statistics/tables_generate.php /var/www/suitesaber.git/htdocs/central/dataentry/wxis/administrar.xis &base=marc&cipar=/var/www/suitesaber.git/bases/par/marc.par&Opcion=status&path_db=/var/www/suitesaber.git/bases/&syspar=/var/www/suitesaber.git/bases/par/syspar.par
**Monday 19th of December 2016 11:17:46 AM Operador: abcd
/central/statistics/tables_generate.php /var/www/suitesaber.git/htdocs/central/dataentry/wxis/administrar.xis &base=marc&cipar=/var/www/suitesaber.git/bases/par/marc.par&Opcion=status&path_db=/var/www/suitesaber.git/bases/&syspar=/var/www/suitesaber.git/bases/par/syspar.par
**Monday 19th of December 2016 11:20:41 AM Operador: abcd
/central/statistics/tables_generate.php /var/www/suitesaber.git/htdocs/central/dataentry/wxis/administrar.xis &base=marc&cipar=/var/www/suitesaber.git/bases/par/marc.par&Opcion=status&path_db=/var/www/suitesaber.git/bases/&syspar=/var/www/suitesaber.git/bases/par/syspar.par
**Monday 19th of December 2016 01:07:11 PM Operador: abcd
/central/dataentry/browse.php /var/www/suitesaber.git/htdocs/central/dataentry/wxis/leer_mfnrange.xis &base=acces&cipar=/var/www/suitesaber.git/bases/par/acces.par&from=1&to=10&Formato=/var/www/suitesaber.git/bases/acces/pfts/pt/tbacces&Opcion=buscar&path_db=/var/www/suitesaber.git/bases/&syspar=/var/www/suitesaber.git/bases/par/syspar.par
**Monday 19th of December 2016 01:17:30 PM Operador: abcd
/central/dataentry/browse.php /var/www/suitesaber.git/htdocs/central/dataentry/wxis/leer_mfnrange.xis &base=servers&cipar=/var/www/suitesaber.git/bases/par/servers.par&from=1&to=10&Formato=/var/www/suitesaber.git/bases/servers/pfts/pt/tbservers&Opcion=buscar&path_db=/var/www/suitesaber.git/bases/&syspar=/var/www/suitesaber.git/bases/par/syspar.par
**Monday 19th of December 2016 01:17:33 PM Operador: abcd
/central/dataentry/fmt.php /var/www/suitesaber.git/htdocs/central/dataentry/wxis/lock.xis &base=servers&cipar=/var/www/suitesaber.git/bases/par/servers.par&Mfn=1&login=abcd&lock=S&path_db=/var/www/suitesaber.git/bases/&syspar=/var/www/suitesaber.git/bases/par/syspar.par
**Monday 19th of December 2016 01:17:33 PM Operador: abcd
/central/dataentry/fmt.php /var/www/suitesaber.git/htdocs/central/dataentry/wxis/leer.xis &base=servers&cipar=/var/www/suitesaber.git/bases/par/servers.par&Mfn=1&Opcion=editar&login=abcd&password=adm&Pft=(if p(v1) then '1 'v1'____$$$' fi),(if p(v2) then '2 'v2'____$$$' fi),(if p(v3) then '3 'v3'____$$$' fi),(if p(v4) then '4 'v4'____$$$' fi),(if p(v5) then '5 'v5'____$$$' fi),&lock=S&path_db=/var/www/suitesaber.git/bases/&syspar=/var/www/suitesaber.git/bases/par/syspar.par
**Monday 19th of December 2016 01:17:50 PM Operador: abcd
/central/dataentry/browse.php /var/www/suitesaber.git/htdocs/central/dataentry/wxis/leer_mfnrange.xis &base=acces&cipar=/var/www/suitesaber.git/bases/par/acces.par&from=1&to=10&Formato=/var/www/suitesaber.git/bases/acces/pfts/pt/tbacces&Opcion=buscar&path_db=/var/www/suitesaber.git/bases/&syspar=/var/www/suitesaber.git/bases/par/syspar.par
**Monday 19th of December 2016 01:17:55 PM Operador: abcd
/central/dataentry/fmt.php /var/www/suitesaber.git/htdocs/central/dataentry/wxis/lock.xis &base=acces&cipar=/var/www/suitesaber.git/bases/par/acces.par&Mfn=1&login=abcd&lock=S&path_db=/var/www/suitesaber.git/bases/&syspar=/var/www/suitesaber.git/bases/par/syspar.par
**Monday 19th of December 2016 01:17:55 PM Operador: abcd
/central/dataentry/fmt.php /var/www/suitesaber.git/htdocs/central/dataentry/wxis/leer.xis &base=acces&cipar=/var/www/suitesaber.git/bases/par/acces.par&Mfn=1&Opcion=editar&login=abcd&password=adm&Pft=(if p(v10) then '10 'v10'____$$$' fi),(if p(v20) then '20 'v20'____$$$' fi),(if p(v30) then '30 'v30'____$$$' fi),(if p(v40) then '40 'v40'____$$$' fi),(if p(v50) then '50 'v50'____$$$' fi),(if p(v60) then '60 'v60'____$$$' fi),&lock=S&path_db=/var/www/suitesaber.git/bases/&syspar=/var/www/suitesaber.git/bases/par/syspar.par
**Monday 19th of December 2016 01:19:43 PM Operador: abcd
/central/dataentry/browse.php /var/www/suitesaber.git/htdocs/central/dataentry/wxis/leer_mfnrange.xis &base=acces&cipar=/var/www/suitesaber.git/bases/par/acces.par&from=1&to=10&Formato=/var/www/suitesaber.git/bases/acces/pfts/pt/tbacces&Opcion=buscar&path_db=/var/www/suitesaber.git/bases/&syspar=/var/www/suitesaber.git/bases/par/syspar.par
**Monday 19th of December 2016 01:46:45 PM Operador: abcd
/central/dataentry/diccionario.php /var/www/suitesaber.git/htdocs/central/dataentry/wxis/ifp.xis &base=marc&cipar=/var/www/suitesaber.git/bases/par/marc.par&Opcion=diccionario&prefijo=OP_&campo=Catalogador&Diccio=17&path_db=/var/www/suitesaber.git/bases/&syspar=/var/www/suitesaber.git/bases/par/syspar.par
**Monday 19th of December 2016 01:48:03 PM Operador: abcd
/central/dataentry/browse.php /var/www/suitesaber.git/htdocs/central/dataentry/wxis/leer_mfnrange.xis &base=users&cipar=/var/www/suitesaber.git/bases/par/users.par&from=1&to=10&Formato=/var/www/suitesaber.git/bases/users/pfts/pt/tbusers&Opcion=buscar&path_db=/var/www/suitesaber.git/bases/&syspar=/var/www/suitesaber.git/bases/par/syspar.par
**Monday 19th of December 2016 01:48:06 PM Operador: abcd
/central/dataentry/browse.php /var/www/suitesaber.git/htdocs/central/dataentry/wxis/leer_mfnrange.xis &base=trans&cipar=/var/www/suitesaber.git/bases/par/trans.par&from=1&to=10&Formato=/var/www/suitesaber.git/bases/trans/pfts/pt/tbtrans&Opcion=buscar&path_db=/var/www/suitesaber.git/bases/&syspar=/var/www/suitesaber.git/bases/par/syspar.par
**Monday 19th of December 2016 01:48:16 PM Operador: abcd
/central/dataentry/fmt.php /var/www/suitesaber.git/htdocs/central/dataentry/wxis/lock.xis &base=trans&cipar=/var/www/suitesaber.git/bases/par/trans.par&Mfn=4&login=abcd&lock=S&path_db=/var/www/suitesaber.git/bases/&syspar=/var/www/suitesaber.git/bases/par/syspar.par
**Monday 19th of December 2016 01:48:16 PM Operador: abcd
/central/dataentry/fmt.php /var/www/suitesaber.git/htdocs/central/dataentry/wxis/leer.xis &base=trans&cipar=/var/www/suitesaber.git/bases/par/trans.par&Mfn=4&Opcion=editar&login=abcd&password=adm&Pft=(if p(v1) then '1 'v1'____$$$' fi),(if p(v10) then '10 'v10'____$$$' fi),(if p(v12) then '12 'v12'____$$$' fi),(if p(v15) then '15 'v15'____$$$' fi),(if p(v20) then '20 'v20'____$$$' fi),(if p(v30) then '30 'v30'____$$$' fi),(if p(v35) then '35 'v35'____$$$' fi),(if p(v40) then '40 'v40'____$$$' fi),(if p(v45) then '45 'v45'____$$$' fi),(if p(v60) then '60 'v60'____$$$' fi),(if p(v65) then '65 'v65'____$$$' fi),(if p(v70) then '70 'v70'____$$$' fi),(if p(v80) then '80 'v80'____$$$' fi),(if p(v90) then '90 'v90'____$$$' fi),(if p(v95) then '95 'v95'____$$$' fi),(if p(v98) then '98 'v98'____$$$' fi),(if p(v100) then '100 'v100'____$$$' fi),(if p(v120) then '120 'v120'____$$$' fi),(if p(v130) then '130 'v130'____$$$' fi),(if p(v200) then '200 'v200'____$$$' fi),&lock=S&path_db=/var/www/suitesaber.git/bases/&syspar=/var/www/suitesaber.git/bases/par/syspar.par
**Monday 19th of December 2016 01:48:33 PM Operador: abcd
/central/dataentry/browse.php /var/www/suitesaber.git/htdocs/central/dataentry/wxis/leer_mfnrange.xis &base=suspml&cipar=/var/www/suitesaber.git/bases/par/suspml.par&from=1&to=10&Formato=/var/www/suitesaber.git/bases/suspml/pfts/pt/tbsuspml&Opcion=buscar&path_db=/var/www/suitesaber.git/bases/&syspar=/var/www/suitesaber.git/bases/par/syspar.par
**Monday 19th of December 2016 01:49:03 PM Operador: abcd
/central/statistics/tables_generate.php /var/www/suitesaber.git/htdocs/central/dataentry/wxis/administrar.xis &base=users&cipar=/var/www/suitesaber.git/bases/par/users.par&Opcion=status&path_db=/var/www/suitesaber.git/bases/&syspar=/var/www/suitesaber.git/bases/par/syspar.par
**Monday 19th of December 2016 01:49:05 PM Operador: abcd
/central/statistics/tables_generate.php /var/www/suitesaber.git/htdocs/central/dataentry/wxis/administrar.xis &base=trans&cipar=/var/www/suitesaber.git/bases/par/trans.par&Opcion=status&path_db=/var/www/suitesaber.git/bases/&syspar=/var/www/suitesaber.git/bases/par/syspar.par
**Monday 19th of December 2016 01:49:08 PM Operador: abcd
/central/acquisitions/overview.php /var/www/suitesaber.git/htdocs/central/dataentry/wxis/ifp.xis &base=suggestions&cipar=/var/www/suitesaber.git/bases/par/suggestions.par&prefijo=STA_&Opcion=diccionario&path_db=/var/www/suitesaber.git/bases/&syspar=/var/www/suitesaber.git/bases/par/syspar.par
**Monday 19th of December 2016 01:54:23 PM Operador: abcd
/central/dataentry/changeseq.php /var/www/suitesaber.git/htdocs/central/dataentry/wxis/imprime.xis &base=suggestions&cipar=/var/www/suitesaber.git/bases/par/suggestions.par&Expresion=CN_s&Formato=@/var/www/suitesaber.git/bases/suggestions/pfts/pt/suggestions.pft&Opcion=buscar&path_db=/var/www/suitesaber.git/bases/&syspar=/var/www/suitesaber.git/bases/par/syspar.par
**Monday 19th of December 2016 02:03:23 PM Operador: abcd
/central/acquisitions/overview.php /var/www/suitesaber.git/htdocs/central/dataentry/wxis/ifp.xis &base=suggestions&cipar=/var/www/suitesaber.git/bases/par/suggestions.par&prefijo=STA_&Opcion=diccionario&path_db=/var/www/suitesaber.git/bases/&syspar=/var/www/suitesaber.git/bases/par/syspar.par
**Monday 19th of December 2016 02:03:27 PM Operador: abcd
/central/acquisitions/suggestions_status.php /var/www/suitesaber.git/htdocs/central/dataentry/wxis/imprime.xis &base=suggestions&cipar=/var/www/suitesaber.git/bases/par/suggestions.par&Expresion=STA_0 &Formato=@/var/www/suitesaber.git/bases/suggestions/pfts/pt/ti.pft,/&Opcion=buscar&path_db=/var/www/suitesaber.git/bases/&syspar=/var/www/suitesaber.git/bases/par/syspar.par
**Monday 19th of December 2016 02:03:28 PM Operador: abcd
/central/acquisitions/suggestions_status.php /var/www/suitesaber.git/htdocs/central/dataentry/wxis/imprime.xis &base=suggestions&cipar=/var/www/suitesaber.git/bases/par/suggestions.par&Expresion=STA_0 &Formato=@/var/www/suitesaber.git/bases/suggestions/pfts/pt/rb.pft,/&Opcion=buscar&path_db=/var/www/suitesaber.git/bases/&syspar=/var/www/suitesaber.git/bases/par/syspar.par
**Monday 19th of December 2016 02:03:44 PM Operador: abcd
/central/acquisitions/decision.php /var/www/suitesaber.git/htdocs/central/dataentry/wxis/imprime.xis &base=suggestions&cipar=/var/www/suitesaber.git/bases/par/suggestions.par&Expresion=(STA_1 or STA_3 or STA_4)&Formato=@/var/www/suitesaber.git/bases/suggestions/pfts/pt/da_decision.pft,/&Opcion=buscar&path_db=/var/www/suitesaber.git/bases/&syspar=/var/www/suitesaber.git/bases/par/syspar.par
**Monday 19th of December 2016 02:03:46 PM Operador: abcd
/central/acquisitions/suggestions_status.php /var/www/suitesaber.git/htdocs/central/dataentry/wxis/imprime.xis &base=suggestions&cipar=/var/www/suitesaber.git/bases/par/suggestions.par&Expresion=STA_0 &Formato=@/var/www/suitesaber.git/bases/suggestions/pfts/pt/ti.pft,/&Opcion=buscar&path_db=/var/www/suitesaber.git/bases/&syspar=/var/www/suitesaber.git/bases/par/syspar.par
**Monday 19th of December 2016 02:03:47 PM Operador: abcd
/central/acquisitions/bidding.php /var/www/suitesaber.git/htdocs/central/dataentry/wxis/imprime.xis &base=suggestions&cipar=/var/www/suitesaber.git/bases/par/suggestions.par&Expresion=(STA_1 or STA_3)&Formato=@/var/www/suitesaber.git/bases/suggestions/pfts/pt/da_bidding.pft,/&Opcion=buscar&path_db=/var/www/suitesaber.git/bases/&syspar=/var/www/suitesaber.git/bases/par/syspar.par
**Monday 19th of December 2016 02:03:48 PM Operador: abcd
/central/acquisitions/decision.php /var/www/suitesaber.git/htdocs/central/dataentry/wxis/imprime.xis &base=suggestions&cipar=/var/www/suitesaber.git/bases/par/suggestions.par&Expresion=(STA_1 or STA_3 or STA_4)&Formato=@/var/www/suitesaber.git/bases/suggestions/pfts/pt/da_decision.pft,/&Opcion=buscar&path_db=/var/www/suitesaber.git/bases/&syspar=/var/www/suitesaber.git/bases/par/syspar.par
**Monday 19th of December 2016 02:04:02 PM Operador: abcd
/central/dataentry/browse.php /var/www/suitesaber.git/htdocs/central/dataentry/wxis/leer_mfnrange.xis &base=reserve&cipar=/var/www/suitesaber.git/bases/par/reserve.par&from=1&to=10&Formato=/var/www/suitesaber.git/bases/reserve/pfts/pt/tbreserve&Opcion=buscar&path_db=/var/www/suitesaber.git/bases/&syspar=/var/www/suitesaber.git/bases/par/syspar.par
**Monday 19th of December 2016 02:05:54 PM Operador: abcd
/central/dataentry/browse.php /var/www/suitesaber.git/htdocs/central/dataentry/wxis/leer_mfnrange.xis &base=reserve&cipar=/var/www/suitesaber.git/bases/par/reserve.par&from=1&to=10&Formato=/var/www/suitesaber.git/bases/reserve/pfts/pt/tbreserve&Opcion=buscar&path_db=/var/www/suitesaber.git/bases/&syspar=/var/www/suitesaber.git/bases/par/syspar.par
**Monday 19th of December 2016 02:05:59 PM Operador: abcd
/central/dataentry/browse.php /var/www/suitesaber.git/htdocs/central/dataentry/wxis/leer_mfnrange.xis &base=reserve&cipar=/var/www/suitesaber.git/bases/par/reserve.par&from=1&to=10&Formato=/var/www/suitesaber.git/bases/reserve/pfts/pt/tbreserve&Opcion=buscar&path_db=/var/www/suitesaber.git/bases/&syspar=/var/www/suitesaber.git/bases/par/syspar.par
**Monday 19th of December 2016 02:11:34 PM Operador: abcd
/central/circulation/capturaclaves.php /var/www/suitesaber.git/htdocs/central/dataentry/wxis/ifp.xis &base=trans&cipar=/var/www/suitesaber.git/bases/par/trans.par&Opcion=autoridades&prefijo=TR_P_&pref=TR_P_&postings=1&formato_e=v10,`$$$`,v10&path_db=/var/www/suitesaber.git/bases/&syspar=/var/www/suitesaber.git/bases/par/syspar.par
**Monday 19th of December 2016 02:12:00 PM Operador: abcd
/central/statistics/tables_generate.php /var/www/suitesaber.git/htdocs/central/dataentry/wxis/administrar.xis &base=marc&cipar=/var/www/suitesaber.git/bases/par/marc.par&Opcion=status&path_db=/var/www/suitesaber.git/bases/&syspar=/var/www/suitesaber.git/bases/par/syspar.par
**Monday 19th of December 2016 02:12:16 PM Operador: abcd
/central/common/inicio.php /var/www/suitesaber.git/htdocs/central/dataentry/wxis/login.xis &base=acces&cipar=/var/www/suitesaber.git/bases/par/acces.par&login=abcd&password=adm&path_db=/var/www/suitesaber.git/bases/&syspar=/var/www/suitesaber.git/bases/par/syspar.par
**Monday 19th of December 2016 02:12:20 PM Operador: abcd
/central/statistics/tables_generate.php /var/www/suitesaber.git/htdocs/central/dataentry/wxis/administrar.xis &base=marc&cipar=/var/www/suitesaber.git/bases/par/marc.par&Opcion=status&path_db=/var/www/suitesaber.git/bases/&syspar=/var/www/suitesaber.git/bases/par/syspar.par
**Monday 19th of December 2016 02:19:20 PM Operador: abcd
/central/dataentry/diccionario.php /var/www/suitesaber.git/htdocs/central/dataentry/wxis/ifp.xis &base=marc&cipar=/var/www/suitesaber.git/bases/par/marc.par&Opcion=diccionario&prefijo=ST_&campo=Número de classificação&Diccio=0&prologo=prologoact&path_db=/var/www/suitesaber.git/bases/&syspar=/var/www/suitesaber.git/bases/par/syspar.par
**Monday 19th of December 2016 02:23:35 PM Operador: abcd
/central/statistics/tables_generate.php /var/www/suitesaber.git/htdocs/central/dataentry/wxis/administrar.xis &base=marc&cipar=/var/www/suitesaber.git/bases/par/marc.par&Opcion=status&path_db=/var/www/suitesaber.git/bases/&syspar=/var/www/suitesaber.git/bases/par/syspar.par
**Monday 19th of December 2016 03:12:52 PM Operador: abcd
/central/statistics/tables_generate.php /var/www/suitesaber.git/htdocs/central/dataentry/wxis/administrar.xis &base=marc&cipar=/var/www/suitesaber.git/bases/par/marc.par&Opcion=status&path_db=/var/www/suitesaber.git/bases/&syspar=/var/www/suitesaber.git/bases/par/syspar.par
**Monday 19th of December 2016 03:42:06 PM Operador: abcd
/central/circulation/capturaclaves.php /var/www/suitesaber.git/htdocs/central/dataentry/wxis/ifp.xis &base=trans&cipar=/var/www/suitesaber.git/bases/par/trans.par&Opcion=autoridades&prefijo=TR_P_&pref=TR_P_&postings=1&formato_e=v10,`$$$`,v10&path_db=/var/www/suitesaber.git/bases/&syspar=/var/www/suitesaber.git/bases/par/syspar.par
**Monday 19th of December 2016 03:42:51 PM Operador: abcd
/central/circulation/buscar.php /var/www/suitesaber.git/htdocs/central/dataentry/wxis/buscar_ingreso.xis &base=marc&cipar=/var/www/suitesaber.git/bases/par/marc.par&Expresion=((PA_GRAMADO-RS))&Opcion=buscar&Mfn=1&Pft=v245^a," / "v100^a, " - Nª cham."v90^a,"/"v90^b,"/"v90^c'$$$$'v949^a[1]'####'&path_db=/var/www/suitesaber.git/bases/&syspar=/var/www/suitesaber.git/bases/par/syspar.par
**Monday 19th of December 2016 03:52:04 PM Operador: abcd
/central/circulation/capturaclaves.php /var/www/suitesaber.git/htdocs/central/dataentry/wxis/ifp.xis &base=users&cipar=/var/www/suitesaber.git/bases/par/users.par&Opcion=autoridades&prefijo=NO_&pref=NO_&postings=1&formato_e=v30,`$$$`,if P(v20) then v20 else v35 fi&path_db=/var/www/suitesaber.git/bases/&syspar=/var/www/suitesaber.git/bases/par/syspar.par
