**Tuesday 20th of December 2016 09:08:34 AM Operador: abcd
/central/dataentry/z3950.php /var/www/suitesaber.git/htdocs/central/dataentry/wxis/imprime.xis &base=servers&cipar=/var/www/suitesaber.git/bases/par/servers.par&from=1&Formato=v1'|'v2'|'v3'|'v4'|'v5/&Opcion=rango&path_db=/var/www/suitesaber.git/bases/&syspar=/var/www/suitesaber.git/bases/par/syspar.par
**Tuesday 20th of December 2016 09:09:30 AM Operador: abcd
/central/dataentry/browse.php /var/www/suitesaber.git/htdocs/central/dataentry/wxis/leer_mfnrange.xis &base=acces&cipar=/var/www/suitesaber.git/bases/par/acces.par&from=1&to=10&Formato=/var/www/suitesaber.git/bases/acces/pfts/pt/tbacces&Opcion=buscar&path_db=/var/www/suitesaber.git/bases/&syspar=/var/www/suitesaber.git/bases/par/syspar.par
**Tuesday 20th of December 2016 09:09:33 AM Operador: abcd
/central/dataentry/fmt.php /var/www/suitesaber.git/htdocs/central/dataentry/wxis/lock.xis &base=acces&cipar=/var/www/suitesaber.git/bases/par/acces.par&Mfn=1&login=abcd&lock=S&path_db=/var/www/suitesaber.git/bases/&syspar=/var/www/suitesaber.git/bases/par/syspar.par
**Tuesday 20th of December 2016 09:09:33 AM Operador: abcd
/central/dataentry/fmt.php /var/www/suitesaber.git/htdocs/central/dataentry/wxis/leer.xis &base=acces&cipar=/var/www/suitesaber.git/bases/par/acces.par&Mfn=1&Opcion=editar&login=abcd&password=adm&Pft=(if p(v10) then '10 'v10'____$$$' fi),(if p(v20) then '20 'v20'____$$$' fi),(if p(v30) then '30 'v30'____$$$' fi),(if p(v40) then '40 'v40'____$$$' fi),(if p(v50) then '50 'v50'____$$$' fi),(if p(v60) then '60 'v60'____$$$' fi),&lock=S&path_db=/var/www/suitesaber.git/bases/&syspar=/var/www/suitesaber.git/bases/par/syspar.par
**Tuesday 20th of December 2016 09:09:35 AM Operador: abcd
/central/dataentry/browse.php /var/www/suitesaber.git/htdocs/central/dataentry/wxis/leer_mfnrange.xis &base=acces&cipar=/var/www/suitesaber.git/bases/par/acces.par&from=1&to=10&Formato=/var/www/suitesaber.git/bases/acces/pfts/pt/tbacces&Opcion=buscar&path_db=/var/www/suitesaber.git/bases/&syspar=/var/www/suitesaber.git/bases/par/syspar.par
**Tuesday 20th of December 2016 09:10:11 AM Operador: abcd
/central/dataentry/z3950.php /var/www/suitesaber.git/htdocs/central/dataentry/wxis/imprime.xis &base=servers&cipar=/var/www/suitesaber.git/bases/par/servers.par&from=1&Formato=v1'|'v2'|'v3'|'v4'|'v5/&Opcion=rango&path_db=/var/www/suitesaber.git/bases/&syspar=/var/www/suitesaber.git/bases/par/syspar.par
**Tuesday 20th of December 2016 09:10:56 AM Operador: abcd
/central/circulation/capturaclaves.php /var/www/suitesaber.git/htdocs/central/dataentry/wxis/ifp.xis &base=trans&cipar=/var/www/suitesaber.git/bases/par/trans.par&Opcion=autoridades&prefijo=TR_P_&pref=TR_P_&postings=1&formato_e=v10,`$$$`,v10&path_db=/var/www/suitesaber.git/bases/&syspar=/var/www/suitesaber.git/bases/par/syspar.par
**Tuesday 20th of December 2016 09:11:18 AM Operador: abcd
/central/dataentry/browse.php /var/www/suitesaber.git/htdocs/central/dataentry/wxis/leer_mfnrange.xis &base=users&cipar=/var/www/suitesaber.git/bases/par/users.par&from=1&to=10&Formato=/var/www/suitesaber.git/bases/users/pfts/pt/tbusers&Opcion=buscar&path_db=/var/www/suitesaber.git/bases/&syspar=/var/www/suitesaber.git/bases/par/syspar.par
**Tuesday 20th of December 2016 09:11:31 AM Operador: abcd
/central/dataentry/browse.php /var/www/suitesaber.git/htdocs/central/dataentry/wxis/leer_mfnrange.xis &base=trans&cipar=/var/www/suitesaber.git/bases/par/trans.par&from=1&to=10&Formato=/var/www/suitesaber.git/bases/trans/pfts/pt/tbtrans&Opcion=buscar&path_db=/var/www/suitesaber.git/bases/&syspar=/var/www/suitesaber.git/bases/par/syspar.par
**Tuesday 20th of December 2016 09:11:34 AM Operador: abcd
/central/dataentry/fmt.php /var/www/suitesaber.git/htdocs/central/dataentry/wxis/lock.xis &base=trans&cipar=/var/www/suitesaber.git/bases/par/trans.par&Mfn=2&login=abcd&lock=S&path_db=/var/www/suitesaber.git/bases/&syspar=/var/www/suitesaber.git/bases/par/syspar.par
**Tuesday 20th of December 2016 09:11:34 AM Operador: abcd
/central/dataentry/fmt.php /var/www/suitesaber.git/htdocs/central/dataentry/wxis/leer.xis &base=trans&cipar=/var/www/suitesaber.git/bases/par/trans.par&Mfn=2&Opcion=editar&login=abcd&password=adm&Pft=(if p(v1) then '1 'v1'____$$$' fi),(if p(v10) then '10 'v10'____$$$' fi),(if p(v12) then '12 'v12'____$$$' fi),(if p(v15) then '15 'v15'____$$$' fi),(if p(v20) then '20 'v20'____$$$' fi),(if p(v30) then '30 'v30'____$$$' fi),(if p(v35) then '35 'v35'____$$$' fi),(if p(v40) then '40 'v40'____$$$' fi),(if p(v45) then '45 'v45'____$$$' fi),(if p(v60) then '60 'v60'____$$$' fi),(if p(v65) then '65 'v65'____$$$' fi),(if p(v70) then '70 'v70'____$$$' fi),(if p(v80) then '80 'v80'____$$$' fi),(if p(v90) then '90 'v90'____$$$' fi),(if p(v95) then '95 'v95'____$$$' fi),(if p(v98) then '98 'v98'____$$$' fi),(if p(v100) then '100 'v100'____$$$' fi),(if p(v120) then '120 'v120'____$$$' fi),(if p(v130) then '130 'v130'____$$$' fi),(if p(v200) then '200 'v200'____$$$' fi),&lock=S&path_db=/var/www/suitesaber.git/bases/&syspar=/var/www/suitesaber.git/bases/par/syspar.par
**Tuesday 20th of December 2016 09:11:36 AM Operador: abcd
/central/dataentry/browse.php /var/www/suitesaber.git/htdocs/central/dataentry/wxis/leer_mfnrange.xis &base=suspml&cipar=/var/www/suitesaber.git/bases/par/suspml.par&from=1&to=10&Formato=/var/www/suitesaber.git/bases/suspml/pfts/pt/tbsuspml&Opcion=buscar&path_db=/var/www/suitesaber.git/bases/&syspar=/var/www/suitesaber.git/bases/par/syspar.par
**Tuesday 20th of December 2016 09:11:38 AM Operador: abcd
/central/dataentry/fmt.php /var/www/suitesaber.git/htdocs/central/dataentry/wxis/lock.xis &base=suspml&cipar=/var/www/suitesaber.git/bases/par/suspml.par&Mfn=1&login=abcd&lock=S&path_db=/var/www/suitesaber.git/bases/&syspar=/var/www/suitesaber.git/bases/par/syspar.par
**Tuesday 20th of December 2016 09:11:38 AM Operador: abcd
/central/dataentry/fmt.php /var/www/suitesaber.git/htdocs/central/dataentry/wxis/leer.xis &base=suspml&cipar=/var/www/suitesaber.git/bases/par/suspml.par&Mfn=1&Opcion=editar&login=abcd&password=adm&Pft=(if p(v1) then '1 'v1'____$$$' fi),(if p(v10) then '10 'v10'____$$$' fi),(if p(v20) then '20 'v20'____$$$' fi),(if p(v30) then '30 'v30'____$$$' fi),(if p(v40) then '40 'v40'____$$$' fi),(if p(v50) then '50 'v50'____$$$' fi),(if p(v60) then '60 'v60'____$$$' fi),(if p(v100) then '100 'v100'____$$$' fi),(if p(v110) then '110 'v110'____$$$' fi),&lock=S&path_db=/var/www/suitesaber.git/bases/&syspar=/var/www/suitesaber.git/bases/par/syspar.par
**Tuesday 20th of December 2016 09:11:40 AM Operador: abcd
/central/dataentry/browse.php /var/www/suitesaber.git/htdocs/central/dataentry/wxis/leer_mfnrange.xis &base=reserve&cipar=/var/www/suitesaber.git/bases/par/reserve.par&from=1&to=10&Formato=/var/www/suitesaber.git/bases/reserve/pfts/pt/tbreserve&Opcion=buscar&path_db=/var/www/suitesaber.git/bases/&syspar=/var/www/suitesaber.git/bases/par/syspar.par
**Tuesday 20th of December 2016 09:11:45 AM Operador: abcd
/central/statistics/tables_generate.php /var/www/suitesaber.git/htdocs/central/dataentry/wxis/administrar.xis &base=users&cipar=/var/www/suitesaber.git/bases/par/users.par&Opcion=status&path_db=/var/www/suitesaber.git/bases/&syspar=/var/www/suitesaber.git/bases/par/syspar.par
**Tuesday 20th of December 2016 09:11:53 AM Operador: abcd
/central/statistics/tables_generate.php /var/www/suitesaber.git/htdocs/central/dataentry/wxis/administrar.xis &base=trans&cipar=/var/www/suitesaber.git/bases/par/trans.par&Opcion=status&path_db=/var/www/suitesaber.git/bases/&syspar=/var/www/suitesaber.git/bases/par/syspar.par
**Tuesday 20th of December 2016 09:11:55 AM Operador: abcd
/central/statistics/tables_generate.php /var/www/suitesaber.git/htdocs/central/dataentry/wxis/administrar.xis &base=suspml&cipar=/var/www/suitesaber.git/bases/par/suspml.par&Opcion=status&path_db=/var/www/suitesaber.git/bases/&syspar=/var/www/suitesaber.git/bases/par/syspar.par
**Tuesday 20th of December 2016 09:11:59 AM Operador: abcd
/central/acquisitions/overview.php /var/www/suitesaber.git/htdocs/central/dataentry/wxis/ifp.xis &base=suggestions&cipar=/var/www/suitesaber.git/bases/par/suggestions.par&prefijo=STA_&Opcion=diccionario&path_db=/var/www/suitesaber.git/bases/&syspar=/var/www/suitesaber.git/bases/par/syspar.par
**Tuesday 20th of December 2016 09:12:02 AM Operador: abcd
/central/acquisitions/suggestions_status.php /var/www/suitesaber.git/htdocs/central/dataentry/wxis/imprime.xis &base=suggestions&cipar=/var/www/suitesaber.git/bases/par/suggestions.par&Expresion=STA_0 &Formato=@/var/www/suitesaber.git/bases/suggestions/pfts/pt/ti.pft,/&Opcion=buscar&path_db=/var/www/suitesaber.git/bases/&syspar=/var/www/suitesaber.git/bases/par/syspar.par
**Tuesday 20th of December 2016 09:12:06 AM Operador: abcd
/central/acquisitions/bidding.php /var/www/suitesaber.git/htdocs/central/dataentry/wxis/imprime.xis &base=suggestions&cipar=/var/www/suitesaber.git/bases/par/suggestions.par&Expresion=(STA_1 or STA_3)&Formato=@/var/www/suitesaber.git/bases/suggestions/pfts/pt/da_bidding.pft,/&Opcion=buscar&path_db=/var/www/suitesaber.git/bases/&syspar=/var/www/suitesaber.git/bases/par/syspar.par
**Tuesday 20th of December 2016 09:12:07 AM Operador: abcd
/central/acquisitions/decision.php /var/www/suitesaber.git/htdocs/central/dataentry/wxis/imprime.xis &base=suggestions&cipar=/var/www/suitesaber.git/bases/par/suggestions.par&Expresion=(STA_1 or STA_3 or STA_4)&Formato=@/var/www/suitesaber.git/bases/suggestions/pfts/pt/da_decision.pft,/&Opcion=buscar&path_db=/var/www/suitesaber.git/bases/&syspar=/var/www/suitesaber.git/bases/par/syspar.par
**Tuesday 20th of December 2016 09:12:20 AM Operador: abcd
/central/acquisitions/order.php /var/www/suitesaber.git/htdocs/central/dataentry/wxis/imprime.xis &base=suggestions&cipar=/var/www/suitesaber.git/bases/par/suggestions.par&Expresion=STA_4&Formato=@/var/www/suitesaber.git/bases/suggestions/pfts/pt/pv_order.pft,/&Opcion=buscar&path_db=/var/www/suitesaber.git/bases/&syspar=/var/www/suitesaber.git/bases/par/syspar.par
**Tuesday 20th of December 2016 09:12:23 AM Operador: abcd
/central/dataentry/show.php /var/www/suitesaber.git/htdocs/central/dataentry/wxis/imprime.xis &base=suggestions&cipar=/var/www/suitesaber.git/bases/par/suggestions.par&from=2&to=2&Formato=@/var/www/suitesaber.git/bases/suggestions/pfts/pt/suggestions.pft&Opcion=rango&path_db=/var/www/suitesaber.git/bases/&syspar=/var/www/suitesaber.git/bases/par/syspar.par
**Tuesday 20th of December 2016 09:12:28 AM Operador: abcd
/central/acquisitions/pending_order.php /var/www/suitesaber.git/htdocs/central/dataentry/wxis/imprime.xis &base=purchaseorder&cipar=/var/www/suitesaber.git/bases/par/purchaseorder.par&from=1&Formato=@/var/www/suitesaber.git/bases/purchaseorder/pfts/pt/pv_order.pft,/&Opcion=buscar&Expresion=PO_$&path_db=/var/www/suitesaber.git/bases/&syspar=/var/www/suitesaber.git/bases/par/syspar.par
**Tuesday 20th of December 2016 09:12:34 AM Operador: abcd
/central/dataentry/capturaclaves.php /var/www/suitesaber.git/htdocs/central/dataentry/wxis/ifp.xis &base=purchaseorder&cipar=/var/www/suitesaber.git/bases/par/purchaseorder.par&autoridades=S&Opcion=autoridades&prefijo=PO_&pref=PO_&postings=1&formato_e=,v1,&path_db=/var/www/suitesaber.git/bases/&syspar=/var/www/suitesaber.git/bases/par/syspar.par
**Tuesday 20th of December 2016 09:12:36 AM Operador: abcd
/central/dataentry/browse.php /var/www/suitesaber.git/htdocs/central/dataentry/wxis/leer_mfnrange.xis &base=suggestions&cipar=/var/www/suitesaber.git/bases/par/suggestions.par&from=1&to=10&Formato=/var/www/suitesaber.git/bases/suggestions/pfts/pt/tbsuggestions&Opcion=buscar&path_db=/var/www/suitesaber.git/bases/&syspar=/var/www/suitesaber.git/bases/par/syspar.par
**Tuesday 20th of December 2016 09:12:38 AM Operador: abcd
/central/dataentry/fmt.php /var/www/suitesaber.git/htdocs/central/dataentry/wxis/lock.xis &base=suggestions&cipar=/var/www/suitesaber.git/bases/par/suggestions.par&Mfn=1&login=abcd&lock=S&path_db=/var/www/suitesaber.git/bases/&syspar=/var/www/suitesaber.git/bases/par/syspar.par
**Tuesday 20th of December 2016 09:12:38 AM Operador: abcd
/central/dataentry/fmt.php /var/www/suitesaber.git/htdocs/central/dataentry/wxis/leer.xis &base=suggestions&cipar=/var/www/suitesaber.git/bases/par/suggestions.par&Mfn=1&Opcion=editar&login=abcd&password=adm&Pft=(if p(v1) then '1 'v1'____$$$' fi),(if p(v2) then '2 'v2'____$$$' fi),(if p(v10) then '10 'v10'____$$$' fi),(if p(v3) then '3 'v3'____$$$' fi),(if p(v4) then '4 'v4'____$$$' fi),(if p(v5) then '5 'v5'____$$$' fi),(if p(v6) then '6 'v6'____$$$' fi),(if p(v16) then '16 'v16'____$$$' fi),(if p(v17) then '17 'v17'____$$$' fi),(if p(v18) then '18 'v18'____$$$' fi),(if p(v21) then '21 'v21'____$$$' fi),(if p(v22) then '22 'v22'____$$$' fi),(if p(v29) then '29 'v29'____$$$' fi),(if p(v30) then '30 'v30'____$$$' fi),(if p(v31) then '31 'v31'____$$$' fi),(if p(v32) then '32 'v32'____$$$' fi),(if p(v35) then '35 'v35'____$$$' fi),(if p(v47) then '47 'v47'____$$$' fi),(if p(v38) then '38 'v38'____$$$' fi),(if p(v39) then '39 'v39'____$$$' fi),(if p(v40) then '40 'v40'____$$$' fi),(if p(v41) then '41 'v41'____$$$' fi),(if p(v200) then '200 'v200'____$$$' fi),(if p(v210) then '210 'v210'____$$$' fi),(if p(v211) then '211 'v211'____$$$' fi),(if p(v220) then '220 'v220'____$$$' fi),(if p(v230) then '230 'v230'____$$$' fi),(if p(v231) then '231 'v231'____$$$' fi),(if p(v240) then '240 'v240'____$$$' fi),(if p(v250) then '250 'v250'____$$$' fi),(if p(v300) then '300 'v300'____$$$' fi),(if p(v330) then '330 'v330'____$$$' fi),(if p(v331) then '331 'v331'____$$$' fi),&lock=S&path_db=/var/www/suitesaber.git/bases/&syspar=/var/www/suitesaber.git/bases/par/syspar.par
**Tuesday 20th of December 2016 09:12:41 AM Operador: abcd
/central/dataentry/browse.php /var/www/suitesaber.git/htdocs/central/dataentry/wxis/leer_mfnrange.xis &base=providers&cipar=/var/www/suitesaber.git/bases/par/providers.par&from=1&to=10&Formato=/var/www/suitesaber.git/bases/providers/pfts/pt/tbproviders&Opcion=buscar&path_db=/var/www/suitesaber.git/bases/&syspar=/var/www/suitesaber.git/bases/par/syspar.par
**Tuesday 20th of December 2016 09:12:43 AM Operador: abcd
/central/dataentry/fmt.php /var/www/suitesaber.git/htdocs/central/dataentry/wxis/lock.xis &base=providers&cipar=/var/www/suitesaber.git/bases/par/providers.par&Mfn=1&login=abcd&lock=S&path_db=/var/www/suitesaber.git/bases/&syspar=/var/www/suitesaber.git/bases/par/syspar.par
**Tuesday 20th of December 2016 09:12:43 AM Operador: abcd
/central/dataentry/fmt.php /var/www/suitesaber.git/htdocs/central/dataentry/wxis/leer.xis &base=providers&cipar=/var/www/suitesaber.git/bases/par/providers.par&Mfn=1&Opcion=editar&login=abcd&password=adm&Pft=(if p(v1) then '1 'v1'____$$$' fi),(if p(v5) then '5 'v5'____$$$' fi),(if p(v10) then '10 'v10'____$$$' fi),(if p(v20) then '20 'v20'____$$$' fi),(if p(v30) then '30 'v30'____$$$' fi),(if p(v40) then '40 'v40'____$$$' fi),(if p(v50) then '50 'v50'____$$$' fi),(if p(v60) then '60 'v60'____$$$' fi),(if p(v70) then '70 'v70'____$$$' fi),(if p(v80) then '80 'v80'____$$$' fi),(if p(v90) then '90 'v90'____$$$' fi),(if p(v200) then '200 'v200'____$$$' fi),&lock=S&path_db=/var/www/suitesaber.git/bases/&syspar=/var/www/suitesaber.git/bases/par/syspar.par
**Tuesday 20th of December 2016 09:12:46 AM Operador: abcd
/central/dataentry/browse.php /var/www/suitesaber.git/htdocs/central/dataentry/wxis/leer_mfnrange.xis &base=purchaseorder&cipar=/var/www/suitesaber.git/bases/par/purchaseorder.par&from=1&to=10&Formato=/var/www/suitesaber.git/bases/purchaseorder/pfts/pt/tbpurchaseorder&Opcion=buscar&path_db=/var/www/suitesaber.git/bases/&syspar=/var/www/suitesaber.git/bases/par/syspar.par
**Tuesday 20th of December 2016 09:12:48 AM Operador: abcd
/central/dataentry/fmt.php /var/www/suitesaber.git/htdocs/central/dataentry/wxis/lock.xis &base=purchaseorder&cipar=/var/www/suitesaber.git/bases/par/purchaseorder.par&Mfn=1&login=abcd&lock=S&path_db=/var/www/suitesaber.git/bases/&syspar=/var/www/suitesaber.git/bases/par/syspar.par
**Tuesday 20th of December 2016 09:12:48 AM Operador: abcd
/central/dataentry/fmt.php /var/www/suitesaber.git/htdocs/central/dataentry/wxis/leer.xis &base=purchaseorder&cipar=/var/www/suitesaber.git/bases/par/purchaseorder.par&Mfn=1&Opcion=editar&login=abcd&password=adm&Pft=(if p(v1) then '1 'v1'____$$$' fi),(if p(v2) then '2 'v2'____$$$' fi),(if p(v3) then '3 'v3'____$$$' fi),(if p(v5) then '5 'v5'____$$$' fi),(if p(v16) then '16 'v16'____$$$' fi),(if p(v17) then '17 'v17'____$$$' fi),(if p(v18) then '18 'v18'____$$$' fi),(if p(v21) then '21 'v21'____$$$' fi),(if p(v29) then '29 'v29'____$$$' fi),(if p(v30) then '30 'v30'____$$$' fi),(if p(v31) then '31 'v31'____$$$' fi),(if p(v32) then '32 'v32'____$$$' fi),(if p(v35) then '35 'v35'____$$$' fi),(if p(v47) then '47 'v47'____$$$' fi),(if p(v38) then '38 'v38'____$$$' fi),(if p(v39) then '39 'v39'____$$$' fi),(if p(v40) then '40 'v40'____$$$' fi),(if p(v41) then '41 'v41'____$$$' fi),(if p(v50) then '50 'v50'____$$$' fi),(if p(v450) then '450 'v450'____$$$' fi),(if p(v480) then '480 'v480'____$$$' fi),(if p(v481) then '481 'v481'____$$$' fi),(if p(v500) then '500 'v500'____$$$' fi),&lock=S&path_db=/var/www/suitesaber.git/bases/&syspar=/var/www/suitesaber.git/bases/par/syspar.par
**Tuesday 20th of December 2016 09:12:51 AM Operador: abcd
/central/dataentry/browse.php /var/www/suitesaber.git/htdocs/central/dataentry/wxis/leer_mfnrange.xis &base=copies&cipar=/var/www/suitesaber.git/bases/par/copies.par&from=1&to=10&Formato=/var/www/suitesaber.git/bases/copies/pfts/pt/tbcopies&Opcion=buscar&path_db=/var/www/suitesaber.git/bases/&syspar=/var/www/suitesaber.git/bases/par/syspar.par
**Tuesday 20th of December 2016 09:13:54 AM Operador: abcd
/central/statistics/tables_generate.php /var/www/suitesaber.git/htdocs/central/dataentry/wxis/administrar.xis &base=users&cipar=/var/www/suitesaber.git/bases/par/users.par&Opcion=status&path_db=/var/www/suitesaber.git/bases/&syspar=/var/www/suitesaber.git/bases/par/syspar.par
**Tuesday 20th of December 2016 09:17:39 AM Operador: abcd
/central/statistics/tables_generate.php /var/www/suitesaber.git/htdocs/central/dataentry/wxis/administrar.xis &base=users&cipar=/var/www/suitesaber.git/bases/par/users.par&Opcion=status&path_db=/var/www/suitesaber.git/bases/&syspar=/var/www/suitesaber.git/bases/par/syspar.par
**Tuesday 20th of December 2016 09:20:58 AM Operador: abcd
/central/statistics/tables_generate.php /var/www/suitesaber.git/htdocs/central/dataentry/wxis/administrar.xis &base=trans&cipar=/var/www/suitesaber.git/bases/par/trans.par&Opcion=status&path_db=/var/www/suitesaber.git/bases/&syspar=/var/www/suitesaber.git/bases/par/syspar.par
**Tuesday 20th of December 2016 09:36:19 AM Operador: abcd
/central/statistics/tables_generate.php /var/www/suitesaber.git/htdocs/central/dataentry/wxis/administrar.xis &base=trans&cipar=/var/www/suitesaber.git/bases/par/trans.par&Opcion=status&path_db=/var/www/suitesaber.git/bases/&syspar=/var/www/suitesaber.git/bases/par/syspar.par
**Tuesday 20th of December 2016 09:40:08 AM Operador: abcd
/central/statistics/tables_generate.php /var/www/suitesaber.git/htdocs/central/dataentry/wxis/administrar.xis &base=users&cipar=/var/www/suitesaber.git/bases/par/users.par&Opcion=status&path_db=/var/www/suitesaber.git/bases/&syspar=/var/www/suitesaber.git/bases/par/syspar.par
**Tuesday 20th of December 2016 09:40:34 AM Operador: abcd
/central/statistics/tables_generate.php /var/www/suitesaber.git/htdocs/central/dataentry/wxis/administrar.xis &base=users&cipar=/var/www/suitesaber.git/bases/par/users.par&Opcion=status&path_db=/var/www/suitesaber.git/bases/&syspar=/var/www/suitesaber.git/bases/par/syspar.par
**Tuesday 20th of December 2016 09:40:39 AM Operador: abcd
/central/statistics/tables_generate.php /var/www/suitesaber.git/htdocs/central/dataentry/wxis/administrar.xis &base=trans&cipar=/var/www/suitesaber.git/bases/par/trans.par&Opcion=status&path_db=/var/www/suitesaber.git/bases/&syspar=/var/www/suitesaber.git/bases/par/syspar.par
**Tuesday 20th of December 2016 09:40:46 AM Operador: abcd
/central/statistics/tables_generate.php /var/www/suitesaber.git/htdocs/central/dataentry/wxis/administrar.xis &base=trans&cipar=/var/www/suitesaber.git/bases/par/trans.par&Opcion=status&path_db=/var/www/suitesaber.git/bases/&syspar=/var/www/suitesaber.git/bases/par/syspar.par
**Tuesday 20th of December 2016 09:42:32 AM Operador: abcd
/central/statistics/tables_generate.php /var/www/suitesaber.git/htdocs/central/dataentry/wxis/administrar.xis &base=users&cipar=/var/www/suitesaber.git/bases/par/users.par&Opcion=status&path_db=/var/www/suitesaber.git/bases/&syspar=/var/www/suitesaber.git/bases/par/syspar.par
**Tuesday 20th of December 2016 09:48:42 AM Operador: abcd
/central/statistics/tables_generate.php /var/www/suitesaber.git/htdocs/central/dataentry/wxis/administrar.xis &base=trans&cipar=/var/www/suitesaber.git/bases/par/trans.par&Opcion=status&path_db=/var/www/suitesaber.git/bases/&syspar=/var/www/suitesaber.git/bases/par/syspar.par
**Tuesday 20th of December 2016 09:48:57 AM Operador: abcd
/central/statistics/tables_generate.php /var/www/suitesaber.git/htdocs/central/dataentry/wxis/administrar.xis &base=suspml&cipar=/var/www/suitesaber.git/bases/par/suspml.par&Opcion=status&path_db=/var/www/suitesaber.git/bases/&syspar=/var/www/suitesaber.git/bases/par/syspar.par
**Tuesday 20th of December 2016 09:50:13 AM Operador: abcd
/central/acquisitions/overview.php /var/www/suitesaber.git/htdocs/central/dataentry/wxis/ifp.xis &base=suggestions&cipar=/var/www/suitesaber.git/bases/par/suggestions.par&prefijo=STA_&Opcion=diccionario&path_db=/var/www/suitesaber.git/bases/&syspar=/var/www/suitesaber.git/bases/par/syspar.par
**Tuesday 20th of December 2016 09:50:19 AM Operador: abcd
/central/acquisitions/suggestions_status.php /var/www/suitesaber.git/htdocs/central/dataentry/wxis/imprime.xis &base=suggestions&cipar=/var/www/suitesaber.git/bases/par/suggestions.par&Expresion=STA_0 &Formato=@/var/www/suitesaber.git/bases/suggestions/pfts/pt/ti.pft,/&Opcion=buscar&path_db=/var/www/suitesaber.git/bases/&syspar=/var/www/suitesaber.git/bases/par/syspar.par
**Tuesday 20th of December 2016 09:50:20 AM Operador: abcd
/central/acquisitions/suggestions_status.php /var/www/suitesaber.git/htdocs/central/dataentry/wxis/imprime.xis &base=suggestions&cipar=/var/www/suitesaber.git/bases/par/suggestions.par&Expresion=STA_0 &Formato=@/var/www/suitesaber.git/bases/suggestions/pfts/pt/rb.pft,/&Opcion=buscar&path_db=/var/www/suitesaber.git/bases/&syspar=/var/www/suitesaber.git/bases/par/syspar.par
**Tuesday 20th of December 2016 09:50:23 AM Operador: abcd
/central/statistics/tables_generate.php /var/www/suitesaber.git/htdocs/central/dataentry/wxis/administrar.xis &base=marc&cipar=/var/www/suitesaber.git/bases/par/marc.par&Opcion=status&path_db=/var/www/suitesaber.git/bases/&syspar=/var/www/suitesaber.git/bases/par/syspar.par
**Tuesday 20th of December 2016 09:54:27 AM Operador: abcd
/central/statistics/tables_generate.php /var/www/suitesaber.git/htdocs/central/dataentry/wxis/administrar.xis &base=marc&cipar=/var/www/suitesaber.git/bases/par/marc.par&Opcion=status&path_db=/var/www/suitesaber.git/bases/&syspar=/var/www/suitesaber.git/bases/par/syspar.par
**Tuesday 20th of December 2016 09:58:36 AM Operador: abcd
/central/dbadmin/assign_control_number.php /var/www/suitesaber.git/htdocs/central/dataentry/wxis/administrar.xis &base=marc&cipar=/var/www/suitesaber.git/bases/par/marc.par&Opcion=status&path_db=/var/www/suitesaber.git/bases/&syspar=/var/www/suitesaber.git/bases/par/syspar.par
**Tuesday 20th of December 2016 10:05:00 AM Operador: abcd
/central/dbadmin/addloanobjectcopies.php /var/www/suitesaber.git/htdocs/central/dataentry/wxis/administrar.xis &base=marc&cipar=/var/www/suitesaber.git/bases/par/marc.par&Opcion=status&path_db=/var/www/suitesaber.git/bases/&syspar=/var/www/suitesaber.git/bases/par/syspar.par
**Tuesday 20th of December 2016 10:06:36 AM Operador: abcd
/central/dbadmin/addloanobjectcopies.php /var/www/suitesaber.git/htdocs/central/dataentry/wxis/administrar.xis &base=marc&cipar=/var/www/suitesaber.git/bases/par/marc.par&Opcion=status&path_db=/var/www/suitesaber.git/bases/&syspar=/var/www/suitesaber.git/bases/par/syspar.par
**Tuesday 20th of December 2016 10:06:48 AM Operador: abcd
/central/dbadmin/addloanobjectcopies.php /var/www/suitesaber.git/htdocs/central/dataentry/wxis/administrar.xis &base=marc&cipar=/var/www/suitesaber.git/bases/par/marc.par&Opcion=status&path_db=/var/www/suitesaber.git/bases/&syspar=/var/www/suitesaber.git/bases/par/syspar.par
**Tuesday 20th of December 2016 10:08:44 AM Operador: abcd
/central/dbadmin/addcopiesdatabase.php /var/www/suitesaber.git/htdocs/central/dataentry/wxis/administrar.xis &base=marc&cipar=/var/www/suitesaber.git/bases/par/marc.par&Opcion=status&path_db=/var/www/suitesaber.git/bases/&syspar=/var/www/suitesaber.git/bases/par/syspar.par
**Tuesday 20th of December 2016 10:09:19 AM Operador: abcd
/central/statistics/tables_generate.php /var/www/suitesaber.git/htdocs/central/dataentry/wxis/administrar.xis &base=marc&cipar=/var/www/suitesaber.git/bases/par/marc.par&Opcion=status&path_db=/var/www/suitesaber.git/bases/&syspar=/var/www/suitesaber.git/bases/par/syspar.par
**Tuesday 20th of December 2016 10:09:29 AM Operador: abcd
/central/statistics/tables_generate.php /var/www/suitesaber.git/htdocs/central/dataentry/wxis/administrar.xis &base=marc&cipar=/var/www/suitesaber.git/bases/par/marc.par&Opcion=status&path_db=/var/www/suitesaber.git/bases/&syspar=/var/www/suitesaber.git/bases/par/syspar.par
**Tuesday 20th of December 2016 10:09:42 AM Operador: abcd
/central/statistics/tables_generate.php /var/www/suitesaber.git/htdocs/central/dataentry/wxis/administrar.xis &base=marc&cipar=/var/www/suitesaber.git/bases/par/marc.par&Opcion=status&path_db=/var/www/suitesaber.git/bases/&syspar=/var/www/suitesaber.git/bases/par/syspar.par
**Tuesday 20th of December 2016 10:12:28 AM Operador: abcd
/central/statistics/tables_generate.php /var/www/suitesaber.git/htdocs/central/dataentry/wxis/administrar.xis &base=marc&cipar=/var/www/suitesaber.git/bases/par/marc.par&Opcion=status&path_db=/var/www/suitesaber.git/bases/&syspar=/var/www/suitesaber.git/bases/par/syspar.par
**Tuesday 20th of December 2016 10:15:31 AM Operador: abcd
/central/statistics/tables_generate.php /var/www/suitesaber.git/htdocs/central/dataentry/wxis/administrar.xis &base=marc&cipar=/var/www/suitesaber.git/bases/par/marc.par&Opcion=status&path_db=/var/www/suitesaber.git/bases/&syspar=/var/www/suitesaber.git/bases/par/syspar.par
**Tuesday 20th of December 2016 10:19:18 AM Operador: abcd
/central/statistics/tables_generate.php /var/www/suitesaber.git/htdocs/central/dataentry/wxis/administrar.xis &base=marc&cipar=/var/www/suitesaber.git/bases/par/marc.par&Opcion=status&path_db=/var/www/suitesaber.git/bases/&syspar=/var/www/suitesaber.git/bases/par/syspar.par
**Tuesday 20th of December 2016 10:19:50 AM Operador: abcd
/central/statistics/tables_generate.php /var/www/suitesaber.git/htdocs/central/dataentry/wxis/administrar.xis &base=trans&cipar=/var/www/suitesaber.git/bases/par/trans.par&Opcion=status&path_db=/var/www/suitesaber.git/bases/&syspar=/var/www/suitesaber.git/bases/par/syspar.par
**Tuesday 20th of December 2016 10:20:27 AM Operador: abcd
/central/statistics/tables_generate.php /var/www/suitesaber.git/htdocs/central/dataentry/wxis/administrar.xis &base=trans&cipar=/var/www/suitesaber.git/bases/par/trans.par&Opcion=status&path_db=/var/www/suitesaber.git/bases/&syspar=/var/www/suitesaber.git/bases/par/syspar.par
**Tuesday 20th of December 2016 10:21:31 AM Operador: abcd
/central/statistics/tables_generate.php /var/www/suitesaber.git/htdocs/central/dataentry/wxis/administrar.xis &base=users&cipar=/var/www/suitesaber.git/bases/par/users.par&Opcion=status&path_db=/var/www/suitesaber.git/bases/&syspar=/var/www/suitesaber.git/bases/par/syspar.par
**Tuesday 20th of December 2016 10:21:41 AM Operador: abcd
/central/statistics/tables_generate.php /var/www/suitesaber.git/htdocs/central/dataentry/wxis/administrar.xis &base=users&cipar=/var/www/suitesaber.git/bases/par/users.par&Opcion=status&path_db=/var/www/suitesaber.git/bases/&syspar=/var/www/suitesaber.git/bases/par/syspar.par
**Tuesday 20th of December 2016 10:22:30 AM Operador: abcd
/central/statistics/tables_generate.php /var/www/suitesaber.git/htdocs/central/dataentry/wxis/administrar.xis &base=users&cipar=/var/www/suitesaber.git/bases/par/users.par&Opcion=status&path_db=/var/www/suitesaber.git/bases/&syspar=/var/www/suitesaber.git/bases/par/syspar.par
**Tuesday 20th of December 2016 10:23:52 AM Operador: abcd
/central/statistics/tables_generate.php /var/www/suitesaber.git/htdocs/central/dataentry/wxis/administrar.xis &base=users&cipar=/var/www/suitesaber.git/bases/par/users.par&Opcion=status&path_db=/var/www/suitesaber.git/bases/&syspar=/var/www/suitesaber.git/bases/par/syspar.par
**Tuesday 20th of December 2016 10:24:59 AM Operador: abcd
/central/statistics/tables_generate.php /var/www/suitesaber.git/htdocs/central/dataentry/wxis/administrar.xis &base=users&cipar=/var/www/suitesaber.git/bases/par/users.par&Opcion=status&path_db=/var/www/suitesaber.git/bases/&syspar=/var/www/suitesaber.git/bases/par/syspar.par
**Tuesday 20th of December 2016 10:26:05 AM Operador: abcd
/central/statistics/tables_generate.php /var/www/suitesaber.git/htdocs/central/dataentry/wxis/administrar.xis &base=users&cipar=/var/www/suitesaber.git/bases/par/users.par&Opcion=status&path_db=/var/www/suitesaber.git/bases/&syspar=/var/www/suitesaber.git/bases/par/syspar.par
**Tuesday 20th of December 2016 10:33:11 AM Operador: abcd
/central/statistics/tables_generate.php /var/www/suitesaber.git/htdocs/central/dataentry/wxis/administrar.xis &base=users&cipar=/var/www/suitesaber.git/bases/par/users.par&Opcion=status&path_db=/var/www/suitesaber.git/bases/&syspar=/var/www/suitesaber.git/bases/par/syspar.par
**Tuesday 20th of December 2016 10:35:04 AM Operador: abcd
/central/statistics/tables_generate.php /var/www/suitesaber.git/htdocs/central/dataentry/wxis/administrar.xis &base=users&cipar=/var/www/suitesaber.git/bases/par/users.par&Opcion=status&path_db=/var/www/suitesaber.git/bases/&syspar=/var/www/suitesaber.git/bases/par/syspar.par
**Tuesday 20th of December 2016 10:35:15 AM Operador: abcd
/central/statistics/tables_generate.php /var/www/suitesaber.git/htdocs/central/dataentry/wxis/administrar.xis &base=users&cipar=/var/www/suitesaber.git/bases/par/users.par&Opcion=status&path_db=/var/www/suitesaber.git/bases/&syspar=/var/www/suitesaber.git/bases/par/syspar.par
**Tuesday 20th of December 2016 10:35:50 AM Operador: abcd
/central/statistics/tables_generate.php /var/www/suitesaber.git/htdocs/central/dataentry/wxis/administrar.xis &base=users&cipar=/var/www/suitesaber.git/bases/par/users.par&Opcion=status&path_db=/var/www/suitesaber.git/bases/&syspar=/var/www/suitesaber.git/bases/par/syspar.par
**Tuesday 20th of December 2016 10:36:36 AM Operador: abcd
/central/statistics/tables_generate.php /var/www/suitesaber.git/htdocs/central/dataentry/wxis/administrar.xis &base=users&cipar=/var/www/suitesaber.git/bases/par/users.par&Opcion=status&path_db=/var/www/suitesaber.git/bases/&syspar=/var/www/suitesaber.git/bases/par/syspar.par
**Tuesday 20th of December 2016 10:38:48 AM Operador: abcd
/central/statistics/tables_generate.php /var/www/suitesaber.git/htdocs/central/dataentry/wxis/administrar.xis &base=users&cipar=/var/www/suitesaber.git/bases/par/users.par&Opcion=status&path_db=/var/www/suitesaber.git/bases/&syspar=/var/www/suitesaber.git/bases/par/syspar.par
**Tuesday 20th of December 2016 10:39:19 AM Operador: abcd
/central/statistics/tables_generate.php /var/www/suitesaber.git/htdocs/central/dataentry/wxis/administrar.xis &base=users&cipar=/var/www/suitesaber.git/bases/par/users.par&Opcion=status&path_db=/var/www/suitesaber.git/bases/&syspar=/var/www/suitesaber.git/bases/par/syspar.par
**Tuesday 20th of December 2016 10:42:25 AM Operador: abcd
/central/statistics/tables_generate.php /var/www/suitesaber.git/htdocs/central/dataentry/wxis/administrar.xis &base=users&cipar=/var/www/suitesaber.git/bases/par/users.par&Opcion=status&path_db=/var/www/suitesaber.git/bases/&syspar=/var/www/suitesaber.git/bases/par/syspar.par
**Tuesday 20th of December 2016 10:47:18 AM Operador: abcd
/central/statistics/tables_generate.php /var/www/suitesaber.git/htdocs/central/dataentry/wxis/administrar.xis &base=users&cipar=/var/www/suitesaber.git/bases/par/users.par&Opcion=status&path_db=/var/www/suitesaber.git/bases/&syspar=/var/www/suitesaber.git/bases/par/syspar.par
**Tuesday 20th of December 2016 10:47:33 AM Operador: abcd
/central/statistics/tables_generate.php /var/www/suitesaber.git/htdocs/central/dataentry/wxis/administrar.xis &base=users&cipar=/var/www/suitesaber.git/bases/par/users.par&Opcion=status&path_db=/var/www/suitesaber.git/bases/&syspar=/var/www/suitesaber.git/bases/par/syspar.par
**Tuesday 20th of December 2016 10:47:55 AM Operador: abcd
/central/statistics/tables_generate.php /var/www/suitesaber.git/htdocs/central/dataentry/wxis/administrar.xis &base=users&cipar=/var/www/suitesaber.git/bases/par/users.par&Opcion=status&path_db=/var/www/suitesaber.git/bases/&syspar=/var/www/suitesaber.git/bases/par/syspar.par
**Tuesday 20th of December 2016 10:48:15 AM Operador: abcd
/central/statistics/tables_generate.php /var/www/suitesaber.git/htdocs/central/dataentry/wxis/administrar.xis &base=users&cipar=/var/www/suitesaber.git/bases/par/users.par&Opcion=status&path_db=/var/www/suitesaber.git/bases/&syspar=/var/www/suitesaber.git/bases/par/syspar.par
**Tuesday 20th of December 2016 10:48:26 AM Operador: abcd
/central/statistics/tables_generate.php /var/www/suitesaber.git/htdocs/central/dataentry/wxis/administrar.xis &base=marc&cipar=/var/www/suitesaber.git/bases/par/marc.par&Opcion=status&path_db=/var/www/suitesaber.git/bases/&syspar=/var/www/suitesaber.git/bases/par/syspar.par
**Tuesday 20th of December 2016 10:48:56 AM Operador: abcd
/central/statistics/tables_generate.php /var/www/suitesaber.git/htdocs/central/dataentry/wxis/administrar.xis &base=users&cipar=/var/www/suitesaber.git/bases/par/users.par&Opcion=status&path_db=/var/www/suitesaber.git/bases/&syspar=/var/www/suitesaber.git/bases/par/syspar.par
**Tuesday 20th of December 2016 10:50:04 AM Operador: abcd
/central/statistics/tables_generate.php /var/www/suitesaber.git/htdocs/central/dataentry/wxis/administrar.xis &base=users&cipar=/var/www/suitesaber.git/bases/par/users.par&Opcion=status&path_db=/var/www/suitesaber.git/bases/&syspar=/var/www/suitesaber.git/bases/par/syspar.par
**Tuesday 20th of December 2016 10:54:39 AM Operador: abcd
/central/statistics/tables_generate.php /var/www/suitesaber.git/htdocs/central/dataentry/wxis/administrar.xis &base=users&cipar=/var/www/suitesaber.git/bases/par/users.par&Opcion=status&path_db=/var/www/suitesaber.git/bases/&syspar=/var/www/suitesaber.git/bases/par/syspar.par
**Tuesday 20th of December 2016 11:03:21 AM Operador: abcd
/central/statistics/tables_generate.php /var/www/suitesaber.git/htdocs/central/dataentry/wxis/administrar.xis &base=users&cipar=/var/www/suitesaber.git/bases/par/users.par&Opcion=status&path_db=/var/www/suitesaber.git/bases/&syspar=/var/www/suitesaber.git/bases/par/syspar.par
**Tuesday 20th of December 2016 11:15:24 AM Operador: abcd
/central/statistics/tables_generate.php /var/www/suitesaber.git/htdocs/central/dataentry/wxis/administrar.xis &base=users&cipar=/var/www/suitesaber.git/bases/par/users.par&Opcion=status&path_db=/var/www/suitesaber.git/bases/&syspar=/var/www/suitesaber.git/bases/par/syspar.par
**Tuesday 20th of December 2016 11:17:11 AM Operador: abcd
/central/statistics/tables_generate.php /var/www/suitesaber.git/htdocs/central/dataentry/wxis/administrar.xis &base=users&cipar=/var/www/suitesaber.git/bases/par/users.par&Opcion=status&path_db=/var/www/suitesaber.git/bases/&syspar=/var/www/suitesaber.git/bases/par/syspar.par
**Tuesday 20th of December 2016 01:22:58 PM Operador: abcd
/central/statistics/tables_generate.php /var/www/suitesaber.git/htdocs/central/dataentry/wxis/administrar.xis &base=marc&cipar=/var/www/suitesaber.git/bases/par/marc.par&Opcion=status&path_db=/var/www/suitesaber.git/bases/&syspar=/var/www/suitesaber.git/bases/par/syspar.par
**Tuesday 20th of December 2016 01:25:36 PM Operador: abcd
/central/statistics/tables_generate.php /var/www/suitesaber.git/htdocs/central/dataentry/wxis/administrar.xis &base=marc&cipar=/var/www/suitesaber.git/bases/par/marc.par&Opcion=status&path_db=/var/www/suitesaber.git/bases/&syspar=/var/www/suitesaber.git/bases/par/syspar.par
**Tuesday 20th of December 2016 01:26:04 PM Operador: abcd
/central/statistics/tables_generate.php /var/www/suitesaber.git/htdocs/central/dataentry/wxis/administrar.xis &base=trans&cipar=/var/www/suitesaber.git/bases/par/trans.par&Opcion=status&path_db=/var/www/suitesaber.git/bases/&syspar=/var/www/suitesaber.git/bases/par/syspar.par
**Tuesday 20th of December 2016 01:26:16 PM Operador: abcd
/central/statistics/tables_generate.php /var/www/suitesaber.git/htdocs/central/dataentry/wxis/administrar.xis &base=trans&cipar=/var/www/suitesaber.git/bases/par/trans.par&Opcion=status&path_db=/var/www/suitesaber.git/bases/&syspar=/var/www/suitesaber.git/bases/par/syspar.par
**Tuesday 20th of December 2016 01:29:33 PM Operador: abcd
/central/statistics/tables_generate.php /var/www/suitesaber.git/htdocs/central/dataentry/wxis/administrar.xis &base=trans&cipar=/var/www/suitesaber.git/bases/par/trans.par&Opcion=status&path_db=/var/www/suitesaber.git/bases/&syspar=/var/www/suitesaber.git/bases/par/syspar.par
**Tuesday 20th of December 2016 01:30:32 PM Operador: abcd
/central/statistics/tables_generate.php /var/www/suitesaber.git/htdocs/central/dataentry/wxis/administrar.xis &base=trans&cipar=/var/www/suitesaber.git/bases/par/trans.par&Opcion=status&path_db=/var/www/suitesaber.git/bases/&syspar=/var/www/suitesaber.git/bases/par/syspar.par
**Tuesday 20th of December 2016 01:30:46 PM Operador: abcd
/central/statistics/tables_generate.php /var/www/suitesaber.git/htdocs/central/dataentry/wxis/administrar.xis &base=trans&cipar=/var/www/suitesaber.git/bases/par/trans.par&Opcion=status&path_db=/var/www/suitesaber.git/bases/&syspar=/var/www/suitesaber.git/bases/par/syspar.par
**Tuesday 20th of December 2016 01:32:11 PM Operador: abcd
/central/statistics/tables_generate.php /var/www/suitesaber.git/htdocs/central/dataentry/wxis/administrar.xis &base=trans&cipar=/var/www/suitesaber.git/bases/par/trans.par&Opcion=status&path_db=/var/www/suitesaber.git/bases/&syspar=/var/www/suitesaber.git/bases/par/syspar.par
**Tuesday 20th of December 2016 01:32:20 PM Operador: abcd
/central/statistics/tables_generate.php /var/www/suitesaber.git/htdocs/central/dataentry/wxis/administrar.xis &base=trans&cipar=/var/www/suitesaber.git/bases/par/trans.par&Opcion=status&path_db=/var/www/suitesaber.git/bases/&syspar=/var/www/suitesaber.git/bases/par/syspar.par
**Tuesday 20th of December 2016 01:35:25 PM Operador: abcd
/central/statistics/tables_generate.php /var/www/suitesaber.git/htdocs/central/dataentry/wxis/administrar.xis &base=trans&cipar=/var/www/suitesaber.git/bases/par/trans.par&Opcion=status&path_db=/var/www/suitesaber.git/bases/&syspar=/var/www/suitesaber.git/bases/par/syspar.par
**Tuesday 20th of December 2016 01:36:47 PM Operador: abcd
/central/statistics/tables_generate.php /var/www/suitesaber.git/htdocs/central/dataentry/wxis/administrar.xis &base=trans&cipar=/var/www/suitesaber.git/bases/par/trans.par&Opcion=status&path_db=/var/www/suitesaber.git/bases/&syspar=/var/www/suitesaber.git/bases/par/syspar.par
**Tuesday 20th of December 2016 01:40:38 PM Operador: abcd
/central/statistics/tables_generate.php /var/www/suitesaber.git/htdocs/central/dataentry/wxis/administrar.xis &base=trans&cipar=/var/www/suitesaber.git/bases/par/trans.par&Opcion=status&path_db=/var/www/suitesaber.git/bases/&syspar=/var/www/suitesaber.git/bases/par/syspar.par
**Tuesday 20th of December 2016 01:57:08 PM Operador: abcd
/central/statistics/tables_generate.php /var/www/suitesaber.git/htdocs/central/dataentry/wxis/administrar.xis &base=trans&cipar=/var/www/suitesaber.git/bases/par/trans.par&Opcion=status&path_db=/var/www/suitesaber.git/bases/&syspar=/var/www/suitesaber.git/bases/par/syspar.par
**Tuesday 20th of December 2016 02:16:27 PM Operador: abcd
/central/statistics/tables_generate.php /var/www/suitesaber.git/htdocs/central/dataentry/wxis/administrar.xis &base=trans&cipar=/var/www/suitesaber.git/bases/par/trans.par&Opcion=status&path_db=/var/www/suitesaber.git/bases/&syspar=/var/www/suitesaber.git/bases/par/syspar.par
**Tuesday 20th of December 2016 02:17:43 PM Operador: abcd
/central/statistics/tables_generate.php /var/www/suitesaber.git/htdocs/central/dataentry/wxis/administrar.xis &base=trans&cipar=/var/www/suitesaber.git/bases/par/trans.par&Opcion=status&path_db=/var/www/suitesaber.git/bases/&syspar=/var/www/suitesaber.git/bases/par/syspar.par
**Tuesday 20th of December 2016 02:22:01 PM Operador: abcd
/central/statistics/tables_generate.php /var/www/suitesaber.git/htdocs/central/dataentry/wxis/administrar.xis &base=trans&cipar=/var/www/suitesaber.git/bases/par/trans.par&Opcion=status&path_db=/var/www/suitesaber.git/bases/&syspar=/var/www/suitesaber.git/bases/par/syspar.par
**Tuesday 20th of December 2016 02:22:11 PM Operador: abcd
/central/statistics/tables_generate.php /var/www/suitesaber.git/htdocs/central/dataentry/wxis/administrar.xis &base=trans&cipar=/var/www/suitesaber.git/bases/par/trans.par&Opcion=status&path_db=/var/www/suitesaber.git/bases/&syspar=/var/www/suitesaber.git/bases/par/syspar.par
**Tuesday 20th of December 2016 02:22:19 PM Operador: abcd
/central/statistics/tables_generate.php /var/www/suitesaber.git/htdocs/central/dataentry/wxis/administrar.xis &base=trans&cipar=/var/www/suitesaber.git/bases/par/trans.par&Opcion=status&path_db=/var/www/suitesaber.git/bases/&syspar=/var/www/suitesaber.git/bases/par/syspar.par
**Tuesday 20th of December 2016 02:26:31 PM Operador: abcd
/central/statistics/tables_generate.php /var/www/suitesaber.git/htdocs/central/dataentry/wxis/administrar.xis &base=users&cipar=/var/www/suitesaber.git/bases/par/users.par&Opcion=status&path_db=/var/www/suitesaber.git/bases/&syspar=/var/www/suitesaber.git/bases/par/syspar.par
**Tuesday 20th of December 2016 02:27:32 PM Operador: abcd
/central/statistics/tables_generate.php /var/www/suitesaber.git/htdocs/central/dataentry/wxis/administrar.xis &base=users&cipar=/var/www/suitesaber.git/bases/par/users.par&Opcion=status&path_db=/var/www/suitesaber.git/bases/&syspar=/var/www/suitesaber.git/bases/par/syspar.par
**Tuesday 20th of December 2016 02:28:23 PM Operador: abcd
/central/statistics/tables_generate.php /var/www/suitesaber.git/htdocs/central/dataentry/wxis/administrar.xis &base=users&cipar=/var/www/suitesaber.git/bases/par/users.par&Opcion=status&path_db=/var/www/suitesaber.git/bases/&syspar=/var/www/suitesaber.git/bases/par/syspar.par
**Tuesday 20th of December 2016 02:28:49 PM Operador: abcd
/central/statistics/tables_generate.php /var/www/suitesaber.git/htdocs/central/dataentry/wxis/administrar.xis &base=users&cipar=/var/www/suitesaber.git/bases/par/users.par&Opcion=status&path_db=/var/www/suitesaber.git/bases/&syspar=/var/www/suitesaber.git/bases/par/syspar.par
**Tuesday 20th of December 2016 02:29:25 PM Operador: abcd
/central/statistics/tables_generate.php /var/www/suitesaber.git/htdocs/central/dataentry/wxis/administrar.xis &base=users&cipar=/var/www/suitesaber.git/bases/par/users.par&Opcion=status&path_db=/var/www/suitesaber.git/bases/&syspar=/var/www/suitesaber.git/bases/par/syspar.par
**Tuesday 20th of December 2016 02:30:10 PM Operador: abcd
/central/statistics/tables_generate.php /var/www/suitesaber.git/htdocs/central/dataentry/wxis/administrar.xis &base=users&cipar=/var/www/suitesaber.git/bases/par/users.par&Opcion=status&path_db=/var/www/suitesaber.git/bases/&syspar=/var/www/suitesaber.git/bases/par/syspar.par
**Tuesday 20th of December 2016 02:30:49 PM Operador: abcd
/central/statistics/tables_generate.php /var/www/suitesaber.git/htdocs/central/dataentry/wxis/administrar.xis &base=users&cipar=/var/www/suitesaber.git/bases/par/users.par&Opcion=status&path_db=/var/www/suitesaber.git/bases/&syspar=/var/www/suitesaber.git/bases/par/syspar.par
**Tuesday 20th of December 2016 02:31:26 PM Operador: abcd
/central/statistics/tables_generate.php /var/www/suitesaber.git/htdocs/central/dataentry/wxis/administrar.xis &base=users&cipar=/var/www/suitesaber.git/bases/par/users.par&Opcion=status&path_db=/var/www/suitesaber.git/bases/&syspar=/var/www/suitesaber.git/bases/par/syspar.par
**Tuesday 20th of December 2016 02:34:11 PM Operador: abcd
/central/statistics/tables_generate.php /var/www/suitesaber.git/htdocs/central/dataentry/wxis/administrar.xis &base=users&cipar=/var/www/suitesaber.git/bases/par/users.par&Opcion=status&path_db=/var/www/suitesaber.git/bases/&syspar=/var/www/suitesaber.git/bases/par/syspar.par
**Tuesday 20th of December 2016 02:34:43 PM Operador: abcd
/central/statistics/tables_generate.php /var/www/suitesaber.git/htdocs/central/dataentry/wxis/administrar.xis &base=users&cipar=/var/www/suitesaber.git/bases/par/users.par&Opcion=status&path_db=/var/www/suitesaber.git/bases/&syspar=/var/www/suitesaber.git/bases/par/syspar.par
**Tuesday 20th of December 2016 02:34:48 PM Operador: abcd
/central/statistics/tables_generate.php /var/www/suitesaber.git/htdocs/central/dataentry/wxis/administrar.xis &base=users&cipar=/var/www/suitesaber.git/bases/par/users.par&Opcion=status&path_db=/var/www/suitesaber.git/bases/&syspar=/var/www/suitesaber.git/bases/par/syspar.par
**Tuesday 20th of December 2016 02:37:20 PM Operador: abcd
/central/statistics/tables_generate.php /var/www/suitesaber.git/htdocs/central/dataentry/wxis/administrar.xis &base=users&cipar=/var/www/suitesaber.git/bases/par/users.par&Opcion=status&path_db=/var/www/suitesaber.git/bases/&syspar=/var/www/suitesaber.git/bases/par/syspar.par
**Tuesday 20th of December 2016 02:39:52 PM Operador: abcd
/central/statistics/tables_generate.php /var/www/suitesaber.git/htdocs/central/dataentry/wxis/administrar.xis &base=users&cipar=/var/www/suitesaber.git/bases/par/users.par&Opcion=status&path_db=/var/www/suitesaber.git/bases/&syspar=/var/www/suitesaber.git/bases/par/syspar.par
**Tuesday 20th of December 2016 02:41:23 PM Operador: abcd
/central/statistics/tables_generate.php /var/www/suitesaber.git/htdocs/central/dataentry/wxis/administrar.xis &base=users&cipar=/var/www/suitesaber.git/bases/par/users.par&Opcion=status&path_db=/var/www/suitesaber.git/bases/&syspar=/var/www/suitesaber.git/bases/par/syspar.par
**Tuesday 20th of December 2016 02:41:46 PM Operador: abcd
/central/statistics/tables_generate.php /var/www/suitesaber.git/htdocs/central/dataentry/wxis/administrar.xis &base=users&cipar=/var/www/suitesaber.git/bases/par/users.par&Opcion=status&path_db=/var/www/suitesaber.git/bases/&syspar=/var/www/suitesaber.git/bases/par/syspar.par
**Tuesday 20th of December 2016 02:41:59 PM Operador: abcd
/central/statistics/tables_generate.php /var/www/suitesaber.git/htdocs/central/dataentry/wxis/administrar.xis &base=users&cipar=/var/www/suitesaber.git/bases/par/users.par&Opcion=status&path_db=/var/www/suitesaber.git/bases/&syspar=/var/www/suitesaber.git/bases/par/syspar.par
**Tuesday 20th of December 2016 02:43:20 PM Operador: abcd
/central/statistics/tables_generate.php /var/www/suitesaber.git/htdocs/central/dataentry/wxis/administrar.xis &base=users&cipar=/var/www/suitesaber.git/bases/par/users.par&Opcion=status&path_db=/var/www/suitesaber.git/bases/&syspar=/var/www/suitesaber.git/bases/par/syspar.par
**Tuesday 20th of December 2016 02:43:42 PM Operador: abcd
/central/statistics/tables_generate.php /var/www/suitesaber.git/htdocs/central/dataentry/wxis/administrar.xis &base=users&cipar=/var/www/suitesaber.git/bases/par/users.par&Opcion=status&path_db=/var/www/suitesaber.git/bases/&syspar=/var/www/suitesaber.git/bases/par/syspar.par
**Tuesday 20th of December 2016 02:44:28 PM Operador: abcd
/central/statistics/tables_generate.php /var/www/suitesaber.git/htdocs/central/dataentry/wxis/administrar.xis &base=users&cipar=/var/www/suitesaber.git/bases/par/users.par&Opcion=status&path_db=/var/www/suitesaber.git/bases/&syspar=/var/www/suitesaber.git/bases/par/syspar.par
**Tuesday 20th of December 2016 02:44:43 PM Operador: abcd
/central/dataentry/browse.php /var/www/suitesaber.git/htdocs/central/dataentry/wxis/leer_mfnrange.xis &base=users&cipar=/var/www/suitesaber.git/bases/par/users.par&from=1&to=10&Formato=/var/www/suitesaber.git/bases/users/pfts/pt/tbusers&Opcion=buscar&path_db=/var/www/suitesaber.git/bases/&syspar=/var/www/suitesaber.git/bases/par/syspar.par
**Tuesday 20th of December 2016 02:46:14 PM Operador: abcd
/central/dataentry/browse.php /var/www/suitesaber.git/htdocs/central/dataentry/wxis/leer_mfnrange.xis &base=users&cipar=/var/www/suitesaber.git/bases/par/users.par&from=1&to=10&Formato=/var/www/suitesaber.git/bases/users/pfts/pt/tbusers&Opcion=buscar&path_db=/var/www/suitesaber.git/bases/&syspar=/var/www/suitesaber.git/bases/par/syspar.par
**Tuesday 20th of December 2016 02:46:32 PM Operador: abcd
/central/dataentry/browse.php /var/www/suitesaber.git/htdocs/central/dataentry/wxis/leer_mfnrange.xis &base=users&cipar=/var/www/suitesaber.git/bases/par/users.par&from=1&to=10&Formato=/var/www/suitesaber.git/bases/users/pfts/pt/tbusers&Opcion=buscar&path_db=/var/www/suitesaber.git/bases/&syspar=/var/www/suitesaber.git/bases/par/syspar.par
**Tuesday 20th of December 2016 02:47:36 PM Operador: abcd
/central/dataentry/browse.php /var/www/suitesaber.git/htdocs/central/dataentry/wxis/leer_mfnrange.xis &base=suspml&cipar=/var/www/suitesaber.git/bases/par/suspml.par&from=1&to=10&Formato=/var/www/suitesaber.git/bases/suspml/pfts/pt/tbsuspml&Opcion=buscar&path_db=/var/www/suitesaber.git/bases/&syspar=/var/www/suitesaber.git/bases/par/syspar.par
**Tuesday 20th of December 2016 02:48:02 PM Operador: abcd
/central/statistics/tables_generate.php /var/www/suitesaber.git/htdocs/central/dataentry/wxis/administrar.xis &base=suspml&cipar=/var/www/suitesaber.git/bases/par/suspml.par&Opcion=status&path_db=/var/www/suitesaber.git/bases/&syspar=/var/www/suitesaber.git/bases/par/syspar.par
**Tuesday 20th of December 2016 02:48:11 PM Operador: abcd
/central/acquisitions/overview.php /var/www/suitesaber.git/htdocs/central/dataentry/wxis/ifp.xis &base=suggestions&cipar=/var/www/suitesaber.git/bases/par/suggestions.par&prefijo=STA_&Opcion=diccionario&path_db=/var/www/suitesaber.git/bases/&syspar=/var/www/suitesaber.git/bases/par/syspar.par
**Tuesday 20th of December 2016 02:49:54 PM Operador: abcd
/central/dataentry/show.php /var/www/suitesaber.git/htdocs/central/dataentry/wxis/imprime.xis &base=suggestions&cipar=/var/www/suitesaber.git/bases/par/suggestions.par&Expresion=STA_4&Formato=@/var/www/suitesaber.git/bases/suggestions/pfts/pt/suggestions.pft&Total=s&Opcion=buscar&from=1&to=20&path_db=/var/www/suitesaber.git/bases/&syspar=/var/www/suitesaber.git/bases/par/syspar.par
**Tuesday 20th of December 2016 02:52:29 PM Operador: abcd
/central/acquisitions/overview.php /var/www/suitesaber.git/htdocs/central/dataentry/wxis/ifp.xis &base=suggestions&cipar=/var/www/suitesaber.git/bases/par/suggestions.par&prefijo=STA_&Opcion=diccionario&path_db=/var/www/suitesaber.git/bases/&syspar=/var/www/suitesaber.git/bases/par/syspar.par
**Tuesday 20th of December 2016 02:53:03 PM Operador: abcd
/central/acquisitions/overview.php /var/www/suitesaber.git/htdocs/central/dataentry/wxis/ifp.xis &base=suggestions&cipar=/var/www/suitesaber.git/bases/par/suggestions.par&prefijo=STA_&Opcion=diccionario&path_db=/var/www/suitesaber.git/bases/&syspar=/var/www/suitesaber.git/bases/par/syspar.par
**Tuesday 20th of December 2016 02:53:58 PM Operador: abcd
/central/acquisitions/overview.php /var/www/suitesaber.git/htdocs/central/dataentry/wxis/ifp.xis &base=suggestions&cipar=/var/www/suitesaber.git/bases/par/suggestions.par&prefijo=STA_&Opcion=diccionario&path_db=/var/www/suitesaber.git/bases/&syspar=/var/www/suitesaber.git/bases/par/syspar.par
**Tuesday 20th of December 2016 02:54:14 PM Operador: abcd
/central/acquisitions/overview.php /var/www/suitesaber.git/htdocs/central/dataentry/wxis/ifp.xis &base=suggestions&cipar=/var/www/suitesaber.git/bases/par/suggestions.par&prefijo=STA_&Opcion=diccionario&path_db=/var/www/suitesaber.git/bases/&syspar=/var/www/suitesaber.git/bases/par/syspar.par
**Tuesday 20th of December 2016 02:55:30 PM Operador: abcd
/central/acquisitions/overview.php /var/www/suitesaber.git/htdocs/central/dataentry/wxis/ifp.xis &base=suggestions&cipar=/var/www/suitesaber.git/bases/par/suggestions.par&prefijo=STA_&Opcion=diccionario&path_db=/var/www/suitesaber.git/bases/&syspar=/var/www/suitesaber.git/bases/par/syspar.par
**Tuesday 20th of December 2016 02:56:02 PM Operador: abcd
/central/acquisitions/overview.php /var/www/suitesaber.git/htdocs/central/dataentry/wxis/ifp.xis &base=suggestions&cipar=/var/www/suitesaber.git/bases/par/suggestions.par&prefijo=STA_&Opcion=diccionario&path_db=/var/www/suitesaber.git/bases/&syspar=/var/www/suitesaber.git/bases/par/syspar.par
**Tuesday 20th of December 2016 02:56:32 PM Operador: abcd
/central/acquisitions/overview.php /var/www/suitesaber.git/htdocs/central/dataentry/wxis/ifp.xis &base=suggestions&cipar=/var/www/suitesaber.git/bases/par/suggestions.par&prefijo=STA_&Opcion=diccionario&path_db=/var/www/suitesaber.git/bases/&syspar=/var/www/suitesaber.git/bases/par/syspar.par
**Tuesday 20th of December 2016 02:57:16 PM Operador: abcd
/central/acquisitions/overview.php /var/www/suitesaber.git/htdocs/central/dataentry/wxis/ifp.xis &base=suggestions&cipar=/var/www/suitesaber.git/bases/par/suggestions.par&prefijo=STA_&Opcion=diccionario&path_db=/var/www/suitesaber.git/bases/&syspar=/var/www/suitesaber.git/bases/par/syspar.par
**Tuesday 20th of December 2016 02:58:11 PM Operador: abcd
/central/acquisitions/overview.php /var/www/suitesaber.git/htdocs/central/dataentry/wxis/ifp.xis &base=suggestions&cipar=/var/www/suitesaber.git/bases/par/suggestions.par&prefijo=STA_&Opcion=diccionario&path_db=/var/www/suitesaber.git/bases/&syspar=/var/www/suitesaber.git/bases/par/syspar.par
**Tuesday 20th of December 2016 02:58:48 PM Operador: abcd
/central/acquisitions/overview.php /var/www/suitesaber.git/htdocs/central/dataentry/wxis/ifp.xis &base=suggestions&cipar=/var/www/suitesaber.git/bases/par/suggestions.par&prefijo=STA_&Opcion=diccionario&path_db=/var/www/suitesaber.git/bases/&syspar=/var/www/suitesaber.git/bases/par/syspar.par
**Tuesday 20th of December 2016 02:59:12 PM Operador: abcd
/central/acquisitions/overview.php /var/www/suitesaber.git/htdocs/central/dataentry/wxis/ifp.xis &base=suggestions&cipar=/var/www/suitesaber.git/bases/par/suggestions.par&prefijo=STA_&Opcion=diccionario&path_db=/var/www/suitesaber.git/bases/&syspar=/var/www/suitesaber.git/bases/par/syspar.par
**Tuesday 20th of December 2016 03:02:10 PM Operador: abcd
/central/acquisitions/overview.php /var/www/suitesaber.git/htdocs/central/dataentry/wxis/ifp.xis &base=suggestions&cipar=/var/www/suitesaber.git/bases/par/suggestions.par&prefijo=STA_&Opcion=diccionario&path_db=/var/www/suitesaber.git/bases/&syspar=/var/www/suitesaber.git/bases/par/syspar.par
**Tuesday 20th of December 2016 03:02:21 PM Operador: abcd
/central/acquisitions/overview.php /var/www/suitesaber.git/htdocs/central/dataentry/wxis/ifp.xis &base=suggestions&cipar=/var/www/suitesaber.git/bases/par/suggestions.par&prefijo=STA_&Opcion=diccionario&path_db=/var/www/suitesaber.git/bases/&syspar=/var/www/suitesaber.git/bases/par/syspar.par
**Tuesday 20th of December 2016 03:04:47 PM Operador: abcd
/central/dataentry/show.php /var/www/suitesaber.git/htdocs/central/dataentry/wxis/imprime.xis &base=suggestions&cipar=/var/www/suitesaber.git/bases/par/suggestions.par&Expresion=STA_5&Formato=@/var/www/suitesaber.git/bases/suggestions/pfts/pt/suggestions.pft&Total=s&Opcion=buscar&from=1&to=20&path_db=/var/www/suitesaber.git/bases/&syspar=/var/www/suitesaber.git/bases/par/syspar.par
**Tuesday 20th of December 2016 03:08:35 PM Operador: abcd
/central/acquisitions/overview.php /var/www/suitesaber.git/htdocs/central/dataentry/wxis/ifp.xis &base=suggestions&cipar=/var/www/suitesaber.git/bases/par/suggestions.par&prefijo=STA_&Opcion=diccionario&path_db=/var/www/suitesaber.git/bases/&syspar=/var/www/suitesaber.git/bases/par/syspar.par
**Tuesday 20th of December 2016 03:09:28 PM Operador: abcd
/central/acquisitions/overview.php /var/www/suitesaber.git/htdocs/central/dataentry/wxis/ifp.xis &base=suggestions&cipar=/var/www/suitesaber.git/bases/par/suggestions.par&prefijo=STA_&Opcion=diccionario&path_db=/var/www/suitesaber.git/bases/&syspar=/var/www/suitesaber.git/bases/par/syspar.par
**Tuesday 20th of December 2016 03:12:40 PM Operador: abcd
/central/acquisitions/overview.php /var/www/suitesaber.git/htdocs/central/dataentry/wxis/ifp.xis &base=suggestions&cipar=/var/www/suitesaber.git/bases/par/suggestions.par&prefijo=STA_&Opcion=diccionario&path_db=/var/www/suitesaber.git/bases/&syspar=/var/www/suitesaber.git/bases/par/syspar.par
**Tuesday 20th of December 2016 03:13:27 PM Operador: abcd
/central/acquisitions/overview.php /var/www/suitesaber.git/htdocs/central/dataentry/wxis/ifp.xis &base=suggestions&cipar=/var/www/suitesaber.git/bases/par/suggestions.par&prefijo=STA_&Opcion=diccionario&path_db=/var/www/suitesaber.git/bases/&syspar=/var/www/suitesaber.git/bases/par/syspar.par
**Tuesday 20th of December 2016 03:14:11 PM Operador: abcd
/central/acquisitions/overview.php /var/www/suitesaber.git/htdocs/central/dataentry/wxis/ifp.xis &base=suggestions&cipar=/var/www/suitesaber.git/bases/par/suggestions.par&prefijo=STA_&Opcion=diccionario&path_db=/var/www/suitesaber.git/bases/&syspar=/var/www/suitesaber.git/bases/par/syspar.par
**Tuesday 20th of December 2016 03:14:16 PM Operador: abcd
/central/dataentry/show.php /var/www/suitesaber.git/htdocs/central/dataentry/wxis/imprime.xis &base=suggestions&cipar=/var/www/suitesaber.git/bases/par/suggestions.par&Expresion=STA_0&Formato=@/var/www/suitesaber.git/bases/suggestions/pfts/pt/suggestions.pft&Total=s&Opcion=buscar&from=1&to=20&path_db=/var/www/suitesaber.git/bases/&syspar=/var/www/suitesaber.git/bases/par/syspar.par
**Tuesday 20th of December 2016 03:17:52 PM Operador: abcd
/central/acquisitions/overview.php /var/www/suitesaber.git/htdocs/central/dataentry/wxis/ifp.xis &base=suggestions&cipar=/var/www/suitesaber.git/bases/par/suggestions.par&prefijo=STA_&Opcion=diccionario&path_db=/var/www/suitesaber.git/bases/&syspar=/var/www/suitesaber.git/bases/par/syspar.par
**Tuesday 20th of December 2016 03:19:38 PM Operador: abcd
/central/acquisitions/overview.php /var/www/suitesaber.git/htdocs/central/dataentry/wxis/ifp.xis &base=suggestions&cipar=/var/www/suitesaber.git/bases/par/suggestions.par&prefijo=STA_&Opcion=diccionario&path_db=/var/www/suitesaber.git/bases/&syspar=/var/www/suitesaber.git/bases/par/syspar.par
**Tuesday 20th of December 2016 03:21:58 PM Operador: abcd
/central/acquisitions/overview.php /var/www/suitesaber.git/htdocs/central/dataentry/wxis/ifp.xis &base=suggestions&cipar=/var/www/suitesaber.git/bases/par/suggestions.par&prefijo=STA_&Opcion=diccionario&path_db=/var/www/suitesaber.git/bases/&syspar=/var/www/suitesaber.git/bases/par/syspar.par
**Tuesday 20th of December 2016 03:26:57 PM Operador: abcd
/central/acquisitions/overview.php /var/www/suitesaber.git/htdocs/central/dataentry/wxis/ifp.xis &base=suggestions&cipar=/var/www/suitesaber.git/bases/par/suggestions.par&prefijo=STA_&Opcion=diccionario&path_db=/var/www/suitesaber.git/bases/&syspar=/var/www/suitesaber.git/bases/par/syspar.par
**Tuesday 20th of December 2016 03:27:13 PM Operador: abcd
/central/dataentry/show.php /var/www/suitesaber.git/htdocs/central/dataentry/wxis/imprime.xis &base=suggestions&cipar=/var/www/suitesaber.git/bases/par/suggestions.par&Expresion=STA_4&Formato=@/var/www/suitesaber.git/bases/suggestions/pfts/pt/suggestions.pft&Total=s&Opcion=buscar&from=1&to=20&path_db=/var/www/suitesaber.git/bases/&syspar=/var/www/suitesaber.git/bases/par/syspar.par
**Tuesday 20th of December 2016 03:27:15 PM Operador: abcd
/central/dataentry/show.php /var/www/suitesaber.git/htdocs/central/dataentry/wxis/imprime.xis &base=suggestions&cipar=/var/www/suitesaber.git/bases/par/suggestions.par&Expresion=STA_4&Formato=@/var/www/suitesaber.git/bases/suggestions/pfts/pt/suggestions.pft&Total=s&Opcion=buscar&from=1&to=20&path_db=/var/www/suitesaber.git/bases/&syspar=/var/www/suitesaber.git/bases/par/syspar.par
**Tuesday 20th of December 2016 03:29:19 PM Operador: abcd
/central/acquisitions/overview.php /var/www/suitesaber.git/htdocs/central/dataentry/wxis/ifp.xis &base=suggestions&cipar=/var/www/suitesaber.git/bases/par/suggestions.par&prefijo=STA_&Opcion=diccionario&path_db=/var/www/suitesaber.git/bases/&syspar=/var/www/suitesaber.git/bases/par/syspar.par
**Tuesday 20th of December 2016 03:29:36 PM Operador: abcd
/central/acquisitions/overview.php /var/www/suitesaber.git/htdocs/central/dataentry/wxis/ifp.xis &base=suggestions&cipar=/var/www/suitesaber.git/bases/par/suggestions.par&prefijo=STA_&Opcion=diccionario&path_db=/var/www/suitesaber.git/bases/&syspar=/var/www/suitesaber.git/bases/par/syspar.par
**Tuesday 20th of December 2016 03:31:33 PM Operador: abcd
/central/dataentry/show.php /var/www/suitesaber.git/htdocs/central/dataentry/wxis/imprime.xis &base=suggestions&cipar=/var/www/suitesaber.git/bases/par/suggestions.par&Expresion=STA_4&Formato=@/var/www/suitesaber.git/bases/suggestions/pfts/pt/suggestions.pft&Total=s&Opcion=buscar&from=1&to=20&path_db=/var/www/suitesaber.git/bases/&syspar=/var/www/suitesaber.git/bases/par/syspar.par
**Tuesday 20th of December 2016 03:35:19 PM Operador: abcd
/central/dataentry/show.php /var/www/suitesaber.git/htdocs/central/dataentry/wxis/imprime.xis &base=suggestions&cipar=/var/www/suitesaber.git/bases/par/suggestions.par&Expresion=STA_4&Formato=@/var/www/suitesaber.git/bases/suggestions/pfts/pt/suggestions.pft&Total=s&Opcion=buscar&from=1&to=20&path_db=/var/www/suitesaber.git/bases/&syspar=/var/www/suitesaber.git/bases/par/syspar.par
