**Thursday 3rd of November 2016 11:09:07 AM Operador: abcd
/central/common/inicio.php /var/www/suitesaber16/htdocs/central/dataentry/wxis/actualizar.xis &Mfn=New&Opcion=crear&base=logtrans&cipar=/var/www/suitesaber16/bases/par/logtrans.par&login=abcd&ValorCapturado=<1 0>P</1><20 0>2016/11/03</20><30 0>11:09:07</30><40 0>abcd</40>&path_db=/var/www/suitesaber16/bases/&syspar=/var/www/suitesaber16/bases/par/syspar.par
**Thursday 3rd of November 2016 11:10:04 AM Operador: abcd
/central/common/inicio.php /var/www/suitesaber16/htdocs/central/dataentry/wxis/actualizar.xis &Mfn=New&Opcion=crear&base=logtrans&cipar=/var/www/suitesaber16/bases/par/logtrans.par&login=abcd&ValorCapturado=<1 0>Q</1><20 0>2016/11/03</20><30 0>11:10:04</30><40 0>abcd</40>&path_db=/var/www/suitesaber16/bases/&syspar=/var/www/suitesaber16/bases/par/syspar.par
**Thursday 3rd of November 2016 11:10:08 AM Operador: abcd
/central/dataentry/inicio_main.php /var/www/suitesaber16/htdocs/central/dataentry/wxis/login.xis &base=acces&cipar=/var/www/suitesaber16/bases/par/acces.par&login=abcd&password=adm&path_db=/var/www/suitesaber16/bases/&syspar=/var/www/suitesaber16/bases/par/syspar.par
**Thursday 3rd of November 2016 11:10:08 AM Operador: abcd
/central/dataentry/inicio_base.php /var/www/suitesaber16/htdocs/central/dataentry/wxis/administrar.xis &base=marc&cipar=/var/www/suitesaber16/bases/par/marc.par&Opcion=status&path_db=/var/www/suitesaber16/bases/&syspar=/var/www/suitesaber16/bases/par/syspar.par
**Thursday 3rd of November 2016 11:10:11 AM Operador: abcd
/central/dataentry/fmt.php /var/www/suitesaber16/htdocs/central/dataentry/wxis/buscar.xis &cipar=/var/www/suitesaber16/bases/par/marc.par&Mfn=1&Opcion=ver&base=marc&Formato=/var/www/suitesaber16/bases/marc/pfts/pt/mrclte&path_db=/var/www/suitesaber16/bases/&syspar=/var/www/suitesaber16/bases/par/syspar.par
**Thursday 3rd of November 2016 11:10:11 AM Operador: abcd
/central/dataentry/fmt.php /var/www/suitesaber16/htdocs/central/dataentry/wxis/buscar.xis &cipar=/var/www/suitesaber16/bases/par/marc.par&Mfn=2&Opcion=ver&base=marc&Formato=/var/www/suitesaber16/bases/marc/pfts/pt/mrclte&path_db=/var/www/suitesaber16/bases/&syspar=/var/www/suitesaber16/bases/par/syspar.par
**Thursday 3rd of November 2016 11:10:12 AM Operador: abcd
/central/dataentry/fmt.php /var/www/suitesaber16/htdocs/central/dataentry/wxis/buscar.xis &cipar=/var/www/suitesaber16/bases/par/marc.par&Mfn=3&Opcion=ver&base=marc&Formato=/var/www/suitesaber16/bases/marc/pfts/pt/mrclte&path_db=/var/www/suitesaber16/bases/&syspar=/var/www/suitesaber16/bases/par/syspar.par
**Thursday 3rd of November 2016 11:10:13 AM Operador: abcd
/central/dataentry/fmt.php /var/www/suitesaber16/htdocs/central/dataentry/wxis/buscar.xis &cipar=/var/www/suitesaber16/bases/par/marc.par&Mfn=4&Opcion=ver&base=marc&Formato=/var/www/suitesaber16/bases/marc/pfts/pt/mrclte&path_db=/var/www/suitesaber16/bases/&syspar=/var/www/suitesaber16/bases/par/syspar.par
**Thursday 3rd of November 2016 11:10:13 AM Operador: abcd
/central/dataentry/fmt.php /var/www/suitesaber16/htdocs/central/dataentry/wxis/buscar.xis &cipar=/var/www/suitesaber16/bases/par/marc.par&Mfn=5&Opcion=ver&base=marc&Formato=/var/www/suitesaber16/bases/marc/pfts/pt/mrclte&path_db=/var/www/suitesaber16/bases/&syspar=/var/www/suitesaber16/bases/par/syspar.par
**Thursday 3rd of November 2016 11:10:14 AM Operador: abcd
/central/dataentry/fmt.php /var/www/suitesaber16/htdocs/central/dataentry/wxis/buscar.xis &cipar=/var/www/suitesaber16/bases/par/marc.par&Mfn=6&Opcion=ver&base=marc&Formato=/var/www/suitesaber16/bases/marc/pfts/pt/mrclte&path_db=/var/www/suitesaber16/bases/&syspar=/var/www/suitesaber16/bases/par/syspar.par
**Thursday 3rd of November 2016 11:10:39 AM Operador: abcd
/central/dataentry/browse.php /var/www/suitesaber16/htdocs/central/dataentry/wxis/leer_mfnrange.xis &base=acces&cipar=/var/www/suitesaber16/bases/par/acces.par&from=1&to=10&Formato=/var/www/suitesaber16/bases/acces/pfts/pt/tbacces&Opcion=buscar&path_db=/var/www/suitesaber16/bases/&syspar=/var/www/suitesaber16/bases/par/syspar.par
**Thursday 3rd of November 2016 11:13:08 AM Operador: abcd
/central/common/inicio.php /var/www/suitesaber16/htdocs/central/dataentry/wxis/actualizar.xis &Mfn=New&Opcion=crear&base=logtrans&cipar=/var/www/suitesaber16/bases/par/logtrans.par&login=abcd&ValorCapturado=<1 0>P</1><20 0>2016/11/03</20><30 0>11:13:08</30><40 0>abcd</40>&path_db=/var/www/suitesaber16/bases/&syspar=/var/www/suitesaber16/bases/par/syspar.par
**Thursday 3rd of November 2016 11:13:11 AM Operador: abcd
/central/dataentry/browse.php /var/www/suitesaber16/htdocs/central/dataentry/wxis/leer_mfnrange.xis &base=users&cipar=/var/www/suitesaber16/bases/par/users.par&from=1&to=10&Formato=/var/www/suitesaber16/bases/users/pfts/pt/tbusers&Opcion=buscar&path_db=/var/www/suitesaber16/bases/&syspar=/var/www/suitesaber16/bases/par/syspar.par
**Thursday 3rd of November 2016 11:13:14 AM Operador: abcd
/central/dataentry/show.php /var/www/suitesaber16/htdocs/central/dataentry/wxis/imprime.xis &base=users&cipar=/var/www/suitesaber16/bases/par/users.par&from=1&to=1&Formato=@/var/www/suitesaber16/bases/users/pfts/pt/users.pft&Opcion=rango&path_db=/var/www/suitesaber16/bases/&syspar=/var/www/suitesaber16/bases/par/syspar.par
**Thursday 3rd of November 2016 11:15:20 AM Operador: abcd
/central/dataentry/logout.php /var/www/suitesaber16/htdocs/central/dataentry/wxis/actualizar.xis &Mfn=New&Opcion=crear&base=logtrans&cipar=/var/www/suitesaber16/bases/par/logtrans.par&login=abcd&ValorCapturado=<1 0>Q</1><20 0>2016/11/03</20><30 0>11:15:20</30><40 0>abcd</40>&path_db=/var/www/suitesaber16/bases/&syspar=/var/www/suitesaber16/bases/par/syspar.par
