**Thursday 8th of December 2016 09:35:29 AM Operador: abcd
/central/circulation/capturaclaves.php /var/www/suitesaber.git/htdocs/central/dataentry/wxis/ifp.xis &base=trans&cipar=/var/www/suitesaber.git/bases/par/trans.par&Opcion=diccionario&prefijo=TR_P_&pref=TR_P_&path_db=/var/www/suitesaber.git/bases/&syspar=/var/www/suitesaber.git/bases/par/syspar.par
**Thursday 8th of December 2016 11:14:10 AM Operador: abcd
/central/dataentry/browse.php /var/www/suitesaber.git/htdocs/central/dataentry/wxis/leer_mfnrange.xis &base=acces&cipar=/var/www/suitesaber.git/bases/par/acces.par&from=1&to=10&Formato=/var/www/suitesaber.git/bases/acces/pfts/pt/tbacces&Opcion=buscar&path_db=/var/www/suitesaber.git/bases/&syspar=/var/www/suitesaber.git/bases/par/syspar.par
**Thursday 8th of December 2016 12:56:48 PM Operador: abcd
/central/dataentry/browse.php /var/www/suitesaber.git/htdocs/central/dataentry/wxis/leer_mfnrange.xis &base=users&cipar=/var/www/suitesaber.git/bases/par/users.par&from=1&to=10&Formato=/var/www/suitesaber.git/bases/users/pfts/pt/tbusers&Opcion=buscar&path_db=/var/www/suitesaber.git/bases/&syspar=/var/www/suitesaber.git/bases/par/syspar.par
**Thursday 8th of December 2016 12:58:32 PM Operador: abcd
/central/dataentry/browse.php /var/www/suitesaber.git/htdocs/central/dataentry/wxis/leer_mfnrange.xis &base=users&cipar=/var/www/suitesaber.git/bases/par/users.par&from=1&to=10&Formato=/var/www/suitesaber.git/bases/users/pfts/pt/tbusers&Opcion=buscar&path_db=/var/www/suitesaber.git/bases/&syspar=/var/www/suitesaber.git/bases/par/syspar.par
**Thursday 8th of December 2016 12:58:39 PM Operador: abcd
/central/dataentry/browse.php /var/www/suitesaber.git/htdocs/central/dataentry/wxis/leer_mfnrange.xis &base=users&cipar=/var/www/suitesaber.git/bases/par/users.par&from=1&to=10&Formato=/var/www/suitesaber.git/bases/users/pfts/pt/tbusers&Opcion=buscar&path_db=/var/www/suitesaber.git/bases/&syspar=/var/www/suitesaber.git/bases/par/syspar.par
**Thursday 8th of December 2016 12:59:10 PM Operador: abcd
/central/dataentry/browse.php /var/www/suitesaber.git/htdocs/central/dataentry/wxis/leer_mfnrange.xis &base=users&cipar=/var/www/suitesaber.git/bases/par/users.par&from=1&to=10&Formato=/var/www/suitesaber.git/bases/users/pfts/pt/tbusers&Opcion=buscar&path_db=/var/www/suitesaber.git/bases/&syspar=/var/www/suitesaber.git/bases/par/syspar.par
**Thursday 8th of December 2016 12:59:35 PM Operador: abcd
/central/dataentry/browse.php /var/www/suitesaber.git/htdocs/central/dataentry/wxis/leer_mfnrange.xis &base=users&cipar=/var/www/suitesaber.git/bases/par/users.par&from=1&to=10&Formato=/var/www/suitesaber.git/bases/users/pfts/pt/tbusers&Opcion=buscar&path_db=/var/www/suitesaber.git/bases/&syspar=/var/www/suitesaber.git/bases/par/syspar.par
**Thursday 8th of December 2016 01:00:01 PM Operador: abcd
/central/dataentry/browse.php /var/www/suitesaber.git/htdocs/central/dataentry/wxis/leer_mfnrange.xis &base=users&cipar=/var/www/suitesaber.git/bases/par/users.par&from=1&to=10&Formato=/var/www/suitesaber.git/bases/users/pfts/pt/tbusers&Opcion=buscar&path_db=/var/www/suitesaber.git/bases/&syspar=/var/www/suitesaber.git/bases/par/syspar.par
**Thursday 8th of December 2016 01:00:24 PM Operador: abcd
/central/dataentry/browse.php /var/www/suitesaber.git/htdocs/central/dataentry/wxis/leer_mfnrange.xis &base=users&cipar=/var/www/suitesaber.git/bases/par/users.par&from=1&to=10&Formato=/var/www/suitesaber.git/bases/users/pfts/pt/tbusers&Opcion=buscar&path_db=/var/www/suitesaber.git/bases/&syspar=/var/www/suitesaber.git/bases/par/syspar.par
**Thursday 8th of December 2016 01:01:19 PM Operador: abcd
/central/dataentry/browse.php /var/www/suitesaber.git/htdocs/central/dataentry/wxis/leer_mfnrange.xis &base=users&cipar=/var/www/suitesaber.git/bases/par/users.par&from=1&to=10&Formato=/var/www/suitesaber.git/bases/users/pfts/pt/tbusers&Opcion=buscar&path_db=/var/www/suitesaber.git/bases/&syspar=/var/www/suitesaber.git/bases/par/syspar.par
**Thursday 8th of December 2016 01:01:31 PM Operador: abcd
/central/dataentry/browse.php /var/www/suitesaber.git/htdocs/central/dataentry/wxis/leer_mfnrange.xis &base=users&cipar=/var/www/suitesaber.git/bases/par/users.par&from=1&to=10&Formato=/var/www/suitesaber.git/bases/users/pfts/pt/tbusers&Opcion=buscar&path_db=/var/www/suitesaber.git/bases/&syspar=/var/www/suitesaber.git/bases/par/syspar.par
**Thursday 8th of December 2016 01:02:08 PM Operador: abcd
/central/dataentry/browse.php /var/www/suitesaber.git/htdocs/central/dataentry/wxis/leer_mfnrange.xis &base=users&cipar=/var/www/suitesaber.git/bases/par/users.par&from=1&to=10&Formato=/var/www/suitesaber.git/bases/users/pfts/pt/tbusers&Opcion=buscar&path_db=/var/www/suitesaber.git/bases/&syspar=/var/www/suitesaber.git/bases/par/syspar.par
**Thursday 8th of December 2016 01:02:45 PM Operador: abcd
/central/dataentry/browse.php /var/www/suitesaber.git/htdocs/central/dataentry/wxis/leer_mfnrange.xis &base=users&cipar=/var/www/suitesaber.git/bases/par/users.par&from=1&to=10&Formato=/var/www/suitesaber.git/bases/users/pfts/pt/tbusers&Opcion=buscar&path_db=/var/www/suitesaber.git/bases/&syspar=/var/www/suitesaber.git/bases/par/syspar.par
**Thursday 8th of December 2016 01:03:03 PM Operador: abcd
/central/dataentry/browse.php /var/www/suitesaber.git/htdocs/central/dataentry/wxis/leer_mfnrange.xis &base=users&cipar=/var/www/suitesaber.git/bases/par/users.par&from=1&to=10&Formato=/var/www/suitesaber.git/bases/users/pfts/pt/tbusers&Opcion=buscar&path_db=/var/www/suitesaber.git/bases/&syspar=/var/www/suitesaber.git/bases/par/syspar.par
**Thursday 8th of December 2016 01:03:25 PM Operador: abcd
/central/dataentry/browse.php /var/www/suitesaber.git/htdocs/central/dataentry/wxis/leer_mfnrange.xis &base=users&cipar=/var/www/suitesaber.git/bases/par/users.par&from=1&to=10&Formato=/var/www/suitesaber.git/bases/users/pfts/pt/tbusers&Opcion=buscar&path_db=/var/www/suitesaber.git/bases/&syspar=/var/www/suitesaber.git/bases/par/syspar.par
**Thursday 8th of December 2016 01:04:34 PM Operador: abcd
/central/dataentry/browse.php /var/www/suitesaber.git/htdocs/central/dataentry/wxis/leer_mfnrange.xis &base=users&cipar=/var/www/suitesaber.git/bases/par/users.par&from=1&to=10&Formato=/var/www/suitesaber.git/bases/users/pfts/pt/tbusers&Opcion=buscar&path_db=/var/www/suitesaber.git/bases/&syspar=/var/www/suitesaber.git/bases/par/syspar.par
**Thursday 8th of December 2016 01:04:40 PM Operador: abcd
/central/dataentry/browse.php /var/www/suitesaber.git/htdocs/central/dataentry/wxis/leer_mfnrange.xis &base=users&cipar=/var/www/suitesaber.git/bases/par/users.par&from=1&to=10&Formato=/var/www/suitesaber.git/bases/users/pfts/pt/tbusers&Opcion=buscar&path_db=/var/www/suitesaber.git/bases/&syspar=/var/www/suitesaber.git/bases/par/syspar.par
**Thursday 8th of December 2016 01:05:16 PM Operador: abcd
/central/dataentry/browse.php /var/www/suitesaber.git/htdocs/central/dataentry/wxis/leer_mfnrange.xis &base=users&cipar=/var/www/suitesaber.git/bases/par/users.par&from=1&to=10&Formato=/var/www/suitesaber.git/bases/users/pfts/pt/tbusers&Opcion=buscar&path_db=/var/www/suitesaber.git/bases/&syspar=/var/www/suitesaber.git/bases/par/syspar.par
**Thursday 8th of December 2016 01:07:04 PM Operador: abcd
/central/dataentry/browse.php /var/www/suitesaber.git/htdocs/central/dataentry/wxis/leer_mfnrange.xis &base=users&cipar=/var/www/suitesaber.git/bases/par/users.par&from=1&to=10&Formato=/var/www/suitesaber.git/bases/users/pfts/pt/tbusers&Opcion=buscar&path_db=/var/www/suitesaber.git/bases/&syspar=/var/www/suitesaber.git/bases/par/syspar.par
**Thursday 8th of December 2016 01:07:38 PM Operador: abcd
/central/common/inicio.php /var/www/suitesaber.git/htdocs/central/dataentry/wxis/login.xis &base=acces&cipar=/var/www/suitesaber.git/bases/par/acces.par&login=abcd&password=adm&path_db=/var/www/suitesaber.git/bases/&syspar=/var/www/suitesaber.git/bases/par/syspar.par
**Thursday 8th of December 2016 01:07:41 PM Operador: abcd
/central/dataentry/browse.php /var/www/suitesaber.git/htdocs/central/dataentry/wxis/leer_mfnrange.xis &base=users&cipar=/var/www/suitesaber.git/bases/par/users.par&from=1&to=10&Formato=/var/www/suitesaber.git/bases/users/pfts/pt/tbusers&Opcion=buscar&path_db=/var/www/suitesaber.git/bases/&syspar=/var/www/suitesaber.git/bases/par/syspar.par
**Thursday 8th of December 2016 01:09:22 PM Operador: abcd
/central/dataentry/browse.php /var/www/suitesaber.git/htdocs/central/dataentry/wxis/leer_mfnrange.xis &base=users&cipar=/var/www/suitesaber.git/bases/par/users.par&from=1&to=10&Formato=/var/www/suitesaber.git/bases/users/pfts/pt/tbusers&Opcion=buscar&path_db=/var/www/suitesaber.git/bases/&syspar=/var/www/suitesaber.git/bases/par/syspar.par
**Thursday 8th of December 2016 01:09:35 PM Operador: abcd
/central/dataentry/browse.php /var/www/suitesaber.git/htdocs/central/dataentry/wxis/leer_mfnrange.xis &base=users&cipar=/var/www/suitesaber.git/bases/par/users.par&from=1&to=10&Formato=/var/www/suitesaber.git/bases/users/pfts/pt/tbusers&Opcion=buscar&path_db=/var/www/suitesaber.git/bases/&syspar=/var/www/suitesaber.git/bases/par/syspar.par
**Thursday 8th of December 2016 01:10:31 PM Operador: abcd
/central/dataentry/browse.php /var/www/suitesaber.git/htdocs/central/dataentry/wxis/leer_mfnrange.xis &base=users&cipar=/var/www/suitesaber.git/bases/par/users.par&from=1&to=10&Formato=/var/www/suitesaber.git/bases/users/pfts/pt/tbusers&Opcion=buscar&path_db=/var/www/suitesaber.git/bases/&syspar=/var/www/suitesaber.git/bases/par/syspar.par
**Thursday 8th of December 2016 01:10:50 PM Operador: abcd
/central/dataentry/browse.php /var/www/suitesaber.git/htdocs/central/dataentry/wxis/leer_mfnrange.xis &base=users&cipar=/var/www/suitesaber.git/bases/par/users.par&from=1&to=10&Formato=/var/www/suitesaber.git/bases/users/pfts/pt/tbusers&Opcion=buscar&path_db=/var/www/suitesaber.git/bases/&syspar=/var/www/suitesaber.git/bases/par/syspar.par
**Thursday 8th of December 2016 01:10:55 PM Operador: abcd
/central/dataentry/diccionario.php /var/www/suitesaber.git/htdocs/central/dataentry/wxis/ifp.xis &base=users&cipar=/var/www/suitesaber.git/bases/par/users.par&Opcion=diccionario&prefijo=TI_&campo=Tipo de usuário&Diccio=document.forma1.expre&path_db=/var/www/suitesaber.git/bases/&syspar=/var/www/suitesaber.git/bases/par/syspar.par
**Thursday 8th of December 2016 01:11:40 PM Operador: abcd
/central/dataentry/browse.php /var/www/suitesaber.git/htdocs/central/dataentry/wxis/leer_mfnrange.xis &base=users&cipar=/var/www/suitesaber.git/bases/par/users.par&from=1&to=10&Formato=/var/www/suitesaber.git/bases/users/pfts/pt/tbusers&Opcion=buscar&path_db=/var/www/suitesaber.git/bases/&syspar=/var/www/suitesaber.git/bases/par/syspar.par
**Thursday 8th of December 2016 01:17:19 PM Operador: abcd
/central/dataentry/browse.php /var/www/suitesaber.git/htdocs/central/dataentry/wxis/leer_mfnrange.xis &base=users&cipar=/var/www/suitesaber.git/bases/par/users.par&from=1&to=10&Formato=/var/www/suitesaber.git/bases/users/pfts/pt/tbusers&Opcion=buscar&path_db=/var/www/suitesaber.git/bases/&syspar=/var/www/suitesaber.git/bases/par/syspar.par
**Thursday 8th of December 2016 01:17:43 PM Operador: abcd
/central/dataentry/browse.php /var/www/suitesaber.git/htdocs/central/dataentry/wxis/leer_mfnrange.xis &base=users&cipar=/var/www/suitesaber.git/bases/par/users.par&from=1&to=10&Formato=/var/www/suitesaber.git/bases/users/pfts/pt/tbusers&Opcion=buscar&path_db=/var/www/suitesaber.git/bases/&syspar=/var/www/suitesaber.git/bases/par/syspar.par
**Thursday 8th of December 2016 01:19:00 PM Operador: abcd
/central/dataentry/browse.php /var/www/suitesaber.git/htdocs/central/dataentry/wxis/leer_mfnrange.xis &base=users&cipar=/var/www/suitesaber.git/bases/par/users.par&from=1&to=10&Formato=/var/www/suitesaber.git/bases/users/pfts/pt/tbusers&Opcion=buscar&path_db=/var/www/suitesaber.git/bases/&syspar=/var/www/suitesaber.git/bases/par/syspar.par
**Thursday 8th of December 2016 01:19:23 PM Operador: abcd
/central/dataentry/browse.php /var/www/suitesaber.git/htdocs/central/dataentry/wxis/leer_mfnrange.xis &base=users&cipar=/var/www/suitesaber.git/bases/par/users.par&from=1&to=10&Formato=/var/www/suitesaber.git/bases/users/pfts/pt/tbusers&Opcion=buscar&path_db=/var/www/suitesaber.git/bases/&syspar=/var/www/suitesaber.git/bases/par/syspar.par
**Thursday 8th of December 2016 01:19:30 PM Operador: abcd
/central/dataentry/browse.php /var/www/suitesaber.git/htdocs/central/dataentry/wxis/leer_mfnrange.xis &base=users&cipar=/var/www/suitesaber.git/bases/par/users.par&from=1&to=10&Formato=/var/www/suitesaber.git/bases/users/pfts/pt/tbusers&Opcion=buscar&path_db=/var/www/suitesaber.git/bases/&syspar=/var/www/suitesaber.git/bases/par/syspar.par
**Thursday 8th of December 2016 01:19:53 PM Operador: abcd
/central/dataentry/browse.php /var/www/suitesaber.git/htdocs/central/dataentry/wxis/leer_mfnrange.xis &base=users&cipar=/var/www/suitesaber.git/bases/par/users.par&from=1&to=10&Formato=/var/www/suitesaber.git/bases/users/pfts/pt/tbusers&Opcion=buscar&path_db=/var/www/suitesaber.git/bases/&syspar=/var/www/suitesaber.git/bases/par/syspar.par
**Thursday 8th of December 2016 01:20:45 PM Operador: abcd
/central/dataentry/browse.php /var/www/suitesaber.git/htdocs/central/dataentry/wxis/leer_mfnrange.xis &base=trans&cipar=/var/www/suitesaber.git/bases/par/trans.par&from=1&to=10&Formato=/var/www/suitesaber.git/bases/trans/pfts/pt/tbtrans&Opcion=buscar&path_db=/var/www/suitesaber.git/bases/&syspar=/var/www/suitesaber.git/bases/par/syspar.par
**Thursday 8th of December 2016 01:20:52 PM Operador: abcd
/central/dataentry/browse.php /var/www/suitesaber.git/htdocs/central/dataentry/wxis/leer_mfnrange.xis &base=suspml&cipar=/var/www/suitesaber.git/bases/par/suspml.par&from=1&to=10&Formato=/var/www/suitesaber.git/bases/suspml/pfts/pt/tbsuspml&Opcion=buscar&path_db=/var/www/suitesaber.git/bases/&syspar=/var/www/suitesaber.git/bases/par/syspar.par
**Thursday 8th of December 2016 01:20:53 PM Operador: abcd
/central/dataentry/browse.php /var/www/suitesaber.git/htdocs/central/dataentry/wxis/leer_mfnrange.xis &base=reserve&cipar=/var/www/suitesaber.git/bases/par/reserve.par&from=1&to=10&Formato=/var/www/suitesaber.git/bases/reserve/pfts/pt/tbreserve&Opcion=buscar&path_db=/var/www/suitesaber.git/bases/&syspar=/var/www/suitesaber.git/bases/par/syspar.par
**Thursday 8th of December 2016 01:20:56 PM Operador: abcd
/central/dataentry/browse.php /var/www/suitesaber.git/htdocs/central/dataentry/wxis/leer_mfnrange.xis &base=suspml&cipar=/var/www/suitesaber.git/bases/par/suspml.par&from=1&to=10&Formato=/var/www/suitesaber.git/bases/suspml/pfts/pt/tbsuspml&Opcion=buscar&path_db=/var/www/suitesaber.git/bases/&syspar=/var/www/suitesaber.git/bases/par/syspar.par
**Thursday 8th of December 2016 01:20:57 PM Operador: abcd
/central/dataentry/browse.php /var/www/suitesaber.git/htdocs/central/dataentry/wxis/leer_mfnrange.xis &base=trans&cipar=/var/www/suitesaber.git/bases/par/trans.par&from=1&to=10&Formato=/var/www/suitesaber.git/bases/trans/pfts/pt/tbtrans&Opcion=buscar&path_db=/var/www/suitesaber.git/bases/&syspar=/var/www/suitesaber.git/bases/par/syspar.par
**Thursday 8th of December 2016 01:21:08 PM Operador: abcd
/central/dataentry/browse.php /var/www/suitesaber.git/htdocs/central/dataentry/wxis/leer_mfnrange.xis &base=trans&cipar=/var/www/suitesaber.git/bases/par/trans.par&from=1&to=10&Formato=/var/www/suitesaber.git/bases/trans/pfts/pt/tbtrans&Opcion=buscar&path_db=/var/www/suitesaber.git/bases/&syspar=/var/www/suitesaber.git/bases/par/syspar.par
**Thursday 8th of December 2016 01:21:11 PM Operador: abcd
/central/dataentry/browse.php /var/www/suitesaber.git/htdocs/central/dataentry/wxis/leer_mfnrange.xis &base=suspml&cipar=/var/www/suitesaber.git/bases/par/suspml.par&from=1&to=10&Formato=/var/www/suitesaber.git/bases/suspml/pfts/pt/tbsuspml&Opcion=buscar&path_db=/var/www/suitesaber.git/bases/&syspar=/var/www/suitesaber.git/bases/par/syspar.par
**Thursday 8th of December 2016 01:21:13 PM Operador: abcd
/central/dataentry/browse.php /var/www/suitesaber.git/htdocs/central/dataentry/wxis/leer_mfnrange.xis &base=reserve&cipar=/var/www/suitesaber.git/bases/par/reserve.par&from=1&to=10&Formato=/var/www/suitesaber.git/bases/reserve/pfts/pt/tbreserve&Opcion=buscar&path_db=/var/www/suitesaber.git/bases/&syspar=/var/www/suitesaber.git/bases/par/syspar.par
**Thursday 8th of December 2016 01:21:13 PM Operador: abcd
/central/dataentry/browse.php /var/www/suitesaber.git/htdocs/central/dataentry/wxis/leer_mfnrange.xis &base=suspml&cipar=/var/www/suitesaber.git/bases/par/suspml.par&from=1&to=10&Formato=/var/www/suitesaber.git/bases/suspml/pfts/pt/tbsuspml&Opcion=buscar&path_db=/var/www/suitesaber.git/bases/&syspar=/var/www/suitesaber.git/bases/par/syspar.par
**Thursday 8th of December 2016 01:21:14 PM Operador: abcd
/central/dataentry/browse.php /var/www/suitesaber.git/htdocs/central/dataentry/wxis/leer_mfnrange.xis &base=trans&cipar=/var/www/suitesaber.git/bases/par/trans.par&from=1&to=10&Formato=/var/www/suitesaber.git/bases/trans/pfts/pt/tbtrans&Opcion=buscar&path_db=/var/www/suitesaber.git/bases/&syspar=/var/www/suitesaber.git/bases/par/syspar.par
**Thursday 8th of December 2016 01:21:17 PM Operador: abcd
/central/dataentry/browse.php /var/www/suitesaber.git/htdocs/central/dataentry/wxis/leer_mfnrange.xis &base=trans&cipar=/var/www/suitesaber.git/bases/par/trans.par&from=1&to=10&Formato=/var/www/suitesaber.git/bases/trans/pfts/pt/tbtrans&Opcion=buscar&path_db=/var/www/suitesaber.git/bases/&syspar=/var/www/suitesaber.git/bases/par/syspar.par
**Thursday 8th of December 2016 01:21:18 PM Operador: abcd
/central/dataentry/browse.php /var/www/suitesaber.git/htdocs/central/dataentry/wxis/leer_mfnrange.xis &base=users&cipar=/var/www/suitesaber.git/bases/par/users.par&from=1&to=10&Formato=/var/www/suitesaber.git/bases/users/pfts/pt/tbusers&Opcion=buscar&path_db=/var/www/suitesaber.git/bases/&syspar=/var/www/suitesaber.git/bases/par/syspar.par
**Thursday 8th of December 2016 01:21:19 PM Operador: abcd
/central/dataentry/browse.php /var/www/suitesaber.git/htdocs/central/dataentry/wxis/leer_mfnrange.xis &base=trans&cipar=/var/www/suitesaber.git/bases/par/trans.par&from=1&to=10&Formato=/var/www/suitesaber.git/bases/trans/pfts/pt/tbtrans&Opcion=buscar&path_db=/var/www/suitesaber.git/bases/&syspar=/var/www/suitesaber.git/bases/par/syspar.par
**Thursday 8th of December 2016 01:21:20 PM Operador: abcd
/central/dataentry/browse.php /var/www/suitesaber.git/htdocs/central/dataentry/wxis/leer_mfnrange.xis &base=suspml&cipar=/var/www/suitesaber.git/bases/par/suspml.par&from=1&to=10&Formato=/var/www/suitesaber.git/bases/suspml/pfts/pt/tbsuspml&Opcion=buscar&path_db=/var/www/suitesaber.git/bases/&syspar=/var/www/suitesaber.git/bases/par/syspar.par
**Thursday 8th of December 2016 01:21:20 PM Operador: abcd
/central/dataentry/browse.php /var/www/suitesaber.git/htdocs/central/dataentry/wxis/leer_mfnrange.xis &base=reserve&cipar=/var/www/suitesaber.git/bases/par/reserve.par&from=1&to=10&Formato=/var/www/suitesaber.git/bases/reserve/pfts/pt/tbreserve&Opcion=buscar&path_db=/var/www/suitesaber.git/bases/&syspar=/var/www/suitesaber.git/bases/par/syspar.par
**Thursday 8th of December 2016 01:21:24 PM Operador: abcd
/central/dataentry/browse.php /var/www/suitesaber.git/htdocs/central/dataentry/wxis/leer_mfnrange.xis &base=users&cipar=/var/www/suitesaber.git/bases/par/users.par&from=1&to=10&Formato=/var/www/suitesaber.git/bases/users/pfts/pt/tbusers&Opcion=buscar&path_db=/var/www/suitesaber.git/bases/&syspar=/var/www/suitesaber.git/bases/par/syspar.par
**Thursday 8th of December 2016 01:22:42 PM Operador: abcd
/central/dataentry/browse.php /var/www/suitesaber.git/htdocs/central/dataentry/wxis/leer_mfnrange.xis &base=trans&cipar=/var/www/suitesaber.git/bases/par/trans.par&from=1&to=10&Formato=/var/www/suitesaber.git/bases/trans/pfts/pt/tbtrans&Opcion=buscar&path_db=/var/www/suitesaber.git/bases/&syspar=/var/www/suitesaber.git/bases/par/syspar.par
**Thursday 8th of December 2016 01:22:44 PM Operador: abcd
/central/dataentry/browse.php /var/www/suitesaber.git/htdocs/central/dataentry/wxis/leer_mfnrange.xis &base=suspml&cipar=/var/www/suitesaber.git/bases/par/suspml.par&from=1&to=10&Formato=/var/www/suitesaber.git/bases/suspml/pfts/pt/tbsuspml&Opcion=buscar&path_db=/var/www/suitesaber.git/bases/&syspar=/var/www/suitesaber.git/bases/par/syspar.par
**Thursday 8th of December 2016 01:22:45 PM Operador: abcd
/central/dataentry/browse.php /var/www/suitesaber.git/htdocs/central/dataentry/wxis/leer_mfnrange.xis &base=reserve&cipar=/var/www/suitesaber.git/bases/par/reserve.par&from=1&to=10&Formato=/var/www/suitesaber.git/bases/reserve/pfts/pt/tbreserve&Opcion=buscar&path_db=/var/www/suitesaber.git/bases/&syspar=/var/www/suitesaber.git/bases/par/syspar.par
**Thursday 8th of December 2016 01:22:47 PM Operador: abcd
/central/dataentry/browse.php /var/www/suitesaber.git/htdocs/central/dataentry/wxis/leer_mfnrange.xis &base=users&cipar=/var/www/suitesaber.git/bases/par/users.par&from=1&to=10&Formato=/var/www/suitesaber.git/bases/users/pfts/pt/tbusers&Opcion=buscar&path_db=/var/www/suitesaber.git/bases/&syspar=/var/www/suitesaber.git/bases/par/syspar.par
**Thursday 8th of December 2016 01:24:20 PM Operador: abcd
/central/dataentry/browse.php /var/www/suitesaber.git/htdocs/central/dataentry/wxis/leer_mfnrange.xis &base=users&cipar=/var/www/suitesaber.git/bases/par/users.par&from=1&to=10&Formato=/var/www/suitesaber.git/bases/users/pfts/pt/tbusers&Opcion=buscar&path_db=/var/www/suitesaber.git/bases/&syspar=/var/www/suitesaber.git/bases/par/syspar.par
**Thursday 8th of December 2016 01:24:37 PM Operador: abcd
/central/dataentry/browse.php /var/www/suitesaber.git/htdocs/central/dataentry/wxis/leer_mfnrange.xis &base=users&cipar=/var/www/suitesaber.git/bases/par/users.par&from=1&to=10&Formato=/var/www/suitesaber.git/bases/users/pfts/pt/tbusers&Opcion=buscar&path_db=/var/www/suitesaber.git/bases/&syspar=/var/www/suitesaber.git/bases/par/syspar.par
**Thursday 8th of December 2016 01:24:49 PM Operador: abcd
/central/dataentry/browse.php /var/www/suitesaber.git/htdocs/central/dataentry/wxis/leer_mfnrange.xis &base=users&cipar=/var/www/suitesaber.git/bases/par/users.par&from=1&to=10&Formato=/var/www/suitesaber.git/bases/users/pfts/pt/tbusers&Opcion=buscar&path_db=/var/www/suitesaber.git/bases/&syspar=/var/www/suitesaber.git/bases/par/syspar.par
**Thursday 8th of December 2016 01:25:01 PM Operador: abcd
/central/dataentry/browse.php /var/www/suitesaber.git/htdocs/central/dataentry/wxis/leer_mfnrange.xis &base=users&cipar=/var/www/suitesaber.git/bases/par/users.par&from=1&to=10&Formato=/var/www/suitesaber.git/bases/users/pfts/pt/tbusers&Opcion=buscar&path_db=/var/www/suitesaber.git/bases/&syspar=/var/www/suitesaber.git/bases/par/syspar.par
**Thursday 8th of December 2016 01:25:26 PM Operador: abcd
/central/dataentry/browse.php /var/www/suitesaber.git/htdocs/central/dataentry/wxis/leer_mfnrange.xis &base=users&cipar=/var/www/suitesaber.git/bases/par/users.par&from=1&to=10&Formato=/var/www/suitesaber.git/bases/users/pfts/pt/tbusers&Opcion=buscar&path_db=/var/www/suitesaber.git/bases/&syspar=/var/www/suitesaber.git/bases/par/syspar.par
**Thursday 8th of December 2016 01:25:28 PM Operador: abcd
/central/dataentry/browse.php /var/www/suitesaber.git/htdocs/central/dataentry/wxis/leer_mfnrange.xis &base=trans&cipar=/var/www/suitesaber.git/bases/par/trans.par&from=1&to=10&Formato=/var/www/suitesaber.git/bases/trans/pfts/pt/tbtrans&Opcion=buscar&path_db=/var/www/suitesaber.git/bases/&syspar=/var/www/suitesaber.git/bases/par/syspar.par
**Thursday 8th of December 2016 01:25:29 PM Operador: abcd
/central/dataentry/browse.php /var/www/suitesaber.git/htdocs/central/dataentry/wxis/leer_mfnrange.xis &base=suspml&cipar=/var/www/suitesaber.git/bases/par/suspml.par&from=1&to=10&Formato=/var/www/suitesaber.git/bases/suspml/pfts/pt/tbsuspml&Opcion=buscar&path_db=/var/www/suitesaber.git/bases/&syspar=/var/www/suitesaber.git/bases/par/syspar.par
**Thursday 8th of December 2016 01:25:30 PM Operador: abcd
/central/dataentry/browse.php /var/www/suitesaber.git/htdocs/central/dataentry/wxis/leer_mfnrange.xis &base=reserve&cipar=/var/www/suitesaber.git/bases/par/reserve.par&from=1&to=10&Formato=/var/www/suitesaber.git/bases/reserve/pfts/pt/tbreserve&Opcion=buscar&path_db=/var/www/suitesaber.git/bases/&syspar=/var/www/suitesaber.git/bases/par/syspar.par
**Thursday 8th of December 2016 01:25:31 PM Operador: abcd
/central/dataentry/browse.php /var/www/suitesaber.git/htdocs/central/dataentry/wxis/leer_mfnrange.xis &base=users&cipar=/var/www/suitesaber.git/bases/par/users.par&from=1&to=10&Formato=/var/www/suitesaber.git/bases/users/pfts/pt/tbusers&Opcion=buscar&path_db=/var/www/suitesaber.git/bases/&syspar=/var/www/suitesaber.git/bases/par/syspar.par
**Thursday 8th of December 2016 01:26:59 PM Operador: abcd
/central/dataentry/browse.php /var/www/suitesaber.git/htdocs/central/dataentry/wxis/leer_mfnrange.xis &base=users&cipar=/var/www/suitesaber.git/bases/par/users.par&from=1&to=10&Formato=/var/www/suitesaber.git/bases/users/pfts/pt/tbusers&Opcion=buscar&path_db=/var/www/suitesaber.git/bases/&syspar=/var/www/suitesaber.git/bases/par/syspar.par
**Thursday 8th of December 2016 01:30:53 PM Operador: abcd
/central/dataentry/browse.php /var/www/suitesaber.git/htdocs/central/dataentry/wxis/leer_mfnrange.xis &base=users&cipar=/var/www/suitesaber.git/bases/par/users.par&from=1&to=10&Formato=/var/www/suitesaber.git/bases/users/pfts/pt/tbusers&Opcion=buscar&path_db=/var/www/suitesaber.git/bases/&syspar=/var/www/suitesaber.git/bases/par/syspar.par
**Thursday 8th of December 2016 01:30:57 PM Operador: abcd
/central/dataentry/browse.php /var/www/suitesaber.git/htdocs/central/dataentry/wxis/leer_mfnrange.xis &base=trans&cipar=/var/www/suitesaber.git/bases/par/trans.par&from=1&to=10&Formato=/var/www/suitesaber.git/bases/trans/pfts/pt/tbtrans&Opcion=buscar&path_db=/var/www/suitesaber.git/bases/&syspar=/var/www/suitesaber.git/bases/par/syspar.par
**Thursday 8th of December 2016 01:31:05 PM Operador: abcd
/central/dataentry/browse.php /var/www/suitesaber.git/htdocs/central/dataentry/wxis/leer_mfnrange.xis &base=trans&cipar=/var/www/suitesaber.git/bases/par/trans.par&from=1&to=10&Formato=/var/www/suitesaber.git/bases/trans/pfts/pt/tbtrans&Opcion=buscar&path_db=/var/www/suitesaber.git/bases/&syspar=/var/www/suitesaber.git/bases/par/syspar.par
**Thursday 8th of December 2016 01:31:15 PM Operador: abcd
/central/dataentry/diccionario.php /var/www/suitesaber.git/htdocs/central/dataentry/wxis/ifp.xis &base=trans&cipar=/var/www/suitesaber.git/bases/par/trans.par&Opcion=diccionario&prefijo=TR_P_&campo=Empréstimos pendentes&Diccio=document.forma1.expre&path_db=/var/www/suitesaber.git/bases/&syspar=/var/www/suitesaber.git/bases/par/syspar.par
**Thursday 8th of December 2016 01:31:22 PM Operador: abcd
/central/dataentry/browse.php /var/www/suitesaber.git/htdocs/central/dataentry/wxis/leer_mfnrange.xis &base=reserve&cipar=/var/www/suitesaber.git/bases/par/reserve.par&from=1&to=10&Formato=/var/www/suitesaber.git/bases/reserve/pfts/pt/tbreserve&Opcion=buscar&path_db=/var/www/suitesaber.git/bases/&syspar=/var/www/suitesaber.git/bases/par/syspar.par
**Thursday 8th of December 2016 01:31:29 PM Operador: abcd
/central/dataentry/browse.php /var/www/suitesaber.git/htdocs/central/dataentry/wxis/leer_mfnrange.xis &base=reserve&cipar=/var/www/suitesaber.git/bases/par/reserve.par&from=1&to=10&Formato=/var/www/suitesaber.git/bases/reserve/pfts/pt/tbreserve&Opcion=buscar&path_db=/var/www/suitesaber.git/bases/&syspar=/var/www/suitesaber.git/bases/par/syspar.par
**Thursday 8th of December 2016 01:31:34 PM Operador: abcd
/central/statistics/tables_generate.php /var/www/suitesaber.git/htdocs/central/dataentry/wxis/administrar.xis &base=users&cipar=/var/www/suitesaber.git/bases/par/users.par&Opcion=status&path_db=/var/www/suitesaber.git/bases/&syspar=/var/www/suitesaber.git/bases/par/syspar.par
**Thursday 8th of December 2016 01:31:35 PM Operador: abcd
/central/statistics/tables_generate.php /var/www/suitesaber.git/htdocs/central/dataentry/wxis/administrar.xis &base=trans&cipar=/var/www/suitesaber.git/bases/par/trans.par&Opcion=status&path_db=/var/www/suitesaber.git/bases/&syspar=/var/www/suitesaber.git/bases/par/syspar.par
**Thursday 8th of December 2016 01:31:37 PM Operador: abcd
/central/statistics/tables_generate.php /var/www/suitesaber.git/htdocs/central/dataentry/wxis/administrar.xis &base=suspml&cipar=/var/www/suitesaber.git/bases/par/suspml.par&Opcion=status&path_db=/var/www/suitesaber.git/bases/&syspar=/var/www/suitesaber.git/bases/par/syspar.par
**Thursday 8th of December 2016 01:31:39 PM Operador: abcd
/central/acquisitions/overview.php /var/www/suitesaber.git/htdocs/central/dataentry/wxis/ifp.xis &base=suggestions&cipar=/var/www/suitesaber.git/bases/par/suggestions.par&prefijo=STA_&Opcion=diccionario&path_db=/var/www/suitesaber.git/bases/&syspar=/var/www/suitesaber.git/bases/par/syspar.par
**Thursday 8th of December 2016 01:33:13 PM Operador: abcd
/central/acquisitions/overview.php /var/www/suitesaber.git/htdocs/central/dataentry/wxis/ifp.xis &base=suggestions&cipar=/var/www/suitesaber.git/bases/par/suggestions.par&prefijo=STA_&Opcion=diccionario&path_db=/var/www/suitesaber.git/bases/&syspar=/var/www/suitesaber.git/bases/par/syspar.par
**Thursday 8th of December 2016 01:33:32 PM Operador: abcd
/central/acquisitions/overview.php /var/www/suitesaber.git/htdocs/central/dataentry/wxis/ifp.xis &base=suggestions&cipar=/var/www/suitesaber.git/bases/par/suggestions.par&prefijo=STA_&Opcion=diccionario&path_db=/var/www/suitesaber.git/bases/&syspar=/var/www/suitesaber.git/bases/par/syspar.par
**Thursday 8th of December 2016 01:33:47 PM Operador: abcd
/central/acquisitions/overview.php /var/www/suitesaber.git/htdocs/central/dataentry/wxis/ifp.xis &base=suggestions&cipar=/var/www/suitesaber.git/bases/par/suggestions.par&prefijo=STA_&Opcion=diccionario&path_db=/var/www/suitesaber.git/bases/&syspar=/var/www/suitesaber.git/bases/par/syspar.par
**Thursday 8th of December 2016 01:33:59 PM Operador: abcd
/central/acquisitions/overview.php /var/www/suitesaber.git/htdocs/central/dataentry/wxis/ifp.xis &base=suggestions&cipar=/var/www/suitesaber.git/bases/par/suggestions.par&prefijo=STA_&Opcion=diccionario&path_db=/var/www/suitesaber.git/bases/&syspar=/var/www/suitesaber.git/bases/par/syspar.par
**Thursday 8th of December 2016 01:34:19 PM Operador: abcd
/central/acquisitions/overview.php /var/www/suitesaber.git/htdocs/central/dataentry/wxis/ifp.xis &base=suggestions&cipar=/var/www/suitesaber.git/bases/par/suggestions.par&prefijo=STA_&Opcion=diccionario&path_db=/var/www/suitesaber.git/bases/&syspar=/var/www/suitesaber.git/bases/par/syspar.par
**Thursday 8th of December 2016 01:34:29 PM Operador: abcd
/central/acquisitions/overview.php /var/www/suitesaber.git/htdocs/central/dataentry/wxis/ifp.xis &base=suggestions&cipar=/var/www/suitesaber.git/bases/par/suggestions.par&prefijo=STA_&Opcion=diccionario&path_db=/var/www/suitesaber.git/bases/&syspar=/var/www/suitesaber.git/bases/par/syspar.par
**Thursday 8th of December 2016 01:35:02 PM Operador: abcd
/central/acquisitions/overview.php /var/www/suitesaber.git/htdocs/central/dataentry/wxis/ifp.xis &base=suggestions&cipar=/var/www/suitesaber.git/bases/par/suggestions.par&prefijo=STA_&Opcion=diccionario&path_db=/var/www/suitesaber.git/bases/&syspar=/var/www/suitesaber.git/bases/par/syspar.par
**Thursday 8th of December 2016 01:38:08 PM Operador: abcd
/central/acquisitions/overview.php /var/www/suitesaber.git/htdocs/central/dataentry/wxis/ifp.xis &base=suggestions&cipar=/var/www/suitesaber.git/bases/par/suggestions.par&prefijo=STA_&Opcion=diccionario&path_db=/var/www/suitesaber.git/bases/&syspar=/var/www/suitesaber.git/bases/par/syspar.par
**Thursday 8th of December 2016 01:39:32 PM Operador: abcd
/central/acquisitions/overview.php /var/www/suitesaber.git/htdocs/central/dataentry/wxis/ifp.xis &base=suggestions&cipar=/var/www/suitesaber.git/bases/par/suggestions.par&prefijo=STA_&Opcion=diccionario&path_db=/var/www/suitesaber.git/bases/&syspar=/var/www/suitesaber.git/bases/par/syspar.par
**Thursday 8th of December 2016 01:39:34 PM Operador: abcd
/central/dataentry/show.php /var/www/suitesaber.git/htdocs/central/dataentry/wxis/imprime.xis &base=suggestions&cipar=/var/www/suitesaber.git/bases/par/suggestions.par&Expresion=STA_0&Formato=@/var/www/suitesaber.git/bases/suggestions/pfts/pt/suggestions.pft&Total=s&Opcion=buscar&from=1&to=20&path_db=/var/www/suitesaber.git/bases/&syspar=/var/www/suitesaber.git/bases/par/syspar.par
**Thursday 8th of December 2016 01:39:52 PM Operador: abcd
/central/acquisitions/overview.php /var/www/suitesaber.git/htdocs/central/dataentry/wxis/ifp.xis &base=suggestions&cipar=/var/www/suitesaber.git/bases/par/suggestions.par&prefijo=STA_&Opcion=diccionario&path_db=/var/www/suitesaber.git/bases/&syspar=/var/www/suitesaber.git/bases/par/syspar.par
**Thursday 8th of December 2016 01:39:54 PM Operador: abcd
/central/dataentry/show.php /var/www/suitesaber.git/htdocs/central/dataentry/wxis/imprime.xis &base=suggestions&cipar=/var/www/suitesaber.git/bases/par/suggestions.par&Expresion=STA_0&Formato=@/var/www/suitesaber.git/bases/suggestions/pfts/pt/suggestions.pft&Total=s&Opcion=buscar&from=1&to=20&path_db=/var/www/suitesaber.git/bases/&syspar=/var/www/suitesaber.git/bases/par/syspar.par
**Thursday 8th of December 2016 01:40:19 PM Operador: abcd
/central/acquisitions/overview.php /var/www/suitesaber.git/htdocs/central/dataentry/wxis/ifp.xis &base=suggestions&cipar=/var/www/suitesaber.git/bases/par/suggestions.par&prefijo=STA_&Opcion=diccionario&path_db=/var/www/suitesaber.git/bases/&syspar=/var/www/suitesaber.git/bases/par/syspar.par
**Thursday 8th of December 2016 01:40:23 PM Operador: abcd
/central/dataentry/show.php /var/www/suitesaber.git/htdocs/central/dataentry/wxis/imprime.xis &base=suggestions&cipar=/var/www/suitesaber.git/bases/par/suggestions.par&Expresion=STA_0&Formato=@/var/www/suitesaber.git/bases/suggestions/pfts/pt/suggestions.pft&Total=s&Opcion=buscar&from=1&to=20&path_db=/var/www/suitesaber.git/bases/&syspar=/var/www/suitesaber.git/bases/par/syspar.par
**Thursday 8th of December 2016 01:41:02 PM Operador: abcd
/central/acquisitions/overview.php /var/www/suitesaber.git/htdocs/central/dataentry/wxis/ifp.xis &base=suggestions&cipar=/var/www/suitesaber.git/bases/par/suggestions.par&prefijo=STA_&Opcion=diccionario&path_db=/var/www/suitesaber.git/bases/&syspar=/var/www/suitesaber.git/bases/par/syspar.par
**Thursday 8th of December 2016 01:41:03 PM Operador: abcd
/central/dataentry/show.php /var/www/suitesaber.git/htdocs/central/dataentry/wxis/imprime.xis &base=suggestions&cipar=/var/www/suitesaber.git/bases/par/suggestions.par&Expresion=STA_0&Formato=@/var/www/suitesaber.git/bases/suggestions/pfts/pt/suggestions.pft&Total=s&Opcion=buscar&from=1&to=20&path_db=/var/www/suitesaber.git/bases/&syspar=/var/www/suitesaber.git/bases/par/syspar.par
**Thursday 8th of December 2016 01:41:18 PM Operador: abcd
/central/acquisitions/overview.php /var/www/suitesaber.git/htdocs/central/dataentry/wxis/ifp.xis &base=suggestions&cipar=/var/www/suitesaber.git/bases/par/suggestions.par&prefijo=STA_&Opcion=diccionario&path_db=/var/www/suitesaber.git/bases/&syspar=/var/www/suitesaber.git/bases/par/syspar.par
**Thursday 8th of December 2016 01:41:20 PM Operador: abcd
/central/dataentry/show.php /var/www/suitesaber.git/htdocs/central/dataentry/wxis/imprime.xis &base=suggestions&cipar=/var/www/suitesaber.git/bases/par/suggestions.par&Expresion=STA_0&Formato=@/var/www/suitesaber.git/bases/suggestions/pfts/pt/suggestions.pft&Total=s&Opcion=buscar&from=1&to=20&path_db=/var/www/suitesaber.git/bases/&syspar=/var/www/suitesaber.git/bases/par/syspar.par
**Thursday 8th of December 2016 01:41:49 PM Operador: abcd
/central/acquisitions/overview.php /var/www/suitesaber.git/htdocs/central/dataentry/wxis/ifp.xis &base=suggestions&cipar=/var/www/suitesaber.git/bases/par/suggestions.par&prefijo=STA_&Opcion=diccionario&path_db=/var/www/suitesaber.git/bases/&syspar=/var/www/suitesaber.git/bases/par/syspar.par
**Thursday 8th of December 2016 01:42:12 PM Operador: abcd
/central/acquisitions/overview.php /var/www/suitesaber.git/htdocs/central/dataentry/wxis/ifp.xis &base=suggestions&cipar=/var/www/suitesaber.git/bases/par/suggestions.par&prefijo=STA_&Opcion=diccionario&path_db=/var/www/suitesaber.git/bases/&syspar=/var/www/suitesaber.git/bases/par/syspar.par
**Thursday 8th of December 2016 01:42:25 PM Operador: abcd
/central/acquisitions/overview.php /var/www/suitesaber.git/htdocs/central/dataentry/wxis/ifp.xis &base=suggestions&cipar=/var/www/suitesaber.git/bases/par/suggestions.par&prefijo=STA_&Opcion=diccionario&path_db=/var/www/suitesaber.git/bases/&syspar=/var/www/suitesaber.git/bases/par/syspar.par
**Thursday 8th of December 2016 01:42:41 PM Operador: abcd
/central/acquisitions/overview.php /var/www/suitesaber.git/htdocs/central/dataentry/wxis/ifp.xis &base=suggestions&cipar=/var/www/suitesaber.git/bases/par/suggestions.par&prefijo=STA_&Opcion=diccionario&path_db=/var/www/suitesaber.git/bases/&syspar=/var/www/suitesaber.git/bases/par/syspar.par
**Thursday 8th of December 2016 01:42:54 PM Operador: abcd
/central/acquisitions/overview.php /var/www/suitesaber.git/htdocs/central/dataentry/wxis/ifp.xis &base=suggestions&cipar=/var/www/suitesaber.git/bases/par/suggestions.par&prefijo=STA_&Opcion=diccionario&path_db=/var/www/suitesaber.git/bases/&syspar=/var/www/suitesaber.git/bases/par/syspar.par
**Thursday 8th of December 2016 01:43:30 PM Operador: abcd
/central/acquisitions/overview.php /var/www/suitesaber.git/htdocs/central/dataentry/wxis/ifp.xis &base=suggestions&cipar=/var/www/suitesaber.git/bases/par/suggestions.par&prefijo=STA_&Opcion=diccionario&path_db=/var/www/suitesaber.git/bases/&syspar=/var/www/suitesaber.git/bases/par/syspar.par
**Thursday 8th of December 2016 01:43:40 PM Operador: abcd
/central/acquisitions/overview.php /var/www/suitesaber.git/htdocs/central/dataentry/wxis/ifp.xis &base=suggestions&cipar=/var/www/suitesaber.git/bases/par/suggestions.par&prefijo=STA_&Opcion=diccionario&path_db=/var/www/suitesaber.git/bases/&syspar=/var/www/suitesaber.git/bases/par/syspar.par
**Thursday 8th of December 2016 01:46:22 PM Operador: abcd
/central/acquisitions/overview.php /var/www/suitesaber.git/htdocs/central/dataentry/wxis/ifp.xis &base=suggestions&cipar=/var/www/suitesaber.git/bases/par/suggestions.par&prefijo=STA_&Opcion=diccionario&path_db=/var/www/suitesaber.git/bases/&syspar=/var/www/suitesaber.git/bases/par/syspar.par
**Thursday 8th of December 2016 01:46:33 PM Operador: abcd
/central/acquisitions/overview.php /var/www/suitesaber.git/htdocs/central/dataentry/wxis/ifp.xis &base=suggestions&cipar=/var/www/suitesaber.git/bases/par/suggestions.par&prefijo=STA_&Opcion=diccionario&path_db=/var/www/suitesaber.git/bases/&syspar=/var/www/suitesaber.git/bases/par/syspar.par
**Thursday 8th of December 2016 01:47:04 PM Operador: abcd
/central/acquisitions/overview.php /var/www/suitesaber.git/htdocs/central/dataentry/wxis/ifp.xis &base=suggestions&cipar=/var/www/suitesaber.git/bases/par/suggestions.par&prefijo=STA_&Opcion=diccionario&path_db=/var/www/suitesaber.git/bases/&syspar=/var/www/suitesaber.git/bases/par/syspar.par
**Thursday 8th of December 2016 01:48:11 PM Operador: abcd
/central/acquisitions/overview.php /var/www/suitesaber.git/htdocs/central/dataentry/wxis/ifp.xis &base=suggestions&cipar=/var/www/suitesaber.git/bases/par/suggestions.par&prefijo=STA_&Opcion=diccionario&path_db=/var/www/suitesaber.git/bases/&syspar=/var/www/suitesaber.git/bases/par/syspar.par
**Thursday 8th of December 2016 01:48:24 PM Operador: abcd
/central/acquisitions/overview.php /var/www/suitesaber.git/htdocs/central/dataentry/wxis/ifp.xis &base=suggestions&cipar=/var/www/suitesaber.git/bases/par/suggestions.par&prefijo=STA_&Opcion=diccionario&path_db=/var/www/suitesaber.git/bases/&syspar=/var/www/suitesaber.git/bases/par/syspar.par
**Thursday 8th of December 2016 01:48:42 PM Operador: abcd
/central/acquisitions/overview.php /var/www/suitesaber.git/htdocs/central/dataentry/wxis/ifp.xis &base=suggestions&cipar=/var/www/suitesaber.git/bases/par/suggestions.par&prefijo=STA_&Opcion=diccionario&path_db=/var/www/suitesaber.git/bases/&syspar=/var/www/suitesaber.git/bases/par/syspar.par
**Thursday 8th of December 2016 01:49:01 PM Operador: abcd
/central/acquisitions/overview.php /var/www/suitesaber.git/htdocs/central/dataentry/wxis/ifp.xis &base=suggestions&cipar=/var/www/suitesaber.git/bases/par/suggestions.par&prefijo=STA_&Opcion=diccionario&path_db=/var/www/suitesaber.git/bases/&syspar=/var/www/suitesaber.git/bases/par/syspar.par
**Thursday 8th of December 2016 01:52:38 PM Operador: abcd
/central/acquisitions/overview.php /var/www/suitesaber.git/htdocs/central/dataentry/wxis/ifp.xis &base=suggestions&cipar=/var/www/suitesaber.git/bases/par/suggestions.par&prefijo=STA_&Opcion=diccionario&path_db=/var/www/suitesaber.git/bases/&syspar=/var/www/suitesaber.git/bases/par/syspar.par
**Thursday 8th of December 2016 01:52:48 PM Operador: abcd
/central/acquisitions/overview.php /var/www/suitesaber.git/htdocs/central/dataentry/wxis/ifp.xis &base=suggestions&cipar=/var/www/suitesaber.git/bases/par/suggestions.par&prefijo=STA_&Opcion=diccionario&path_db=/var/www/suitesaber.git/bases/&syspar=/var/www/suitesaber.git/bases/par/syspar.par
**Thursday 8th of December 2016 01:53:06 PM Operador: abcd
/central/acquisitions/suggestions_status.php /var/www/suitesaber.git/htdocs/central/dataentry/wxis/imprime.xis &base=suggestions&cipar=/var/www/suitesaber.git/bases/par/suggestions.par&Expresion=STA_0 &Formato=@/var/www/suitesaber.git/bases/suggestions/pfts/pt/ti.pft,/&Opcion=buscar&path_db=/var/www/suitesaber.git/bases/&syspar=/var/www/suitesaber.git/bases/par/syspar.par
**Thursday 8th of December 2016 01:53:08 PM Operador: abcd
/central/acquisitions/bidding.php /var/www/suitesaber.git/htdocs/central/dataentry/wxis/imprime.xis &base=suggestions&cipar=/var/www/suitesaber.git/bases/par/suggestions.par&Expresion=(STA_1 or STA_3)&Formato=@/var/www/suitesaber.git/bases/suggestions/pfts/pt/da_bidding.pft,/&Opcion=buscar&path_db=/var/www/suitesaber.git/bases/&syspar=/var/www/suitesaber.git/bases/par/syspar.par
**Thursday 8th of December 2016 01:53:09 PM Operador: abcd
/central/acquisitions/decision.php /var/www/suitesaber.git/htdocs/central/dataentry/wxis/imprime.xis &base=suggestions&cipar=/var/www/suitesaber.git/bases/par/suggestions.par&Expresion=(STA_1 or STA_3 or STA_4)&Formato=@/var/www/suitesaber.git/bases/suggestions/pfts/pt/da_decision.pft,/&Opcion=buscar&path_db=/var/www/suitesaber.git/bases/&syspar=/var/www/suitesaber.git/bases/par/syspar.par
**Thursday 8th of December 2016 02:02:51 PM Operador: abcd
/central/acquisitions/suggestions_status.php /var/www/suitesaber.git/htdocs/central/dataentry/wxis/imprime.xis &base=suggestions&cipar=/var/www/suitesaber.git/bases/par/suggestions.par&Expresion=STA_0 &Formato=@/var/www/suitesaber.git/bases/suggestions/pfts/pt/ti.pft,/&Opcion=buscar&path_db=/var/www/suitesaber.git/bases/&syspar=/var/www/suitesaber.git/bases/par/syspar.par
**Thursday 8th of December 2016 02:02:52 PM Operador: abcd
/central/acquisitions/bidding.php /var/www/suitesaber.git/htdocs/central/dataentry/wxis/imprime.xis &base=suggestions&cipar=/var/www/suitesaber.git/bases/par/suggestions.par&Expresion=(STA_1 or STA_3)&Formato=@/var/www/suitesaber.git/bases/suggestions/pfts/pt/da_bidding.pft,/&Opcion=buscar&path_db=/var/www/suitesaber.git/bases/&syspar=/var/www/suitesaber.git/bases/par/syspar.par
**Thursday 8th of December 2016 02:02:53 PM Operador: abcd
/central/acquisitions/decision.php /var/www/suitesaber.git/htdocs/central/dataentry/wxis/imprime.xis &base=suggestions&cipar=/var/www/suitesaber.git/bases/par/suggestions.par&Expresion=(STA_1 or STA_3 or STA_4)&Formato=@/var/www/suitesaber.git/bases/suggestions/pfts/pt/da_decision.pft,/&Opcion=buscar&path_db=/var/www/suitesaber.git/bases/&syspar=/var/www/suitesaber.git/bases/par/syspar.par
**Thursday 8th of December 2016 02:02:57 PM Operador: abcd
/central/dataentry/browse.php /var/www/suitesaber.git/htdocs/central/dataentry/wxis/leer_mfnrange.xis &base=users&cipar=/var/www/suitesaber.git/bases/par/users.par&from=1&to=10&Formato=/var/www/suitesaber.git/bases/users/pfts/pt/tbusers&Opcion=buscar&path_db=/var/www/suitesaber.git/bases/&syspar=/var/www/suitesaber.git/bases/par/syspar.par
**Thursday 8th of December 2016 02:02:58 PM Operador: abcd
/central/dataentry/browse.php /var/www/suitesaber.git/htdocs/central/dataentry/wxis/leer_mfnrange.xis &base=trans&cipar=/var/www/suitesaber.git/bases/par/trans.par&from=1&to=10&Formato=/var/www/suitesaber.git/bases/trans/pfts/pt/tbtrans&Opcion=buscar&path_db=/var/www/suitesaber.git/bases/&syspar=/var/www/suitesaber.git/bases/par/syspar.par
**Thursday 8th of December 2016 02:02:59 PM Operador: abcd
/central/dataentry/browse.php /var/www/suitesaber.git/htdocs/central/dataentry/wxis/leer_mfnrange.xis &base=suspml&cipar=/var/www/suitesaber.git/bases/par/suspml.par&from=1&to=10&Formato=/var/www/suitesaber.git/bases/suspml/pfts/pt/tbsuspml&Opcion=buscar&path_db=/var/www/suitesaber.git/bases/&syspar=/var/www/suitesaber.git/bases/par/syspar.par
**Thursday 8th of December 2016 02:02:59 PM Operador: abcd
/central/dataentry/browse.php /var/www/suitesaber.git/htdocs/central/dataentry/wxis/leer_mfnrange.xis &base=reserve&cipar=/var/www/suitesaber.git/bases/par/reserve.par&from=1&to=10&Formato=/var/www/suitesaber.git/bases/reserve/pfts/pt/tbreserve&Opcion=buscar&path_db=/var/www/suitesaber.git/bases/&syspar=/var/www/suitesaber.git/bases/par/syspar.par
**Thursday 8th of December 2016 02:03:02 PM Operador: abcd
/central/dataentry/browse.php /var/www/suitesaber.git/htdocs/central/dataentry/wxis/leer_mfnrange.xis &base=users&cipar=/var/www/suitesaber.git/bases/par/users.par&from=1&to=10&Formato=/var/www/suitesaber.git/bases/users/pfts/pt/tbusers&Opcion=buscar&path_db=/var/www/suitesaber.git/bases/&syspar=/var/www/suitesaber.git/bases/par/syspar.par
**Thursday 8th of December 2016 02:03:41 PM Operador: abcd
/central/dataentry/browse.php /var/www/suitesaber.git/htdocs/central/dataentry/wxis/leer_mfnrange.xis &base=users&cipar=/var/www/suitesaber.git/bases/par/users.par&from=1&to=10&Formato=/var/www/suitesaber.git/bases/users/pfts/pt/tbusers&Opcion=buscar&path_db=/var/www/suitesaber.git/bases/&syspar=/var/www/suitesaber.git/bases/par/syspar.par
**Thursday 8th of December 2016 02:05:02 PM Operador: abcd
/central/dataentry/browse.php /var/www/suitesaber.git/htdocs/central/dataentry/wxis/leer_mfnrange.xis &base=users&cipar=/var/www/suitesaber.git/bases/par/users.par&from=1&to=10&Formato=/var/www/suitesaber.git/bases/users/pfts/pt/tbusers&Opcion=buscar&path_db=/var/www/suitesaber.git/bases/&syspar=/var/www/suitesaber.git/bases/par/syspar.par
**Thursday 8th of December 2016 02:05:54 PM Operador: abcd
/central/dataentry/browse.php /var/www/suitesaber.git/htdocs/central/dataentry/wxis/leer_mfnrange.xis &base=users&cipar=/var/www/suitesaber.git/bases/par/users.par&from=1&to=10&Formato=/var/www/suitesaber.git/bases/users/pfts/pt/tbusers&Opcion=buscar&path_db=/var/www/suitesaber.git/bases/&syspar=/var/www/suitesaber.git/bases/par/syspar.par
**Thursday 8th of December 2016 02:06:35 PM Operador: abcd
/central/dataentry/browse.php /var/www/suitesaber.git/htdocs/central/dataentry/wxis/leer_mfnrange.xis &base=users&cipar=/var/www/suitesaber.git/bases/par/users.par&from=1&to=10&Formato=/var/www/suitesaber.git/bases/users/pfts/pt/tbusers&Opcion=buscar&path_db=/var/www/suitesaber.git/bases/&syspar=/var/www/suitesaber.git/bases/par/syspar.par
**Thursday 8th of December 2016 02:06:40 PM Operador: abcd
/central/dataentry/browse.php /var/www/suitesaber.git/htdocs/central/dataentry/wxis/leer_mfnrange.xis &base=copies&cipar=/var/www/suitesaber.git/bases/par/copies.par&from=1&to=10&Formato=/var/www/suitesaber.git/bases/copies/pfts/pt/tbcopies&Opcion=buscar&path_db=/var/www/suitesaber.git/bases/&syspar=/var/www/suitesaber.git/bases/par/syspar.par
**Thursday 8th of December 2016 02:11:33 PM Operador: abcd
/central/dataentry/browse.php /var/www/suitesaber.git/htdocs/central/dataentry/wxis/leer_mfnrange.xis &base=users&cipar=/var/www/suitesaber.git/bases/par/users.par&from=1&to=10&Formato=/var/www/suitesaber.git/bases/users/pfts/pt/tbusers&Opcion=buscar&path_db=/var/www/suitesaber.git/bases/&syspar=/var/www/suitesaber.git/bases/par/syspar.par
**Thursday 8th of December 2016 02:33:32 PM Operador: abcd
/central/dataentry/browse.php /var/www/suitesaber.git/htdocs/central/dataentry/wxis/leer_mfnrange.xis &base=users&cipar=/var/www/suitesaber.git/bases/par/users.par&from=1&to=10&Formato=/var/www/suitesaber.git/bases/users/pfts/pt/tbusers&Opcion=buscar&path_db=/var/www/suitesaber.git/bases/&syspar=/var/www/suitesaber.git/bases/par/syspar.par
**Thursday 8th of December 2016 02:34:45 PM Operador: abcd
/central/dataentry/browse.php /var/www/suitesaber.git/htdocs/central/dataentry/wxis/leer_mfnrange.xis &base=users&cipar=/var/www/suitesaber.git/bases/par/users.par&from=1&to=10&Formato=/var/www/suitesaber.git/bases/users/pfts/pt/tbusers&Opcion=buscar&path_db=/var/www/suitesaber.git/bases/&syspar=/var/www/suitesaber.git/bases/par/syspar.par
**Thursday 8th of December 2016 02:34:55 PM Operador: abcd
/central/dataentry/browse.php /var/www/suitesaber.git/htdocs/central/dataentry/wxis/leer_mfnrange.xis &base=users&cipar=/var/www/suitesaber.git/bases/par/users.par&from=1&to=10&Formato=/var/www/suitesaber.git/bases/users/pfts/pt/tbusers&Opcion=buscar&path_db=/var/www/suitesaber.git/bases/&syspar=/var/www/suitesaber.git/bases/par/syspar.par
**Thursday 8th of December 2016 02:34:57 PM Operador: abcd
/central/dataentry/browse.php /var/www/suitesaber.git/htdocs/central/dataentry/wxis/leer_mfnrange.xis &base=trans&cipar=/var/www/suitesaber.git/bases/par/trans.par&from=1&to=10&Formato=/var/www/suitesaber.git/bases/trans/pfts/pt/tbtrans&Opcion=buscar&path_db=/var/www/suitesaber.git/bases/&syspar=/var/www/suitesaber.git/bases/par/syspar.par
**Thursday 8th of December 2016 02:34:58 PM Operador: abcd
/central/dataentry/browse.php /var/www/suitesaber.git/htdocs/central/dataentry/wxis/leer_mfnrange.xis &base=suspml&cipar=/var/www/suitesaber.git/bases/par/suspml.par&from=1&to=10&Formato=/var/www/suitesaber.git/bases/suspml/pfts/pt/tbsuspml&Opcion=buscar&path_db=/var/www/suitesaber.git/bases/&syspar=/var/www/suitesaber.git/bases/par/syspar.par
**Thursday 8th of December 2016 02:35:00 PM Operador: abcd
/central/dataentry/browse.php /var/www/suitesaber.git/htdocs/central/dataentry/wxis/leer_mfnrange.xis &base=reserve&cipar=/var/www/suitesaber.git/bases/par/reserve.par&from=1&to=10&Formato=/var/www/suitesaber.git/bases/reserve/pfts/pt/tbreserve&Opcion=buscar&path_db=/var/www/suitesaber.git/bases/&syspar=/var/www/suitesaber.git/bases/par/syspar.par
**Thursday 8th of December 2016 02:35:01 PM Operador: abcd
/central/dataentry/browse.php /var/www/suitesaber.git/htdocs/central/dataentry/wxis/leer_mfnrange.xis &base=users&cipar=/var/www/suitesaber.git/bases/par/users.par&from=1&to=10&Formato=/var/www/suitesaber.git/bases/users/pfts/pt/tbusers&Opcion=buscar&path_db=/var/www/suitesaber.git/bases/&syspar=/var/www/suitesaber.git/bases/par/syspar.par
**Thursday 8th of December 2016 02:35:10 PM Operador: abcd
/central/dataentry/browse.php /var/www/suitesaber.git/htdocs/central/dataentry/wxis/leer_mfnrange.xis &base=users&cipar=/var/www/suitesaber.git/bases/par/users.par&from=1&to=10&Formato=/var/www/suitesaber.git/bases/users/pfts/pt/tbusers&Opcion=buscar&path_db=/var/www/suitesaber.git/bases/&syspar=/var/www/suitesaber.git/bases/par/syspar.par
**Thursday 8th of December 2016 02:37:15 PM Operador: abcd
/central/dataentry/browse.php /var/www/suitesaber.git/htdocs/central/dataentry/wxis/leer_mfnrange.xis &base=users&cipar=/var/www/suitesaber.git/bases/par/users.par&from=1&to=10&Formato=/var/www/suitesaber.git/bases/users/pfts/pt/tbusers&Opcion=buscar&path_db=/var/www/suitesaber.git/bases/&syspar=/var/www/suitesaber.git/bases/par/syspar.par
**Thursday 8th of December 2016 02:37:25 PM Operador: abcd
/central/dataentry/browse.php /var/www/suitesaber.git/htdocs/central/dataentry/wxis/leer_mfnrange.xis &base=users&cipar=/var/www/suitesaber.git/bases/par/users.par&from=1&to=10&Formato=/var/www/suitesaber.git/bases/users/pfts/pt/tbusers&Opcion=buscar&path_db=/var/www/suitesaber.git/bases/&syspar=/var/www/suitesaber.git/bases/par/syspar.par
**Thursday 8th of December 2016 02:37:40 PM Operador: abcd
/central/dataentry/browse.php /var/www/suitesaber.git/htdocs/central/dataentry/wxis/leer_mfnrange.xis &base=users&cipar=/var/www/suitesaber.git/bases/par/users.par&from=1&to=10&Formato=/var/www/suitesaber.git/bases/users/pfts/pt/tbusers&Opcion=buscar&path_db=/var/www/suitesaber.git/bases/&syspar=/var/www/suitesaber.git/bases/par/syspar.par
**Thursday 8th of December 2016 02:37:55 PM Operador: abcd
/central/dataentry/browse.php /var/www/suitesaber.git/htdocs/central/dataentry/wxis/leer_mfnrange.xis &base=users&cipar=/var/www/suitesaber.git/bases/par/users.par&from=1&to=10&Formato=/var/www/suitesaber.git/bases/users/pfts/pt/tbusers&Opcion=buscar&path_db=/var/www/suitesaber.git/bases/&syspar=/var/www/suitesaber.git/bases/par/syspar.par
**Thursday 8th of December 2016 02:38:22 PM Operador: abcd
/central/dataentry/browse.php /var/www/suitesaber.git/htdocs/central/dataentry/wxis/leer_mfnrange.xis &base=users&cipar=/var/www/suitesaber.git/bases/par/users.par&from=1&to=10&Formato=/var/www/suitesaber.git/bases/users/pfts/pt/tbusers&Opcion=buscar&path_db=/var/www/suitesaber.git/bases/&syspar=/var/www/suitesaber.git/bases/par/syspar.par
**Thursday 8th of December 2016 02:39:22 PM Operador: abcd
/central/dataentry/browse.php /var/www/suitesaber.git/htdocs/central/dataentry/wxis/leer_mfnrange.xis &base=users&cipar=/var/www/suitesaber.git/bases/par/users.par&from=1&to=10&Formato=/var/www/suitesaber.git/bases/users/pfts/pt/tbusers&Opcion=buscar&path_db=/var/www/suitesaber.git/bases/&syspar=/var/www/suitesaber.git/bases/par/syspar.par
**Thursday 8th of December 2016 02:39:31 PM Operador: abcd
/central/dataentry/browse.php /var/www/suitesaber.git/htdocs/central/dataentry/wxis/leer_mfnrange.xis &base=users&cipar=/var/www/suitesaber.git/bases/par/users.par&from=1&to=10&Formato=/var/www/suitesaber.git/bases/users/pfts/pt/tbusers&Opcion=buscar&path_db=/var/www/suitesaber.git/bases/&syspar=/var/www/suitesaber.git/bases/par/syspar.par
**Thursday 8th of December 2016 02:40:38 PM Operador: abcd
/central/dataentry/browse.php /var/www/suitesaber.git/htdocs/central/dataentry/wxis/leer_mfnrange.xis &base=users&cipar=/var/www/suitesaber.git/bases/par/users.par&from=1&to=10&Formato=/var/www/suitesaber.git/bases/users/pfts/pt/tbusers&Opcion=buscar&path_db=/var/www/suitesaber.git/bases/&syspar=/var/www/suitesaber.git/bases/par/syspar.par
**Thursday 8th of December 2016 02:40:44 PM Operador: abcd
/central/dataentry/browse.php /var/www/suitesaber.git/htdocs/central/dataentry/wxis/leer_mfnrange.xis &base=reserve&cipar=/var/www/suitesaber.git/bases/par/reserve.par&from=1&to=10&Formato=/var/www/suitesaber.git/bases/reserve/pfts/pt/tbreserve&Opcion=buscar&path_db=/var/www/suitesaber.git/bases/&syspar=/var/www/suitesaber.git/bases/par/syspar.par
**Thursday 8th of December 2016 02:40:55 PM Operador: abcd
/central/dataentry/browse.php /var/www/suitesaber.git/htdocs/central/dataentry/wxis/leer_mfnrange.xis &base=reserve&cipar=/var/www/suitesaber.git/bases/par/reserve.par&from=1&to=10&Formato=/var/www/suitesaber.git/bases/reserve/pfts/pt/tbreserve&Opcion=buscar&path_db=/var/www/suitesaber.git/bases/&syspar=/var/www/suitesaber.git/bases/par/syspar.par
**Thursday 8th of December 2016 03:08:05 PM Operador: abcd
/central/statistics/tables_generate.php /var/www/suitesaber.git/htdocs/central/dataentry/wxis/administrar.xis &base=users&cipar=/var/www/suitesaber.git/bases/par/users.par&Opcion=status&path_db=/var/www/suitesaber.git/bases/&syspar=/var/www/suitesaber.git/bases/par/syspar.par
**Thursday 8th of December 2016 03:08:08 PM Operador: abcd
/central/dataentry/browse.php /var/www/suitesaber.git/htdocs/central/dataentry/wxis/leer_mfnrange.xis &base=reserve&cipar=/var/www/suitesaber.git/bases/par/reserve.par&from=1&to=10&Formato=/var/www/suitesaber.git/bases/reserve/pfts/pt/tbreserve&Opcion=buscar&path_db=/var/www/suitesaber.git/bases/&syspar=/var/www/suitesaber.git/bases/par/syspar.par
