**Wednesday 10th of August 2016 02:11:07 PM Operador: abcd
/central/dataentry/inicio_main.php /var/www/suitesaber16/htdocs/central/dataentry/wxis/login.xis &base=acces&cipar=/var/www/suitesaber16/bases/par/acces.par&login=abcd&password=adm&path_db=/var/www/suitesaber16/bases/&syspar=/var/www/suitesaber16/bases/par/syspar.par
**Wednesday 10th of August 2016 02:11:07 PM Operador: abcd
/central/dataentry/inicio_base.php /var/www/suitesaber16/htdocs/central/dataentry/wxis/administrar.xis &base=marc&cipar=/var/www/suitesaber16/bases/par/marc.par&Opcion=status&path_db=/var/www/suitesaber16/bases/&syspar=/var/www/suitesaber16/bases/par/syspar.par
**Wednesday 10th of August 2016 02:11:09 PM Operador: abcd
/central/dataentry/fmt.php /var/www/suitesaber16/htdocs/central/dataentry/wxis/buscar.xis &cipar=/var/www/suitesaber16/bases/par/marc.par&Mfn=1&Opcion=ver&base=marc&Formato=/var/www/suitesaber16/bases/marc/pfts/pt/marc21&path_db=/var/www/suitesaber16/bases/&syspar=/var/www/suitesaber16/bases/par/syspar.par
**Wednesday 10th of August 2016 02:12:55 PM Operador: abcd
/central/dataentry/fmt.php /var/www/suitesaber16/htdocs/central/dataentry/wxis/unlock.xis &base=marc&cipar=/var/www/suitesaber16/bases/par/marc.par&Mfn=1&login=abcd&path_db=/var/www/suitesaber16/bases/&syspar=/var/www/suitesaber16/bases/par/syspar.par
**Wednesday 10th of August 2016 02:12:55 PM Operador: abcd
/central/dataentry/fmt.php /var/www/suitesaber16/htdocs/central/dataentry/wxis/buscar.xis &cipar=/var/www/suitesaber16/bases/par/marc.par&Mfn=1&Opcion=cancelar&base=marc&Formato=/var/www/suitesaber16/bases/marc/pfts/pt/marc21&path_db=/var/www/suitesaber16/bases/&syspar=/var/www/suitesaber16/bases/par/syspar.par
**Wednesday 10th of August 2016 02:12:59 PM Operador: abcd
/central/dataentry/fmt.php /var/www/suitesaber16/htdocs/central/dataentry/wxis/buscar.xis &cipar=/var/www/suitesaber16/bases/par/marc.par&Mfn=2&Opcion=ver&base=marc&Formato=/var/www/suitesaber16/bases/marc/pfts/pt/marc21&path_db=/var/www/suitesaber16/bases/&syspar=/var/www/suitesaber16/bases/par/syspar.par
**Wednesday 10th of August 2016 02:13:30 PM Operador: abcd
/central/dataentry/fmt.php /var/www/suitesaber16/htdocs/central/dataentry/wxis/buscar.xis &cipar=/var/www/suitesaber16/bases/par/marc.par&Mfn=3&Opcion=ver&base=marc&Formato=/var/www/suitesaber16/bases/marc/pfts/pt/marc21&path_db=/var/www/suitesaber16/bases/&syspar=/var/www/suitesaber16/bases/par/syspar.par
**Wednesday 10th of August 2016 02:13:37 PM Operador: abcd
/central/dataentry/fmt.php /var/www/suitesaber16/htdocs/central/dataentry/wxis/buscar.xis &cipar=/var/www/suitesaber16/bases/par/marc.par&Mfn=4&Opcion=ver&base=marc&Formato=/var/www/suitesaber16/bases/marc/pfts/pt/marc21&path_db=/var/www/suitesaber16/bases/&syspar=/var/www/suitesaber16/bases/par/syspar.par
**Wednesday 10th of August 2016 02:13:40 PM Operador: abcd
/central/dataentry/fmt.php /var/www/suitesaber16/htdocs/central/dataentry/wxis/buscar.xis &cipar=/var/www/suitesaber16/bases/par/marc.par&Mfn=1&Opcion=ver&base=marc&Formato=/var/www/suitesaber16/bases/marc/pfts/pt/marc21&path_db=/var/www/suitesaber16/bases/&syspar=/var/www/suitesaber16/bases/par/syspar.par
**Wednesday 10th of August 2016 02:13:44 PM Operador: abcd
/central/dataentry/fmt.php /var/www/suitesaber16/htdocs/central/dataentry/wxis/buscar.xis &cipar=/var/www/suitesaber16/bases/par/marc.par&Mfn=2&Opcion=ver&base=marc&Formato=/var/www/suitesaber16/bases/marc/pfts/pt/marc21&path_db=/var/www/suitesaber16/bases/&syspar=/var/www/suitesaber16/bases/par/syspar.par
**Wednesday 10th of August 2016 02:23:23 PM Operador: abcd
/central/dataentry/fmt.php /var/www/suitesaber16/htdocs/central/dataentry/wxis/unlock.xis &base=marc&cipar=/var/www/suitesaber16/bases/par/marc.par&Mfn=2&login=abcd&path_db=/var/www/suitesaber16/bases/&syspar=/var/www/suitesaber16/bases/par/syspar.par
**Wednesday 10th of August 2016 02:23:23 PM Operador: abcd
/central/dataentry/fmt.php /var/www/suitesaber16/htdocs/central/dataentry/wxis/buscar.xis &cipar=/var/www/suitesaber16/bases/par/marc.par&Mfn=2&Opcion=cancelar&base=marc&Formato=/var/www/suitesaber16/bases/marc/pfts/pt/marc21&path_db=/var/www/suitesaber16/bases/&syspar=/var/www/suitesaber16/bases/par/syspar.par
**Wednesday 10th of August 2016 02:23:25 PM Operador: abcd
/central/dataentry/fmt.php /var/www/suitesaber16/htdocs/central/dataentry/wxis/buscar.xis &cipar=/var/www/suitesaber16/bases/par/marc.par&Mfn=1&Opcion=ver&base=marc&Formato=/var/www/suitesaber16/bases/marc/pfts/pt/marc21&path_db=/var/www/suitesaber16/bases/&syspar=/var/www/suitesaber16/bases/par/syspar.par
