**Monday 2nd of January 2017 09:04:17 AM Operador: abcd
/central/dataentry/browse.php /var/www/suitesaber.git/htdocs/central/dataentry/wxis/leer_mfnrange.xis &base=servers&cipar=/var/www/suitesaber.git/bases/par/servers.par&from=1&to=10&Formato=/var/www/suitesaber.git/bases/servers/pfts/pt/tbservers&Opcion=buscar&path_db=/var/www/suitesaber.git/bases/&syspar=/var/www/suitesaber.git/bases/par/syspar.par
**Monday 2nd of January 2017 09:04:19 AM Operador: abcd
/central/dataentry/z3950.php /var/www/suitesaber.git/htdocs/central/dataentry/wxis/imprime.xis &base=servers&cipar=/var/www/suitesaber.git/bases/par/servers.par&from=1&Formato=v1'|'v2'|'v3'|'v4'|'v5/&Opcion=rango&path_db=/var/www/suitesaber.git/bases/&syspar=/var/www/suitesaber.git/bases/par/syspar.par
**Monday 2nd of January 2017 09:15:11 AM Operador: abcd
/central/output_circulation/rs01.php /var/www/suitesaber.git/htdocs/central/dataentry/wxis/imprime.xis &base=reserve&cipar=/var/www/suitesaber.git/bases/par/reserve.par&Expresion=(ST_0 or ST_3) and FA_20170102&Opcion=buscar&Formato=v15`$$$`V20`$$$`V10, `$$$`V30,`$$$`V40,`$$$`V1`$$$`f(mfn,1,0)`$$$`,@/var/www/suitesaber.git/bases/reserve/pfts/pt/reserve_01.pft&path_db=/var/www/suitesaber.git/bases/&syspar=/var/www/suitesaber.git/bases/par/syspar.par
**Monday 2nd of January 2017 09:31:01 AM Operador: abcd
/central/circulation/capturaclaves.php /var/www/suitesaber.git/htdocs/central/dataentry/wxis/ifp.xis &base=users&cipar=/var/www/suitesaber.git/bases/par/users.par&Opcion=autoridades&prefijo=NO_&pref=NO_&postings=1&formato_e=v30,`$$$`,if P(v20) then v20 else v35 fi&path_db=/var/www/suitesaber.git/bases/&syspar=/var/www/suitesaber.git/bases/par/syspar.par
**Monday 2nd of January 2017 09:31:10 AM Operador: abcd
/central/circulation/capturaclaves.php /var/www/suitesaber.git/htdocs/central/dataentry/wxis/ifp.xis &base=users&cipar=/var/www/suitesaber.git/bases/par/users.par&Opcion=autoridades&prefijo=NO_&pref=NO_&postings=1&formato_e=v30,`$$$`,if P(v20) then v20 else v35 fi&path_db=/var/www/suitesaber.git/bases/&syspar=/var/www/suitesaber.git/bases/par/syspar.par
**Monday 2nd of January 2017 09:31:12 AM Operador: abcd
/central/circulation/usuario_prestamos_presentar.php /var/www/suitesaber.git/htdocs/central/dataentry/wxis/cipres_usuario.xis &Expresion=CO_1&base=users&cipar=/var/www/suitesaber.git/bases//par/users.par&Formato=/var/www/suitesaber.git/bases/users/loans/pt/loans_usdisp.pft&path_db=/var/www/suitesaber.git/bases/&syspar=/var/www/suitesaber.git/bases/par/syspar.par
**Monday 2nd of January 2017 09:31:12 AM Operador: abcd
/central/circulation/usuario_prestamos_presentar.php /var/www/suitesaber.git/htdocs/central/dataentry/wxis/cipres_usuario.xis &Expresion=(TR_S_1 or TR_M_1 or TR_N_1) and ST_0&base=suspml&cipar=/var/www/suitesaber.git/bases/par/suspml.par&Pft=v1'|',v10'|',v20'|',v30'|',v40'|',v50'|',v60'|',mhl,v100'|',f(mfn,1,0),'|',v110,'|'v120/&path_db=/var/www/suitesaber.git/bases/&syspar=/var/www/suitesaber.git/bases/par/syspar.par
**Monday 2nd of January 2017 09:31:12 AM Operador: abcd
/central/circulation/usuario_prestamos_presentar.php /var/www/suitesaber.git/htdocs/central/dataentry/wxis/cipres_usuario.xis &Expresion=TRU_P_1&base=trans&cipar=/var/www/suitesaber.git/bases/par/trans.par&Pft=v40'$$$',@/var/www/suitesaber.git/bases/trans/pfts/pt/loans_display.pft&path_db=/var/www/suitesaber.git/bases/&syspar=/var/www/suitesaber.git/bases/par/syspar.par
**Monday 2nd of January 2017 09:31:12 AM Operador: abcd
/central/circulation/usuario_prestamos_presentar.php /var/www/suitesaber.git/htdocs/central/dataentry/wxis/cipres_usuario.xis &Expresion=CO_1&base=users&cipar=/var/www/suitesaber.git/bases/par/users.par&Pft=if P(v20) then v20 else v35 fi'$$'v10^*'$$'v500&path_db=/var/www/suitesaber.git/bases/&syspar=/var/www/suitesaber.git/bases/par/syspar.par
**Monday 2nd of January 2017 09:31:12 AM Operador: abcd
/central/circulation/usuario_prestamos_presentar.php /var/www/suitesaber.git/htdocs/central/dataentry/wxis/cipres_usuario.xis &base=reserve&cipar=/var/www/suitesaber.git/bases/par/reserve.par&Expresion=CU_1 and ST_3&Pft=f(mfn,1,0)'|'v40'|'v10,'|'v30'|'v130,'|',v200'|',v15'|',v20,'$|$',@/var/www/suitesaber.git/bases/reserve/pfts/pt/reserve_01.pft&path_db=/var/www/suitesaber.git/bases/&syspar=/var/www/suitesaber.git/bases/par/syspar.par
**Monday 2nd of January 2017 09:31:12 AM Operador: abcd
/central/circulation/usuario_prestamos_presentar.php /var/www/suitesaber.git/htdocs/central/dataentry/wxis/cipres_usuario.xis &base=reserve&cipar=/var/www/suitesaber.git/bases/par/reserve.par&Expresion=CU_1 and ST_0&Pft=f(mfn,1,0)'|'v40'|'v10,'|'v30'|'v130,'|',v200'|',v15'|',v20,'$|$',@/var/www/suitesaber.git/bases/reserve/pfts/pt/reserve_01.pft&path_db=/var/www/suitesaber.git/bases/&syspar=/var/www/suitesaber.git/bases/par/syspar.par
**Monday 2nd of January 2017 09:31:12 AM Operador: abcd
/central/circulation/usuario_prestamos_presentar.php /var/www/suitesaber.git/htdocs/central/dataentry/wxis/buscar_ingreso.xis &base=marc&Expresion=IN_1&Formato=/var/www/suitesaber.git/bases/marc/loans/pt/loans_display.pft&path_db=/var/www/suitesaber.git/bases/&syspar=/var/www/suitesaber.git/bases/par/syspar.par
**Monday 2nd of January 2017 09:33:00 AM Operador: abcd
/central/circulation/capturaclaves.php /var/www/suitesaber.git/htdocs/central/dataentry/wxis/ifp.xis &base=users&cipar=/var/www/suitesaber.git/bases/par/users.par&Opcion=autoridades&prefijo=NO_&pref=NO_&postings=1&formato_e=v30,`$$$`,if P(v20) then v20 else v35 fi&path_db=/var/www/suitesaber.git/bases/&syspar=/var/www/suitesaber.git/bases/par/syspar.par
**Monday 2nd of January 2017 09:33:01 AM Operador: abcd
/central/circulation/usuario_prestamos_presentar.php /var/www/suitesaber.git/htdocs/central/dataentry/wxis/cipres_usuario.xis &Expresion=CO_1&base=users&cipar=/var/www/suitesaber.git/bases//par/users.par&Formato=/var/www/suitesaber.git/bases/users/loans/pt/loans_usdisp.pft&path_db=/var/www/suitesaber.git/bases/&syspar=/var/www/suitesaber.git/bases/par/syspar.par
**Monday 2nd of January 2017 09:33:01 AM Operador: abcd
/central/circulation/usuario_prestamos_presentar.php /var/www/suitesaber.git/htdocs/central/dataentry/wxis/cipres_usuario.xis &Expresion=(TR_S_1 or TR_M_1 or TR_N_1) and ST_0&base=suspml&cipar=/var/www/suitesaber.git/bases/par/suspml.par&Pft=v1'|',v10'|',v20'|',v30'|',v40'|',v50'|',v60'|',mhl,v100'|',f(mfn,1,0),'|',v110,'|'v120/&path_db=/var/www/suitesaber.git/bases/&syspar=/var/www/suitesaber.git/bases/par/syspar.par
**Monday 2nd of January 2017 09:33:01 AM Operador: abcd
/central/circulation/usuario_prestamos_presentar.php /var/www/suitesaber.git/htdocs/central/dataentry/wxis/cipres_usuario.xis &Expresion=TRU_P_1&base=trans&cipar=/var/www/suitesaber.git/bases/par/trans.par&Pft=v40'$$$',@/var/www/suitesaber.git/bases/trans/pfts/pt/loans_display.pft&path_db=/var/www/suitesaber.git/bases/&syspar=/var/www/suitesaber.git/bases/par/syspar.par
**Monday 2nd of January 2017 09:33:01 AM Operador: abcd
/central/circulation/usuario_prestamos_presentar.php /var/www/suitesaber.git/htdocs/central/dataentry/wxis/cipres_usuario.xis &Expresion=CO_1&base=users&cipar=/var/www/suitesaber.git/bases/par/users.par&Pft=if P(v20) then v20 else v35 fi'$$'v10^*'$$'v500&path_db=/var/www/suitesaber.git/bases/&syspar=/var/www/suitesaber.git/bases/par/syspar.par
**Monday 2nd of January 2017 09:33:01 AM Operador: abcd
/central/circulation/usuario_prestamos_presentar.php /var/www/suitesaber.git/htdocs/central/dataentry/wxis/cipres_usuario.xis &base=reserve&cipar=/var/www/suitesaber.git/bases/par/reserve.par&Expresion=CU_1 and ST_3&Pft=f(mfn,1,0)'|'v40'|'v10,'|'v30'|'v130,'|',v200'|',v15'|',v20,'$|$',@/var/www/suitesaber.git/bases/reserve/pfts/pt/reserve_01.pft&path_db=/var/www/suitesaber.git/bases/&syspar=/var/www/suitesaber.git/bases/par/syspar.par
**Monday 2nd of January 2017 09:33:01 AM Operador: abcd
/central/circulation/usuario_prestamos_presentar.php /var/www/suitesaber.git/htdocs/central/dataentry/wxis/cipres_usuario.xis &base=reserve&cipar=/var/www/suitesaber.git/bases/par/reserve.par&Expresion=CU_1 and ST_0&Pft=f(mfn,1,0)'|'v40'|'v10,'|'v30'|'v130,'|',v200'|',v15'|',v20,'$|$',@/var/www/suitesaber.git/bases/reserve/pfts/pt/reserve_01.pft&path_db=/var/www/suitesaber.git/bases/&syspar=/var/www/suitesaber.git/bases/par/syspar.par
**Monday 2nd of January 2017 09:33:01 AM Operador: abcd
/central/circulation/usuario_prestamos_presentar.php /var/www/suitesaber.git/htdocs/central/dataentry/wxis/buscar_ingreso.xis &base=marc&Expresion=IN_1&Formato=/var/www/suitesaber.git/bases/marc/loans/pt/loans_display.pft&path_db=/var/www/suitesaber.git/bases/&syspar=/var/www/suitesaber.git/bases/par/syspar.par
**Monday 2nd of January 2017 09:35:25 AM Operador: abcd
/central/output_circulation/rs01.php /var/www/suitesaber.git/htdocs/central/dataentry/wxis/imprime.xis &base=reserve&cipar=/var/www/suitesaber.git/bases/par/reserve.par&Expresion=(ST_0 or ST_3) and FA_20170102&Opcion=buscar&Formato=v15`$$$`V20`$$$`V10, `$$$`V30,`$$$`V40,`$$$`V1`$$$`f(mfn,1,0)`$$$`,@/var/www/suitesaber.git/bases/reserve/pfts/pt/reserve_01.pft&path_db=/var/www/suitesaber.git/bases/&syspar=/var/www/suitesaber.git/bases/par/syspar.par
**Monday 2nd of January 2017 10:03:47 AM Operador: abcd
/central/statistics/tables_generate.php /var/www/suitesaber.git/htdocs/central/dataentry/wxis/administrar.xis &base=title&cipar=/var/www/suitesaber.git/bases/par/title.par&Opcion=status&path_db=/var/www/suitesaber.git/bases/&syspar=/var/www/suitesaber.git/bases/par/syspar.par
**Monday 2nd of January 2017 10:20:11 AM Operador: abcd
/central/output_circulation/rs01.php /var/www/suitesaber.git/htdocs/central/dataentry/wxis/imprime.xis &base=reserve&cipar=/var/www/suitesaber.git/bases/par/reserve.par&Expresion=(ST_0 or ST_3) and FA_20170102&Opcion=buscar&Formato=v15`$$$`V20`$$$`V10, `$$$`V30,`$$$`V40,`$$$`V1`$$$`f(mfn,1,0)`$$$`,@/var/www/suitesaber.git/bases/reserve/pfts/pt/reserve_01.pft&path_db=/var/www/suitesaber.git/bases/&syspar=/var/www/suitesaber.git/bases/par/syspar.par
**Monday 2nd of January 2017 10:22:53 AM Operador: abcd
/central/output_circulation/rs01.php /var/www/suitesaber.git/htdocs/central/dataentry/wxis/imprime.xis &base=reserve&cipar=/var/www/suitesaber.git/bases/par/reserve.par&Expresion=(ST_0 or ST_3) and FA_20170102&Opcion=buscar&Formato=v15`$$$`V20`$$$`V10, `$$$`V30,`$$$`V40,`$$$`V1`$$$`f(mfn,1,0)`$$$`,@/var/www/suitesaber.git/bases/reserve/pfts/pt/reserve_01.pft&path_db=/var/www/suitesaber.git/bases/&syspar=/var/www/suitesaber.git/bases/par/syspar.par
**Monday 2nd of January 2017 10:25:43 AM Operador: abcd
/central/output_circulation/rs01.php /var/www/suitesaber.git/htdocs/central/dataentry/wxis/imprime.xis &base=reserve&cipar=/var/www/suitesaber.git/bases/par/reserve.par&Expresion=(ST_1 or ST_2)&Opcion=buscar&Formato=v15`$$$`V20`$$$`V10, `$$$`V30,`$$$`V40,`$$$`V1`$$$`f(mfn,1,0)`$$$`,@/var/www/suitesaber.git/bases/reserve/pfts/pt/reserve_01.pft&path_db=/var/www/suitesaber.git/bases/&syspar=/var/www/suitesaber.git/bases/par/syspar.par
**Monday 2nd of January 2017 10:26:28 AM Operador: abcd
/central/output_circulation/rs01.php /var/www/suitesaber.git/htdocs/central/dataentry/wxis/imprime.xis &base=reserve&cipar=/var/www/suitesaber.git/bases/par/reserve.par&Expresion=(ST_0 or ST_3) and FA_20170102&Opcion=buscar&Formato=v15`$$$`V20`$$$`V10, `$$$`V30,`$$$`V40,`$$$`V1`$$$`f(mfn,1,0)`$$$`,@/var/www/suitesaber.git/bases/reserve/pfts/pt/reserve_01.pft&path_db=/var/www/suitesaber.git/bases/&syspar=/var/www/suitesaber.git/bases/par/syspar.par
**Monday 2nd of January 2017 10:30:56 AM Operador: abcd
/central/output_circulation/rs01.php /var/www/suitesaber.git/htdocs/central/dataentry/wxis/imprime.xis &base=reserve&cipar=/var/www/suitesaber.git/bases/par/reserve.par&Expresion=(ST_0 or ST_3) and FA_20170102&Opcion=buscar&Formato=v15`$$$`V20`$$$`V10, `$$$`V30,`$$$`V40,`$$$`V1`$$$`f(mfn,1,0)`$$$`,@/var/www/suitesaber.git/bases/reserve/pfts/pt/reserve_01.pft&path_db=/var/www/suitesaber.git/bases/&syspar=/var/www/suitesaber.git/bases/par/syspar.par
**Monday 2nd of January 2017 10:40:04 AM Operador: abcd
/central/circulation/capturaclaves.php /var/www/suitesaber.git/htdocs/central/dataentry/wxis/ifp.xis &base=marc&Opcion=diccionario&prefijo=IN_&pref=IN_&path_db=/var/www/suitesaber.git/bases/&syspar=/var/www/suitesaber.git/bases/par/syspar.par
**Monday 2nd of January 2017 10:40:07 AM Operador: abcd
/central/circulation/capturaclaves.php /var/www/suitesaber.git/htdocs/central/dataentry/wxis/ifp.xis &base=users&cipar=/var/www/suitesaber.git/bases/par/users.par&Opcion=autoridades&prefijo=NO_&pref=NO_&postings=1&formato_e=v30,`$$$`,if P(v20) then v20 else v35 fi&path_db=/var/www/suitesaber.git/bases/&syspar=/var/www/suitesaber.git/bases/par/syspar.par
**Monday 2nd of January 2017 10:40:11 AM Operador: abcd
/central/circulation/capturaclaves.php /var/www/suitesaber.git/htdocs/central/dataentry/wxis/ifp.xis &base=marc&Opcion=diccionario&prefijo=IN_&pref=IN_&path_db=/var/www/suitesaber.git/bases/&syspar=/var/www/suitesaber.git/bases/par/syspar.par
**Monday 2nd of January 2017 10:40:15 AM Operador: abcd
/central/circulation/capturaclaves.php /var/www/suitesaber.git/htdocs/central/dataentry/wxis/ifp.xis &base=users&cipar=/var/www/suitesaber.git/bases/par/users.par&Opcion=autoridades&prefijo=NO_&pref=NO_&postings=1&formato_e=v30,`$$$`,if P(v20) then v20 else v35 fi&path_db=/var/www/suitesaber.git/bases/&syspar=/var/www/suitesaber.git/bases/par/syspar.par
**Monday 2nd of January 2017 10:58:57 AM Operador: abcd
/central/circulation/capturaclaves.php /var/www/suitesaber.git/htdocs/central/dataentry/wxis/ifp.xis &base=marc&Opcion=diccionario&prefijo=IN_&pref=IN_&path_db=/var/www/suitesaber.git/bases/&syspar=/var/www/suitesaber.git/bases/par/syspar.par
**Monday 2nd of January 2017 10:59:00 AM Operador: abcd
/central/circulation/capturaclaves.php /var/www/suitesaber.git/htdocs/central/dataentry/wxis/ifp.xis &base=users&cipar=/var/www/suitesaber.git/bases/par/users.par&Opcion=autoridades&prefijo=NO_&pref=NO_&postings=1&formato_e=v30,`$$$`,if P(v20) then v20 else v35 fi&path_db=/var/www/suitesaber.git/bases/&syspar=/var/www/suitesaber.git/bases/par/syspar.par
**Monday 2nd of January 2017 11:02:58 AM Operador: abcd
/central/circulation/capturaclaves.php /var/www/suitesaber.git/htdocs/central/dataentry/wxis/ifp.xis &base=users&cipar=/var/www/suitesaber.git/bases/par/users.par&Opcion=autoridades&prefijo=NO_&pref=NO_&postings=1&formato_e=v30,`$$$`,if P(v20) then v20 else v35 fi&path_db=/var/www/suitesaber.git/bases/&syspar=/var/www/suitesaber.git/bases/par/syspar.par
**Monday 2nd of January 2017 11:03:00 AM Operador: abcd
/central/circulation/capturaclaves.php /var/www/suitesaber.git/htdocs/central/dataentry/wxis/ifp.xis &base=marc&Opcion=diccionario&prefijo=IN_&pref=IN_&path_db=/var/www/suitesaber.git/bases/&syspar=/var/www/suitesaber.git/bases/par/syspar.par
**Monday 2nd of January 2017 11:07:14 AM Operador: abcd
/central/circulation/capturaclaves.php /var/www/suitesaber.git/htdocs/central/dataentry/wxis/ifp.xis &base=marc&Opcion=diccionario&prefijo=IN_&pref=IN_&path_db=/var/www/suitesaber.git/bases/&syspar=/var/www/suitesaber.git/bases/par/syspar.par
**Monday 2nd of January 2017 11:07:21 AM Operador: abcd
/central/circulation/capturaclaves.php /var/www/suitesaber.git/htdocs/central/dataentry/wxis/ifp.xis &base=trans&cipar=/var/www/suitesaber.git/bases/par/trans.par&Opcion=autoridades&prefijo=TR_P_&pref=TR_P_&postings=1&formato_e=v10,`$$$`,v10&path_db=/var/www/suitesaber.git/bases/&syspar=/var/www/suitesaber.git/bases/par/syspar.par
**Monday 2nd of January 2017 11:07:27 AM Operador: abcd
/central/circulation/capturaclaves.php /var/www/suitesaber.git/htdocs/central/dataentry/wxis/ifp.xis &base=trans&cipar=/var/www/suitesaber.git/bases/par/trans.par&Opcion=diccionario&prefijo=TR_P_&pref=TR_P_&path_db=/var/www/suitesaber.git/bases/&syspar=/var/www/suitesaber.git/bases/par/syspar.par
**Monday 2nd of January 2017 11:07:39 AM Operador: abcd
/central/circulation/capturaclaves.php /var/www/suitesaber.git/htdocs/central/dataentry/wxis/ifp.xis &base=users&cipar=/var/www/suitesaber.git/bases/par/users.par&Opcion=autoridades&prefijo=NO_&pref=NO_&postings=1&formato_e=v30,`$$$`,if P(v20) then v20 else v35 fi&path_db=/var/www/suitesaber.git/bases/&syspar=/var/www/suitesaber.git/bases/par/syspar.par
**Monday 2nd of January 2017 11:07:47 AM Operador: abcd
/central/circulation/capturaclaves.php /var/www/suitesaber.git/htdocs/central/dataentry/wxis/ifp.xis &base=marc&Opcion=diccionario&prefijo=IN_&pref=IN_&path_db=/var/www/suitesaber.git/bases/&syspar=/var/www/suitesaber.git/bases/par/syspar.par
**Monday 2nd of January 2017 11:07:52 AM Operador: abcd
/central/circulation/capturaclaves.php /var/www/suitesaber.git/htdocs/central/dataentry/wxis/ifp.xis &base=marc&Opcion=diccionario&prefijo=IN_&pref=IN_&path_db=/var/www/suitesaber.git/bases/&syspar=/var/www/suitesaber.git/bases/par/syspar.par
**Monday 2nd of January 2017 11:09:06 AM Operador: abcd
/central/circulation/capturaclaves.php /var/www/suitesaber.git/htdocs/central/dataentry/wxis/ifp.xis &base=trans&cipar=/var/www/suitesaber.git/bases/par/trans.par&Opcion=autoridades&prefijo=TR_P&pref=TR_P&postings=1&formato_e=v10,`$$$`,v10&path_db=/var/www/suitesaber.git/bases/&syspar=/var/www/suitesaber.git/bases/par/syspar.par
**Monday 2nd of January 2017 11:18:03 AM Operador: abcd
/central/output_circulation/print.php /var/www/suitesaber.git/htdocs/central/dataentry/wxis/imprime.xis &base=trans&cipar=/var/www/suitesaber.git/bases/par/trans.par&Expresion=TR_P$&Opcion=buscar&Formato=v40`$$$`,@/var/www/suitesaber.git/bases/trans/pfts/pt/tbl01.pft&path_db=/var/www/suitesaber.git/bases/&syspar=/var/www/suitesaber.git/bases/par/syspar.par
**Monday 2nd of January 2017 11:18:08 AM Operador: abcd
/central/output_circulation/print.php /var/www/suitesaber.git/htdocs/central/dataentry/wxis/imprime.xis &base=trans&cipar=/var/www/suitesaber.git/bases/par/trans.par&Expresion=TR_P$&Opcion=buscar&Formato=v40`$$$`,@/var/www/suitesaber.git/bases/trans/pfts/pt/tbl01.pft&path_db=/var/www/suitesaber.git/bases/&syspar=/var/www/suitesaber.git/bases/par/syspar.par
**Monday 2nd of January 2017 11:18:10 AM Operador: abcd
/central/output_circulation/print.php /var/www/suitesaber.git/htdocs/central/dataentry/wxis/imprime.xis &base=trans&cipar=/var/www/suitesaber.git/bases/par/trans.par&Expresion=TR_P$&Opcion=buscar&Formato=v40`$$$`,@/var/www/suitesaber.git/bases/trans/pfts/pt/tbl01.pft&path_db=/var/www/suitesaber.git/bases/&syspar=/var/www/suitesaber.git/bases/par/syspar.par
**Monday 2nd of January 2017 11:18:28 AM Operador: abcd
/central/output_circulation/print.php /var/www/suitesaber.git/htdocs/central/dataentry/wxis/imprime.xis &base=trans&cipar=/var/www/suitesaber.git/bases/par/trans.par&Expresion=TR_P$&Opcion=buscar&Formato=v40`$$$`,@/var/www/suitesaber.git/bases/trans/pfts/pt/tbl01.pft&path_db=/var/www/suitesaber.git/bases/&syspar=/var/www/suitesaber.git/bases/par/syspar.par
**Monday 2nd of January 2017 11:18:40 AM Operador: abcd
/central/output_circulation/print.php /var/www/suitesaber.git/htdocs/central/dataentry/wxis/imprime.xis &base=trans&cipar=/var/www/suitesaber.git/bases/par/trans.par&Expresion=TR_P$&Opcion=buscar&Formato=@/var/www/suitesaber.git/bases/trans/pfts/pt/tbl01.pft&path_db=/var/www/suitesaber.git/bases/&syspar=/var/www/suitesaber.git/bases/par/syspar.par
**Monday 2nd of January 2017 11:18:41 AM Operador: abcd
/central/output_circulation/print.php /var/www/suitesaber.git/htdocs/central/dataentry/wxis/imprime.xis &base=trans&cipar=/var/www/suitesaber.git/bases/par/trans.par&Expresion=TR_P$&Opcion=buscar&Formato=@/var/www/suitesaber.git/bases/trans/pfts/pt/tbl01.pft&path_db=/var/www/suitesaber.git/bases/&syspar=/var/www/suitesaber.git/bases/par/syspar.par
**Monday 2nd of January 2017 02:53:18 PM Operador: abcd
/central/statistics/tables_generate.php /var/www/suitesaber.git/htdocs/central/dataentry/wxis/administrar.xis &base=title&cipar=/var/www/suitesaber.git/bases/par/title.par&Opcion=status&path_db=/var/www/suitesaber.git/bases/&syspar=/var/www/suitesaber.git/bases/par/syspar.par
